TN:
SF:src/App.tsx
FN:14,(anonymous_0)
FNF:1
FNH:0
FNDA:0,(anonymous_0)
DA:1,0
DA:2,0
DA:3,0
DA:4,0
DA:5,0
DA:6,0
DA:7,0
DA:8,0
DA:9,0
DA:10,0
DA:11,0
DA:12,0
DA:14,0
DA:15,0
DA:16,0
DA:17,0
DA:19,0
DA:20,0
DA:27,0
DA:28,0
DA:31,0
DA:46,0
LF:22
LH:0
BRDA:19,0,0,0
BRDA:27,1,0,0
BRF:2
BRH:0
end_of_record
TN:
SF:src/__tests__/e2e/plant-registration.spec.ts
FN:4,(anonymous_0)
FN:5,(anonymous_1)
FN:7,(anonymous_2)
FN:18,(anonymous_3)
FN:41,(anonymous_4)
FN:72,(anonymous_5)
FN:84,(anonymous_6)
FN:104,(anonymous_7)
FNF:8
FNH:0
FNDA:0,(anonymous_0)
FNDA:0,(anonymous_1)
FNDA:0,(anonymous_2)
FNDA:0,(anonymous_3)
FNDA:0,(anonymous_4)
FNDA:0,(anonymous_5)
FNDA:0,(anonymous_6)
FNDA:0,(anonymous_7)
DA:2,0
DA:4,0
DA:5,0
DA:7,0
DA:8,0
DA:18,0
DA:19,0
DA:38,0
DA:41,0
DA:43,0
DA:46,0
DA:49,0
DA:50,0
DA:53,0
DA:56,0
DA:61,0
DA:64,0
DA:67,0
DA:72,0
DA:74,0
DA:77,0
DA:78,0
DA:81,0
DA:84,0
DA:85,0
DA:87,0
DA:88,0
DA:91,0
DA:92,0
DA:93,0
DA:95,0
DA:97,0
DA:99,0
DA:104,0
DA:105,0
DA:106,0
DA:109,0
DA:111,0
DA:112,0
DA:114,0
LF:40
LH:0
BRF:0
BRH:0
end_of_record
TN:
SF:src/__tests__/utils/careActivityHelpers.ts
FN:4,(anonymous_0)
FN:31,(anonymous_1)
FN:58,(anonymous_2)
FN:85,(anonymous_3)
FNF:4
FNH:0
FNDA:0,(anonymous_0)
FNDA:0,(anonymous_1)
FNDA:0,(anonymous_2)
FNDA:0,(anonymous_3)
DA:4,0
DA:5,0
DA:7,0
DA:9,0
DA:11,0
DA:13,0
DA:15,0
DA:17,0
DA:19,0
DA:21,0
DA:23,0
DA:25,0
DA:27,0
DA:31,0
DA:32,0
DA:34,0
DA:36,0
DA:38,0
DA:40,0
DA:42,0
DA:44,0
DA:46,0
DA:48,0
DA:50,0
DA:52,0
DA:54,0
DA:58,0
DA:59,0
DA:61,0
DA:63,0
DA:65,0
DA:67,0
DA:69,0
DA:71,0
DA:73,0
DA:75,0
DA:77,0
DA:79,0
DA:81,0
DA:85,0
DA:86,0
DA:87,0
DA:88,0
LF:43
LH:0
BRDA:5,0,0,0
BRDA:5,0,1,0
BRDA:5,0,2,0
BRDA:5,0,3,0
BRDA:5,0,4,0
BRDA:5,0,5,0
BRDA:5,0,6,0
BRDA:5,0,7,0
BRDA:5,0,8,0
BRDA:5,0,9,0
BRDA:5,0,10,0
BRDA:32,1,0,0
BRDA:32,1,1,0
BRDA:32,1,2,0
BRDA:32,1,3,0
BRDA:32,1,4,0
BRDA:32,1,5,0
BRDA:32,1,6,0
BRDA:32,1,7,0
BRDA:32,1,8,0
BRDA:32,1,9,0
BRDA:32,1,10,0
BRDA:59,2,0,0
BRDA:59,2,1,0
BRDA:59,2,2,0
BRDA:59,2,3,0
BRDA:59,2,4,0
BRDA:59,2,5,0
BRDA:59,2,6,0
BRDA:59,2,7,0
BRDA:59,2,8,0
BRDA:59,2,9,0
BRDA:59,2,10,0
BRDA:86,3,0,0
BRDA:87,4,0,0
BRF:35
BRH:0
end_of_record
TN:
SF:src/__tests__/utils/testDataFactories.ts
FN:301,(anonymous_0)
FN:23,(anonymous_1)
FN:51,(anonymous_2)
FN:56,(anonymous_3)
FN:87,(anonymous_4)
FN:112,(anonymous_5)
FN:130,(anonymous_6)
FN:131,(anonymous_7)
FN:137,(anonymous_8)
FN:138,(anonymous_9)
FN:144,(anonymous_10)
FN:152,(anonymous_11)
FN:177,(anonymous_12)
FN:250,(anonymous_13)
FN:267,(anonymous_14)
FN:286,(anonymous_15)
FN:306,(anonymous_16)
FN:336,(anonymous_17)
FN:396,(anonymous_18)
FNF:19
FNH:0
FNDA:0,(anonymous_0)
FNDA:0,(anonymous_1)
FNDA:0,(anonymous_2)
FNDA:0,(anonymous_3)
FNDA:0,(anonymous_4)
FNDA:0,(anonymous_5)
FNDA:0,(anonymous_6)
FNDA:0,(anonymous_7)
FNDA:0,(anonymous_8)
FNDA:0,(anonymous_9)
FNDA:0,(anonymous_10)
FNDA:0,(anonymous_11)
FNDA:0,(anonymous_12)
FNDA:0,(anonymous_13)
FNDA:0,(anonymous_14)
FNDA:0,(anonymous_15)
FNDA:0,(anonymous_16)
FNDA:0,(anonymous_17)
FNDA:0,(anonymous_18)
DA:3,0
DA:12,0
DA:13,0
DA:15,0
DA:23,0
DA:24,0
DA:51,0
DA:56,0
DA:58,0
DA:87,0
DA:90,0
DA:97,0
DA:112,0
DA:114,0
DA:130,0
DA:131,0
DA:137,0
DA:138,0
DA:144,0
DA:148,0
DA:149,0
DA:150,0
DA:152,0
DA:157,0
DA:177,0
DA:179,0
DA:180,0
DA:181,0
DA:183,0
DA:207,0
DA:229,0
DA:246,0
DA:250,0
DA:253,0
DA:267,0
DA:273,0
DA:286,0
DA:289,0
DA:290,0
DA:291,0
DA:294,0
DA:301,0
DA:306,0
DA:309,0
DA:316,0
DA:336,0
DA:339,0
DA:387,0
DA:396,0
DA:399,0
DA:529,0
DA:536,0
LF:52
LH:0
BRDA:23,0,0,0
BRDA:52,1,0,0
BRDA:56,2,0,0
BRDA:56,2,1,0
BRDA:60,3,0,0
BRDA:60,3,1,0
BRDA:61,4,0,0
BRDA:61,4,1,0
BRDA:62,5,0,0
BRDA:62,5,1,0
BRDA:88,6,0,0
BRDA:113,7,0,0
BRDA:146,8,0,0
BRDA:149,9,0,0
BRDA:186,10,0,0
BRDA:186,10,1,0
BRDA:187,11,0,0
BRDA:187,11,1,0
BRDA:193,12,0,0
BRDA:193,12,1,0
BRDA:194,13,0,0
BRDA:194,13,1,0
BRDA:200,14,0,0
BRDA:200,14,1,0
BRDA:201,15,0,0
BRDA:201,15,1,0
BRDA:251,16,0,0
BRDA:269,17,0,0
BRDA:270,18,0,0
BRDA:271,19,0,0
BRDA:290,20,0,0
BRDA:307,21,0,0
BRDA:337,22,0,0
BRDA:397,23,0,0
BRF:34
BRH:0
end_of_record
TN:
SF:src/__tests__/utils/testHelpers.tsx
FN:15,(anonymous_0)
FN:33,(anonymous_1)
FN:51,(anonymous_2)
FN:63,(anonymous_3)
FN:84,(anonymous_4)
FN:91,(anonymous_5)
FN:92,(anonymous_6)
FN:93,(anonymous_7)
FN:94,(anonymous_8)
FN:95,(anonymous_9)
FNF:10
FNH:0
FNDA:0,(anonymous_0)
FNDA:0,(anonymous_1)
FNDA:0,(anonymous_2)
FNDA:0,(anonymous_3)
FNDA:0,(anonymous_4)
FNDA:0,(anonymous_5)
FNDA:0,(anonymous_6)
FNDA:0,(anonymous_7)
FNDA:0,(anonymous_8)
FNDA:0,(anonymous_9)
DA:3,0
DA:4,0
DA:5,0
DA:6,0
DA:7,0
DA:15,0
DA:31,0
DA:33,0
DA:35,0
DA:38,0
DA:39,0
DA:42,0
DA:45,0
DA:51,0
DA:52,0
DA:53,0
DA:54,0
DA:55,0
DA:56,0
DA:57,0
DA:63,0
DA:64,0
DA:67,0
DA:70,0
DA:73,0
DA:76,0
DA:78,0
DA:84,0
DA:85,0
DA:86,0
DA:90,0
DA:91,0
DA:92,0
DA:93,0
DA:94,0
DA:95,0
LF:36
LH:0
BRDA:17,0,0,0
BRDA:20,1,0,0
BRDA:21,2,0,0
BRDA:38,3,0,0
BRF:4
BRH:0
end_of_record
TN:
SF:src/__tests__/utils/testSetup.ts
FN:22,(anonymous_0)
FN:48,(anonymous_1)
FN:85,(anonymous_2)
FN:90,(anonymous_3)
FN:91,(anonymous_4)
FNF:5
FNH:0
FNDA:0,(anonymous_0)
FNDA:0,(anonymous_1)
FNDA:0,(anonymous_2)
FNDA:0,(anonymous_3)
FNDA:0,(anonymous_4)
DA:7,0
DA:8,0
DA:21,0
DA:23,0
DA:34,0
DA:40,0
DA:45,0
DA:49,0
DA:62,0
DA:75,0
DA:80,0
DA:85,0
DA:86,0
DA:90,0
DA:91,0
DA:94,0
DA:96,0
LF:17
LH:0
BRDA:91,0,0,0
BRDA:91,0,1,0
BRF:2
BRH:0
end_of_record
TN:
SF:src/components/AuthForm.tsx
FN:8,(anonymous_0)
FN:15,(anonymous_1)
FN:52,(anonymous_2)
FN:71,(anonymous_3)
FN:89,(anonymous_4)
FN:106,(anonymous_5)
FNF:6
FNH:0
FNDA:0,(anonymous_0)
FNDA:0,(anonymous_1)
FNDA:0,(anonymous_2)
FNDA:0,(anonymous_3)
FNDA:0,(anonymous_4)
FNDA:0,(anonymous_5)
DA:2,0
DA:3,0
DA:4,0
DA:5,0
DA:6,0
DA:8,0
DA:9,0
DA:10,0
DA:11,0
DA:12,0
DA:13,0
DA:15,0
DA:16,0
DA:18,0
DA:19,0
DA:20,0
DA:22,0
DA:29,0
DA:53,0
DA:72,0
DA:90,0
DA:106,0
LF:22
LH:0
BRDA:19,0,0,0
BRDA:19,0,1,0
BRDA:34,1,0,0
BRDA:34,1,1,0
BRDA:39,2,0,0
BRDA:39,2,1,0
BRDA:96,3,0,0
BRDA:96,3,1,0
BRDA:99,4,0,0
BRDA:99,4,1,0
BRDA:108,5,0,0
BRDA:108,5,1,0
BRF:12
BRH:0
end_of_record
TN:
SF:src/components/Layout.tsx
FN:9,(anonymous_0)
FNF:1
FNH:0
FNDA:0,(anonymous_0)
DA:2,0
DA:3,0
DA:9,0
DA:10,0
DA:65,0
LF:5
LH:0
BRF:0
BRH:0
end_of_record
TN:
SF:src/components/Navigation.tsx
FN:7,(anonymous_0)
FN:19,(anonymous_1)
FNF:2
FNH:0
FNDA:0,(anonymous_0)
FNDA:0,(anonymous_1)
DA:2,0
DA:3,0
DA:4,0
DA:5,0
DA:7,0
DA:8,0
DA:10,0
DA:16,0
DA:20,0
DA:46,0
LF:10
LH:0
BRDA:26,0,0,0
BRDA:26,0,1,0
BRF:2
BRH:0
end_of_record
TN:
SF:src/components/dashboard/StageAlertCard.tsx
FN:18,(anonymous_0)
FN:25,(anonymous_1)
FN:65,(anonymous_2)
FN:73,(anonymous_3)
FNF:4
FNH:0
FNDA:0,(anonymous_0)
FNDA:0,(anonymous_1)
FNDA:0,(anonymous_2)
FNDA:0,(anonymous_3)
DA:3,0
DA:4,0
DA:5,0
DA:6,0
DA:8,0
DA:9,0
DA:18,0
DA:23,0
DA:25,0
DA:26,0
DA:27,0
DA:29,0
DA:30,0
DA:32,0
DA:35,0
DA:65,0
DA:73,0
DA:84,0
LF:18
LH:0
BRDA:26,0,0,0
BRDA:29,1,0,0
BRDA:49,2,0,0
BRDA:49,2,1,0
BRF:4
BRH:0
end_of_record
TN:
SF:src/components/fertilization/FertilizationDashboardSection.tsx
FN:26,(anonymous_0)
FN:32,(anonymous_1)
FN:33,(anonymous_2)
FN:37,(anonymous_3)
FN:39,(anonymous_4)
FN:51,(anonymous_5)
FN:95,(anonymous_6)
FN:118,(anonymous_7)
FN:142,(anonymous_8)
FNF:9
FNH:0
FNDA:0,(anonymous_0)
FNDA:0,(anonymous_1)
FNDA:0,(anonymous_2)
FNDA:0,(anonymous_3)
FNDA:0,(anonymous_4)
FNDA:0,(anonymous_5)
FNDA:0,(anonymous_6)
FNDA:0,(anonymous_7)
FNDA:0,(anonymous_8)
DA:1,0
DA:2,0
DA:3,0
DA:4,0
DA:12,0
DA:14,0
DA:26,0
DA:27,0
DA:29,0
DA:30,0
DA:32,0
DA:33,0
DA:34,0
DA:35,0
DA:37,0
DA:39,0
DA:40,0
DA:41,0
DA:42,0
DA:45,0
DA:47,0
DA:51,0
DA:96,0
DA:119,0
DA:143,0
DA:166,0
LF:26
LH:0
BRDA:30,0,0,0
BRDA:62,1,0,0
BRDA:62,1,1,0
BRDA:68,2,0,0
BRDA:68,2,1,0
BRDA:74,3,0,0
BRDA:74,3,1,0
BRDA:83,4,0,0
BRDA:83,4,1,0
BRDA:86,5,0,0
BRDA:86,5,1,0
BRDA:109,6,0,0
BRDA:109,6,1,0
BRDA:132,7,0,0
BRDA:132,7,1,0
BRDA:138,8,0,0
BRDA:138,8,1,0
BRDA:153,9,0,0
BRDA:153,9,1,0
BRF:19
BRH:0
end_of_record
TN:
SF:src/components/fertilization/FertilizationTaskCard.tsx
FN:29,(anonymous_0)
FN:42,(anonymous_1)
FN:55,(anonymous_2)
FN:68,(anonymous_3)
FN:77,(anonymous_4)
FN:106,(anonymous_5)
FN:219,(anonymous_6)
FN:229,(anonymous_7)
FNF:8
FNH:0
FNDA:0,(anonymous_0)
FNDA:0,(anonymous_1)
FNDA:0,(anonymous_2)
FNDA:0,(anonymous_3)
FNDA:0,(anonymous_4)
FNDA:0,(anonymous_5)
FNDA:0,(anonymous_6)
FNDA:0,(anonymous_7)
DA:1,0
DA:3,0
DA:4,0
DA:5,0
DA:6,0
DA:16,0
DA:29,0
DA:38,0
DA:39,0
DA:40,0
DA:42,0
DA:43,0
DA:45,0
DA:47,0
DA:49,0
DA:51,0
DA:55,0
DA:56,0
DA:58,0
DA:60,0
DA:62,0
DA:64,0
DA:68,0
DA:69,0
DA:70,0
DA:71,0
DA:72,0
DA:73,0
DA:74,0
DA:77,0
DA:78,0
DA:79,0
DA:85,0
DA:86,0
DA:92,0
DA:93,0
DA:99,0
DA:106,0
DA:107,0
DA:113,0
DA:116,0
DA:118,0
DA:219,0
DA:229,0
DA:250,0
LF:45
LH:0
BRDA:34,0,0,0
BRDA:35,1,0,0
BRDA:36,2,0,0
BRDA:43,3,0,0
BRDA:43,3,1,0
BRDA:43,3,2,0
BRDA:43,3,3,0
BRDA:56,4,0,0
BRDA:56,4,1,0
BRDA:56,4,2,0
BRDA:56,4,3,0
BRDA:69,5,0,0
BRDA:70,6,0,0
BRDA:72,7,0,0
BRDA:78,8,0,0
BRDA:85,9,0,0
BRDA:92,10,0,0
BRDA:138,11,0,0
BRDA:138,11,1,0
BRDA:138,12,0,0
BRDA:138,12,1,0
BRDA:189,13,0,0
BRDA:189,13,1,0
BRDA:189,13,2,0
BRDA:207,14,0,0
BRDA:207,14,1,0
BRDA:240,15,0,0
BRDA:240,15,1,0
BRF:28
BRH:0
end_of_record
TN:
SF:src/components/layouts/EmptyState.tsx
FN:16,(anonymous_0)
FN:64,(anonymous_1)
FNF:2
FNH:0
FNDA:0,(anonymous_0)
FNDA:0,(anonymous_1)
DA:2,0
DA:3,0
DA:4,0
DA:5,0
DA:16,0
DA:24,0
DA:65,0
DA:79,0
LF:8
LH:0
BRDA:22,0,0,0
BRDA:28,1,0,0
BRDA:28,1,1,0
BRDA:58,2,0,0
BRDA:58,2,1,0
BRF:5
BRH:0
end_of_record
TN:
SF:src/components/layouts/Welcome.tsx
FN:7,(anonymous_0)
FN:81,(anonymous_1)
FN:87,(anonymous_2)
FN:108,(anonymous_3)
FNF:4
FNH:0
FNDA:0,(anonymous_0)
FNDA:0,(anonymous_1)
FNDA:0,(anonymous_2)
FNDA:0,(anonymous_3)
DA:2,0
DA:3,0
DA:4,0
DA:5,0
DA:7,0
DA:8,0
DA:10,0
DA:81,0
DA:82,0
DA:83,0
DA:87,0
DA:88,0
DA:89,0
DA:93,0
DA:94,0
DA:95,0
DA:97,0
DA:109,0
DA:237,0
LF:19
LH:0
BRDA:82,0,0,0
BRDA:88,1,0,0
BRDA:112,2,0,0
BRDA:112,2,1,0
BRDA:114,3,0,0
BRDA:114,3,1,0
BRDA:133,4,0,0
BRDA:133,4,1,0
BRDA:176,5,0,0
BRDA:176,5,1,0
BRDA:202,6,0,0
BRDA:202,6,1,0
BRF:12
BRH:0
end_of_record
TN:
SF:src/components/plant/BedLayoutVisualizer.tsx
FN:37,BedLayoutVisualizer
FN:49,(anonymous_1)
FN:75,(anonymous_2)
FN:84,(anonymous_3)
FN:96,(anonymous_4)
FN:125,(anonymous_5)
FN:140,(anonymous_6)
FN:156,(anonymous_7)
FN:158,(anonymous_8)
FN:228,(anonymous_9)
FN:240,(anonymous_10)
FN:241,(anonymous_11)
FN:242,(anonymous_12)
FN:305,(anonymous_13)
FN:319,(anonymous_14)
FN:321,(anonymous_15)
FNF:16
FNH:0
FNDA:0,BedLayoutVisualizer
FNDA:0,(anonymous_1)
FNDA:0,(anonymous_2)
FNDA:0,(anonymous_3)
FNDA:0,(anonymous_4)
FNDA:0,(anonymous_5)
FNDA:0,(anonymous_6)
FNDA:0,(anonymous_7)
FNDA:0,(anonymous_8)
FNDA:0,(anonymous_9)
FNDA:0,(anonymous_10)
FNDA:0,(anonymous_11)
FNDA:0,(anonymous_12)
FNDA:0,(anonymous_13)
FNDA:0,(anonymous_14)
FNDA:0,(anonymous_15)
DA:1,0
DA:2,0
DA:3,0
DA:4,0
DA:37,0
DA:45,0
DA:46,0
DA:49,0
DA:50,0
DA:51,0
DA:52,0
DA:54,0
DA:55,0
DA:58,0
DA:59,0
DA:60,0
DA:61,0
DA:63,0
DA:75,0
DA:76,0
DA:78,0
DA:79,0
DA:80,0
DA:81,0
DA:84,0
DA:85,0
DA:86,0
DA:87,0
DA:96,0
DA:97,0
DA:101,0
DA:104,0
DA:105,0
DA:106,0
DA:107,0
DA:109,0
DA:122,0
DA:125,0
DA:126,0
DA:128,0
DA:129,0
DA:131,0
DA:137,0
DA:140,0
DA:141,0
DA:143,0
DA:145,0
DA:147,0
DA:149,0
DA:152,0
DA:156,0
DA:157,0
DA:159,0
DA:160,0
DA:165,0
DA:168,0
DA:169,0
DA:170,0
DA:172,0
DA:229,0
DA:240,0
DA:241,0
DA:242,0
DA:306,0
DA:307,0
DA:308,0
DA:321,0
DA:322,0
DA:323,0
LF:69
LH:0
BRDA:39,0,0,0
BRDA:42,1,0,0
BRDA:50,2,0,0
BRDA:50,2,1,0
BRDA:85,3,0,0
BRDA:88,4,0,0
BRDA:88,4,1,0
BRDA:88,4,2,0
BRDA:88,4,3,0
BRDA:91,5,0,0
BRDA:91,5,1,0
BRDA:101,6,0,0
BRDA:101,6,1,0
BRDA:105,7,0,0
BRDA:105,7,1,0
BRDA:106,8,0,0
BRDA:106,8,1,0
BRDA:107,9,0,0
BRDA:116,10,0,0
BRDA:116,10,1,0
BRDA:117,11,0,0
BRDA:117,11,1,0
BRDA:126,12,0,0
BRDA:133,13,0,0
BRDA:133,13,1,0
BRDA:141,14,0,0
BRDA:141,14,1,0
BRDA:141,14,2,0
BRDA:141,14,3,0
BRDA:141,14,4,0
BRDA:141,14,5,0
BRDA:159,15,0,0
BRDA:159,15,1,0
BRDA:170,16,0,0
BRDA:170,16,1,0
BRDA:170,17,0,0
BRDA:170,17,1,0
BRDA:189,18,0,0
BRDA:189,18,1,0
BRDA:198,19,0,0
BRDA:198,19,1,0
BRDA:202,20,0,0
BRDA:202,20,1,0
BRDA:206,21,0,0
BRDA:206,21,1,0
BRDA:210,22,0,0
BRDA:210,22,1,0
BRDA:232,23,0,0
BRDA:232,23,1,0
BRDA:244,24,0,0
BRDA:244,24,1,0
BRDA:246,25,0,0
BRDA:246,25,1,0
BRDA:248,26,0,0
BRDA:248,26,1,0
BRDA:253,27,0,0
BRDA:253,27,1,0
BRDA:253,27,2,0
BRDA:258,28,0,0
BRDA:258,28,1,0
BRDA:261,29,0,0
BRDA:261,29,1,0
BRDA:269,30,0,0
BRDA:269,30,1,0
BRDA:285,31,0,0
BRDA:285,31,1,0
BRDA:290,32,0,0
BRDA:290,32,1,0
BRDA:307,33,0,0
BRDA:322,34,0,0
BRF:70
BRH:0
end_of_record
TN:
SF:src/components/plant/BedSelector.tsx
FN:29,BedSelector
FN:49,(anonymous_1)
FN:53,(anonymous_2)
FN:55,(anonymous_3)
FN:62,(anonymous_4)
FN:77,(anonymous_5)
FN:136,(anonymous_6)
FN:168,(anonymous_7)
FN:214,(anonymous_8)
FN:237,(anonymous_9)
FN:248,(anonymous_10)
FN:265,(anonymous_11)
FN:271,(anonymous_12)
FN:273,(anonymous_13)
FN:281,(anonymous_14)
FN:282,(anonymous_15)
FNF:16
FNH:0
FNDA:0,BedSelector
FNDA:0,(anonymous_1)
FNDA:0,(anonymous_2)
FNDA:0,(anonymous_3)
FNDA:0,(anonymous_4)
FNDA:0,(anonymous_5)
FNDA:0,(anonymous_6)
FNDA:0,(anonymous_7)
FNDA:0,(anonymous_8)
FNDA:0,(anonymous_9)
FNDA:0,(anonymous_10)
FNDA:0,(anonymous_11)
FNDA:0,(anonymous_12)
FNDA:0,(anonymous_13)
FNDA:0,(anonymous_14)
FNDA:0,(anonymous_15)
DA:1,0
DA:2,0
DA:3,0
DA:4,0
DA:5,0
DA:6,0
DA:7,0
DA:8,0
DA:9,0
DA:11,0
DA:29,0
DA:30,0
DA:31,0
DA:32,0
DA:33,0
DA:40,0
DA:49,0
DA:50,0
DA:53,0
DA:54,0
DA:55,0
DA:56,0
DA:58,0
DA:62,0
DA:63,0
DA:64,0
DA:65,0
DA:66,0
DA:67,0
DA:69,0
DA:70,0
DA:71,0
DA:73,0
DA:77,0
DA:78,0
DA:79,0
DA:80,0
DA:93,0
DA:94,0
DA:97,0
DA:98,0
DA:101,0
DA:102,0
DA:104,0
DA:105,0
DA:107,0
DA:111,0
DA:119,0
DA:126,0
DA:137,0
DA:138,0
DA:139,0
DA:169,0
DA:215,0
DA:238,0
DA:239,0
DA:240,0
DA:249,0
DA:250,0
DA:251,0
DA:265,0
DA:272,0
DA:273,0
DA:282,0
DA:283,0
DA:285,0
DA:286,0
LF:67
LH:0
BRDA:54,0,0,0
BRDA:54,0,1,0
BRDA:56,1,0,0
BRDA:56,1,1,0
BRDA:142,2,0,0
BRDA:142,2,1,0
BRDA:146,3,0,0
BRDA:146,3,1,0
BRDA:155,4,0,0
BRDA:155,4,1,0
BRDA:157,5,0,0
BRDA:157,5,1,0
BRDA:174,6,0,0
BRDA:174,6,1,0
BRDA:187,7,0,0
BRDA:187,7,1,0
BRDA:189,8,0,0
BRDA:189,8,1,0
BRDA:200,9,0,0
BRDA:200,9,1,0
BRDA:202,10,0,0
BRDA:202,10,1,0
BRDA:220,11,0,0
BRDA:220,11,1,0
BRDA:243,12,0,0
BRDA:243,12,1,0
BRDA:264,13,0,0
BRDA:264,13,1,0
BRDA:269,14,0,0
BRDA:269,14,1,0
BRDA:273,15,0,0
BRDA:273,15,1,0
BRDA:279,16,0,0
BRDA:279,16,1,0
BRDA:283,17,0,0
BRDA:298,18,0,0
BRDA:298,18,1,0
BRDA:304,19,0,0
BRDA:304,19,1,0
BRF:39
BRH:0
end_of_record
TN:
SF:src/components/plant/BulkActivityModal.tsx
FN:28,(anonymous_0)
FN:86,(anonymous_1)
FN:92,(anonymous_2)
FN:96,(anonymous_3)
FN:105,(anonymous_4)
FN:146,(anonymous_5)
FN:168,(anonymous_6)
FN:173,(anonymous_7)
FN:191,(anonymous_8)
FN:196,(anonymous_9)
FN:275,(anonymous_10)
FN:302,(anonymous_11)
FN:305,(anonymous_12)
FN:326,(anonymous_13)
FN:346,(anonymous_14)
FN:376,(anonymous_15)
FN:404,(anonymous_16)
FN:433,(anonymous_17)
FN:453,(anonymous_18)
FN:473,(anonymous_19)
FN:491,(anonymous_20)
FNF:21
FNH:0
FNDA:0,(anonymous_0)
FNDA:0,(anonymous_1)
FNDA:0,(anonymous_2)
FNDA:0,(anonymous_3)
FNDA:0,(anonymous_4)
FNDA:0,(anonymous_5)
FNDA:0,(anonymous_6)
FNDA:0,(anonymous_7)
FNDA:0,(anonymous_8)
FNDA:0,(anonymous_9)
FNDA:0,(anonymous_10)
FNDA:0,(anonymous_11)
FNDA:0,(anonymous_12)
FNDA:0,(anonymous_13)
FNDA:0,(anonymous_14)
FNDA:0,(anonymous_15)
FNDA:0,(anonymous_16)
FNDA:0,(anonymous_17)
FNDA:0,(anonymous_18)
FNDA:0,(anonymous_19)
FNDA:0,(anonymous_20)
DA:2,0
DA:3,0
DA:4,0
DA:5,0
DA:6,0
DA:7,0
DA:8,0
DA:9,0
DA:28,0
DA:36,0
DA:37,0
DA:38,0
DA:41,0
DA:42,0
DA:44,0
DA:47,0
DA:50,0
DA:51,0
DA:55,0
DA:56,0
DA:58,0
DA:59,0
DA:75,0
DA:86,0
DA:87,0
DA:88,0
DA:92,0
DA:93,0
DA:94,0
DA:96,0
DA:97,0
DA:98,0
DA:99,0
DA:102,0
DA:105,0
DA:107,0
DA:108,0
DA:109,0
DA:110,0
DA:113,0
DA:116,0
DA:120,0
DA:121,0
DA:124,0
DA:125,0
DA:127,0
DA:128,0
DA:129,0
DA:130,0
DA:132,0
DA:135,0
DA:138,0
DA:139,0
DA:140,0
DA:141,0
DA:142,0
DA:146,0
DA:152,0
DA:153,0
DA:156,0
DA:157,0
DA:158,0
DA:161,0
DA:162,0
DA:164,0
DA:168,0
DA:169,0
DA:172,0
DA:173,0
DA:175,0
DA:176,0
DA:179,0
DA:180,0
DA:181,0
DA:182,0
DA:183,0
DA:184,0
DA:186,0
DA:191,0
DA:192,0
DA:194,0
DA:195,0
DA:196,0
DA:198,0
DA:199,0
DA:200,0
DA:207,0
DA:212,0
DA:213,0
DA:214,0
DA:215,0
DA:216,0
DA:217,0
DA:218,0
DA:222,0
DA:229,0
DA:232,0
DA:234,0
DA:237,0
DA:239,0
DA:240,0
DA:242,0
DA:246,0
DA:248,0
DA:275,0
DA:302,0
DA:306,0
DA:326,0
DA:346,0
DA:376,0
DA:405,0
DA:433,0
DA:453,0
DA:473,0
DA:491,0
DA:518,0
LF:116
LH:0
BRDA:59,0,0,0
BRDA:59,0,1,0
BRDA:61,1,0,0
BRDA:61,1,1,0
BRDA:63,2,0,0
BRDA:63,2,1,0
BRDA:68,3,0,0
BRDA:68,3,1,0
BRDA:70,4,0,0
BRDA:70,4,1,0
BRDA:75,5,0,0
BRDA:75,5,1,0
BRDA:77,6,0,0
BRDA:77,6,1,0
BRDA:79,7,0,0
BRDA:79,7,1,0
BRDA:87,8,0,0
BRDA:87,9,0,0
BRDA:87,9,1,0
BRDA:87,9,2,0
BRDA:97,10,0,0
BRDA:107,11,0,0
BRDA:128,12,0,0
BRDA:139,13,0,0
BRDA:139,14,0,0
BRDA:139,14,1,0
BRDA:147,15,0,0
BRDA:147,15,1,0
BRDA:148,16,0,0
BRDA:148,16,1,0
BRDA:156,17,0,0
BRDA:175,18,0,0
BRDA:175,18,1,0
BRDA:179,19,0,0
BRDA:179,19,1,0
BRDA:181,20,0,0
BRDA:181,20,1,0
BRDA:183,21,0,0
BRDA:183,21,1,0
BRDA:192,22,0,0
BRDA:209,23,0,0
BRDA:209,23,1,0
BRDA:212,24,0,0
BRDA:212,24,1,0
BRDA:215,25,0,0
BRDA:217,26,0,0
BRDA:217,26,1,0
BRDA:246,27,0,0
BRDA:259,28,0,0
BRDA:259,28,1,0
BRDA:266,29,0,0
BRDA:266,29,1,0
BRDA:282,30,0,0
BRDA:282,30,1,0
BRDA:284,31,0,0
BRDA:284,31,1,0
BRDA:290,32,0,0
BRDA:290,32,1,0
BRDA:422,33,0,0
BRDA:422,33,1,0
BRDA:442,34,0,0
BRDA:442,34,1,0
BRDA:484,35,0,0
BRDA:484,35,1,0
BRDA:493,36,0,0
BRDA:493,36,1,0
BRDA:495,37,0,0
BRDA:495,37,1,0
BRDA:505,38,0,0
BRDA:505,38,1,0
BRDA:505,38,2,0
BRDA:510,39,0,0
BRDA:510,39,1,0
BRF:73
BRH:0
end_of_record
TN:
SF:src/components/plant/CareActivityItem.tsx
FN:10,(anonymous_0)
FN:13,(anonymous_1)
FN:30,(anonymous_2)
FN:65,(anonymous_3)
FN:246,(anonymous_4)
FNF:5
FNH:0
FNDA:0,(anonymous_0)
FNDA:0,(anonymous_1)
FNDA:0,(anonymous_2)
FNDA:0,(anonymous_3)
FNDA:0,(anonymous_4)
DA:2,0
DA:4,0
DA:10,0
DA:11,0
DA:13,0
DA:14,0
DA:16,0
DA:18,0
DA:20,0
DA:22,0
DA:24,0
DA:26,0
DA:30,0
DA:31,0
DA:33,0
DA:36,0
DA:37,0
DA:38,0
DA:39,0
DA:40,0
DA:42,0
DA:45,0
DA:48,0
DA:52,0
DA:55,0
DA:58,0
DA:61,0
DA:65,0
DA:66,0
DA:68,0
DA:70,0
DA:120,0
DA:151,0
DA:182,0
DA:217,0
DA:238,0
DA:242,0
DA:246,0
DA:302,0
LF:39
LH:0
BRDA:14,0,0,0
BRDA:14,0,1,0
BRDA:14,0,2,0
BRDA:14,0,3,0
BRDA:14,0,4,0
BRDA:14,0,5,0
BRDA:33,1,0,0
BRDA:33,1,1,0
BRDA:33,1,2,0
BRDA:33,1,3,0
BRDA:33,1,4,0
BRDA:33,1,5,0
BRDA:37,2,0,0
BRDA:37,2,1,0
BRDA:37,3,0,0
BRDA:37,3,1,0
BRDA:39,4,0,0
BRDA:39,5,0,0
BRDA:39,5,1,0
BRDA:45,6,0,0
BRDA:45,6,1,0
BRDA:48,7,0,0
BRDA:48,7,1,0
BRDA:52,8,0,0
BRDA:52,8,1,0
BRDA:58,9,0,0
BRDA:58,9,1,0
BRDA:68,10,0,0
BRDA:68,10,1,0
BRDA:68,10,2,0
BRDA:68,10,3,0
BRDA:68,10,4,0
BRDA:68,10,5,0
BRDA:78,11,0,0
BRDA:78,11,1,0
BRDA:78,12,0,0
BRDA:78,12,1,0
BRDA:80,13,0,0
BRDA:80,13,1,0
BRDA:80,14,0,0
BRDA:80,14,1,0
BRDA:85,15,0,0
BRDA:85,15,1,0
BRDA:94,16,0,0
BRDA:94,16,1,0
BRDA:105,17,0,0
BRDA:105,17,1,0
BRDA:111,18,0,0
BRDA:111,18,1,0
BRDA:127,19,0,0
BRDA:127,19,1,0
BRDA:133,20,0,0
BRDA:133,20,1,0
BRDA:140,21,0,0
BRDA:140,21,1,0
BRDA:158,22,0,0
BRDA:158,22,1,0
BRDA:165,23,0,0
BRDA:165,23,1,0
BRDA:167,24,0,0
BRDA:167,24,1,0
BRDA:167,24,2,0
BRDA:190,25,0,0
BRDA:190,25,1,0
BRDA:200,26,0,0
BRDA:200,26,1,0
BRDA:204,27,0,0
BRDA:204,27,1,0
BRDA:222,28,0,0
BRDA:222,28,1,0
BRDA:226,29,0,0
BRDA:226,29,1,0
BRDA:231,30,0,0
BRDA:231,30,1,0
BRDA:262,31,0,0
BRDA:262,31,1,0
BRDA:280,32,0,0
BRDA:280,32,1,0
BRDA:285,33,0,0
BRDA:285,33,1,0
BRF:80
BRH:0
end_of_record
TN:
SF:src/components/plant/CareHistory.tsx
FN:14,(anonymous_0)
FN:21,(anonymous_1)
FN:40,(anonymous_2)
FN:76,(anonymous_3)
FN:83,(anonymous_4)
FN:94,(anonymous_5)
FN:102,(anonymous_6)
FNF:7
FNH:0
FNDA:0,(anonymous_0)
FNDA:0,(anonymous_1)
FNDA:0,(anonymous_2)
FNDA:0,(anonymous_3)
FNDA:0,(anonymous_4)
FNDA:0,(anonymous_5)
FNDA:0,(anonymous_6)
DA:2,0
DA:3,0
DA:4,0
DA:6,0
DA:7,0
DA:14,0
DA:15,0
DA:17,0
DA:18,0
DA:21,0
DA:22,0
DA:23,0
DA:27,0
DA:31,0
DA:40,0
DA:41,0
DA:42,0
DA:44,0
DA:47,0
DA:77,0
DA:83,0
DA:95,0
DA:102,0
DA:116,0
LF:24
LH:0
BRDA:22,0,0,0
BRDA:27,1,0,0
BRDA:27,1,1,0
BRDA:42,2,0,0
BRDA:59,3,0,0
BRDA:59,3,1,0
BRDA:80,4,0,0
BRDA:80,4,1,0
BRDA:100,5,0,0
BRDA:100,5,1,0
BRDA:103,6,0,0
BRDA:103,6,1,0
BRF:12
BRH:0
end_of_record
TN:
SF:src/components/plant/CatchUpAssistant.tsx
FN:36,(anonymous_0)
FN:59,(anonymous_1)
FN:73,(anonymous_2)
FN:81,(anonymous_3)
FN:90,(anonymous_4)
FN:124,(anonymous_5)
FN:128,(anonymous_6)
FN:140,(anonymous_7)
FN:146,(anonymous_8)
FN:153,(anonymous_9)
FN:154,(anonymous_10)
FN:165,(anonymous_11)
FN:180,(anonymous_12)
FN:195,(anonymous_13)
FN:215,(anonymous_14)
FN:223,(anonymous_15)
FN:235,(anonymous_16)
FN:248,(anonymous_17)
FN:261,(anonymous_18)
FN:305,(anonymous_19)
FN:341,(anonymous_20)
FN:363,(anonymous_21)
FN:379,(anonymous_22)
FN:391,(anonymous_23)
FN:413,(anonymous_24)
FNF:25
FNH:0
FNDA:0,(anonymous_0)
FNDA:0,(anonymous_1)
FNDA:0,(anonymous_2)
FNDA:0,(anonymous_3)
FNDA:0,(anonymous_4)
FNDA:0,(anonymous_5)
FNDA:0,(anonymous_6)
FNDA:0,(anonymous_7)
FNDA:0,(anonymous_8)
FNDA:0,(anonymous_9)
FNDA:0,(anonymous_10)
FNDA:0,(anonymous_11)
FNDA:0,(anonymous_12)
FNDA:0,(anonymous_13)
FNDA:0,(anonymous_14)
FNDA:0,(anonymous_15)
FNDA:0,(anonymous_16)
FNDA:0,(anonymous_17)
FNDA:0,(anonymous_18)
FNDA:0,(anonymous_19)
FNDA:0,(anonymous_20)
FNDA:0,(anonymous_21)
FNDA:0,(anonymous_22)
FNDA:0,(anonymous_23)
FNDA:0,(anonymous_24)
DA:2,0
DA:3,0
DA:4,0
DA:5,0
DA:6,0
DA:7,0
DA:11,0
DA:12,0
DA:13,0
DA:14,0
DA:15,0
DA:16,0
DA:17,0
DA:18,0
DA:36,0
DA:43,0
DA:44,0
DA:47,0
DA:48,0
DA:49,0
DA:52,0
DA:53,0
DA:55,0
DA:56,0
DA:57,0
DA:59,0
DA:60,0
DA:61,0
DA:62,0
DA:63,0
DA:64,0
DA:67,0
DA:68,0
DA:69,0
DA:70,0
DA:71,0
DA:72,0
DA:73,0
DA:74,0
DA:79,0
DA:80,0
DA:81,0
DA:82,0
DA:84,0
DA:90,0
DA:95,0
DA:96,0
DA:97,0
DA:104,0
DA:105,0
DA:108,0
DA:109,0
DA:110,0
DA:114,0
DA:116,0
DA:117,0
DA:119,0
DA:120,0
DA:124,0
DA:125,0
DA:128,0
DA:129,0
DA:130,0
DA:140,0
DA:144,0
DA:146,0
DA:147,0
DA:148,0
DA:150,0
DA:153,0
DA:154,0
DA:155,0
DA:165,0
DA:166,0
DA:167,0
DA:169,0
DA:173,0
DA:174,0
DA:176,0
DA:180,0
DA:181,0
DA:182,0
DA:184,0
DA:188,0
DA:189,0
DA:191,0
DA:195,0
DA:196,0
DA:197,0
DA:198,0
DA:199,0
DA:200,0
DA:201,0
DA:202,0
DA:203,0
DA:204,0
DA:205,0
DA:207,0
DA:208,0
DA:210,0
DA:211,0
DA:215,0
DA:216,0
DA:218,0
DA:220,0
DA:223,0
DA:232,0
DA:235,0
DA:244,0
DA:248,0
DA:257,0
DA:261,0
DA:262,0
DA:263,0
DA:264,0
DA:268,0
DA:269,0
DA:284,0
DA:285,0
DA:300,0
DA:301,0
DA:304,0
DA:305,0
DA:309,0
DA:310,0
DA:313,0
DA:315,0
DA:342,0
DA:365,0
DA:379,0
DA:391,0
DA:400,0
DA:414,0
LF:133
LH:0
BRDA:39,0,0,0
BRDA:61,1,0,0
BRDA:61,2,0,0
BRDA:61,2,1,0
BRDA:71,3,0,0
BRDA:71,3,1,0
BRDA:71,4,0,0
BRDA:71,4,1,0
BRDA:79,5,0,0
BRDA:79,5,1,0
BRDA:79,6,0,0
BRDA:79,6,1,0
BRDA:82,7,0,0
BRDA:92,8,0,0
BRDA:92,8,1,0
BRDA:95,9,0,0
BRDA:95,10,0,0
BRDA:95,10,1,0
BRDA:108,11,0,0
BRDA:109,12,0,0
BRDA:109,12,1,0
BRDA:129,13,0,0
BRDA:129,14,0,0
BRDA:129,14,1,0
BRDA:129,14,2,0
BRDA:147,15,0,0
BRDA:157,16,0,0
BRDA:157,16,1,0
BRDA:157,16,2,0
BRDA:218,17,0,0
BRDA:218,17,1,0
BRDA:218,17,2,0
BRDA:218,17,3,0
BRDA:228,18,0,0
BRDA:228,18,1,0
BRDA:240,19,0,0
BRDA:240,19,1,0
BRDA:253,20,0,0
BRDA:253,20,1,0
BRDA:262,21,0,0
BRDA:263,22,0,0
BRDA:268,23,0,0
BRDA:268,24,0,0
BRDA:268,24,1,0
BRDA:284,25,0,0
BRDA:300,26,0,0
BRDA:309,27,0,0
BRDA:310,28,0,0
BRDA:310,28,1,0
BRDA:313,29,0,0
BRDA:313,29,1,0
BRDA:331,30,0,0
BRDA:331,30,1,0
BRDA:336,31,0,0
BRDA:336,31,1,0
BRDA:354,32,0,0
BRDA:354,32,1,0
BRDA:374,33,0,0
BRDA:374,33,1,0
BRDA:374,33,2,0
BRDA:409,34,0,0
BRDA:409,34,1,0
BRDA:439,35,0,0
BRDA:439,35,1,0
BRDA:454,36,0,0
BRDA:454,36,1,0
BRF:66
BRH:0
end_of_record
TN:
SF:src/components/plant/CustomVarietyForm.tsx
FN:41,CustomVarietyForm
FN:64,onSubmit
FN:279,(anonymous_2)
FNF:3
FNH:0
FNDA:0,CustomVarietyForm
FNDA:0,onSubmit
FNDA:0,(anonymous_2)
DA:2,0
DA:3,0
DA:4,0
DA:5,0
DA:6,0
DA:7,0
DA:8,0
DA:9,0
DA:11,0
DA:41,0
DA:45,0
DA:47,0
DA:54,0
DA:65,0
DA:66,0
DA:68,0
DA:69,0
DA:76,0
DA:82,0
DA:97,0
DA:108,0
DA:109,0
DA:110,0
DA:112,0
DA:113,0
DA:115,0
DA:119,0
DA:280,0
LF:28
LH:0
BRDA:69,0,0,0
BRDA:70,1,0,0
BRDA:70,1,1,0
BRDA:70,1,2,0
BRDA:70,1,3,0
BRDA:70,1,4,0
BRDA:139,2,0,0
BRDA:139,2,1,0
BRDA:283,3,0,0
BRDA:283,3,1,0
BRDA:288,4,0,0
BRDA:288,4,1,0
BRDA:296,5,0,0
BRDA:296,5,1,0
BRDA:392,6,0,0
BRDA:392,6,1,0
BRDA:394,7,0,0
BRDA:394,7,1,0
BRF:18
BRH:0
end_of_record
TN:
SF:src/components/plant/EnhancedSectionSelector.tsx
FN:27,EnhancedSectionSelector
FN:39,(anonymous_1)
FN:47,(anonymous_2)
FN:53,(anonymous_3)
FN:64,(anonymous_4)
FN:71,(anonymous_5)
FN:87,(anonymous_6)
FN:97,(anonymous_7)
FN:107,(anonymous_8)
FN:118,(anonymous_9)
FN:135,(anonymous_10)
FN:152,(anonymous_11)
FN:172,(anonymous_12)
FN:186,(anonymous_13)
FN:205,(anonymous_14)
FNF:15
FNH:0
FNDA:0,EnhancedSectionSelector
FNDA:0,(anonymous_1)
FNDA:0,(anonymous_2)
FNDA:0,(anonymous_3)
FNDA:0,(anonymous_4)
FNDA:0,(anonymous_5)
FNDA:0,(anonymous_6)
FNDA:0,(anonymous_7)
FNDA:0,(anonymous_8)
FNDA:0,(anonymous_9)
FNDA:0,(anonymous_10)
FNDA:0,(anonymous_11)
FNDA:0,(anonymous_12)
FNDA:0,(anonymous_13)
FNDA:0,(anonymous_14)
DA:1,0
DA:2,0
DA:3,0
DA:6,0
DA:7,0
DA:27,0
DA:37,0
DA:39,0
DA:41,0
DA:47,0
DA:48,0
DA:49,0
DA:53,0
DA:54,0
DA:56,0
DA:60,0
DA:64,0
DA:65,0
DA:66,0
DA:67,0
DA:71,0
DA:72,0
DA:73,0
DA:74,0
DA:77,0
DA:84,0
DA:87,0
DA:88,0
DA:90,0
DA:94,0
DA:97,0
DA:98,0
DA:100,0
DA:104,0
DA:107,0
DA:108,0
DA:110,0
DA:114,0
DA:118,0
DA:119,0
DA:121,0
DA:123,0
DA:125,0
DA:127,0
DA:129,0
DA:131,0
DA:135,0
DA:136,0
DA:138,0
DA:140,0
DA:142,0
DA:144,0
DA:146,0
DA:148,0
DA:152,0
DA:153,0
DA:154,0
DA:156,0
DA:159,0
DA:172,0
DA:186,0
DA:205,0
LF:62
LH:0
BRDA:41,0,0,0
BRDA:41,0,1,0
BRDA:41,0,2,0
BRDA:41,0,3,0
BRDA:41,0,4,0
BRDA:48,1,0,0
BRDA:48,2,0,0
BRDA:48,2,1,0
BRDA:54,3,0,0
BRDA:66,4,0,0
BRDA:72,5,0,0
BRDA:72,6,0,0
BRDA:72,6,1,0
BRDA:88,7,0,0
BRDA:98,8,0,0
BRDA:108,9,0,0
BRDA:119,10,0,0
BRDA:121,11,0,0
BRDA:121,11,1,0
BRDA:121,11,2,0
BRDA:121,11,3,0
BRDA:121,11,4,0
BRDA:136,12,0,0
BRDA:138,13,0,0
BRDA:138,13,1,0
BRDA:138,13,2,0
BRDA:138,13,3,0
BRDA:138,13,4,0
BRDA:153,14,0,0
BRDA:179,15,0,0
BRDA:179,15,1,0
BRDA:197,16,0,0
BRDA:197,16,1,0
BRDA:204,17,0,0
BRDA:204,17,1,0
BRDA:215,18,0,0
BRDA:215,18,1,0
BRDA:229,19,0,0
BRDA:229,19,1,0
BRDA:232,20,0,0
BRDA:232,20,1,0
BRF:41
BRH:0
end_of_record
TN:
SF:src/components/plant/NextActivityCard.tsx
FN:14,(anonymous_0)
FN:23,(anonymous_1)
FN:60,(anonymous_2)
FN:71,(anonymous_3)
FNF:4
FNH:0
FNDA:0,(anonymous_0)
FNDA:0,(anonymous_1)
FNDA:0,(anonymous_2)
FNDA:0,(anonymous_3)
DA:1,0
DA:2,0
DA:3,0
DA:4,0
DA:5,0
DA:6,0
DA:14,0
DA:19,0
DA:23,0
DA:26,0
DA:28,0
DA:34,0
DA:40,0
DA:46,0
DA:52,0
DA:60,0
DA:61,0
DA:62,0
DA:63,0
DA:64,0
DA:65,0
DA:66,0
DA:67,0
DA:68,0
DA:71,0
DA:72,0
DA:73,0
DA:74,0
DA:78,0
DA:79,0
DA:100,0
DA:101,0
DA:128,0
DA:130,0
DA:180,0
LF:35
LH:0
BRDA:17,0,0,0
BRDA:26,1,0,0
BRDA:26,1,1,0
BRDA:26,1,2,0
BRDA:26,1,3,0
BRDA:26,1,4,0
BRDA:62,2,0,0
BRDA:62,3,0,0
BRDA:62,3,1,0
BRDA:63,4,0,0
BRDA:64,5,0,0
BRDA:64,6,0,0
BRDA:64,6,1,0
BRDA:66,7,0,0
BRDA:67,8,0,0
BRDA:72,9,0,0
BRDA:72,10,0,0
BRDA:72,10,1,0
BRDA:78,11,0,0
BRDA:100,12,0,0
BRDA:164,13,0,0
BRDA:164,13,1,0
BRF:22
BRH:0
end_of_record
TN:
SF:src/components/plant/PlantGroupCard.tsx
FN:22,(anonymous_0)
FN:32,(anonymous_1)
FN:33,(anonymous_2)
FN:38,(anonymous_3)
FN:39,(anonymous_4)
FN:44,(anonymous_5)
FN:48,(anonymous_6)
FN:52,(anonymous_7)
FN:57,(anonymous_8)
FN:83,(anonymous_9)
FN:97,(anonymous_10)
FN:166,(anonymous_11)
FN:204,(anonymous_12)
FN:218,(anonymous_13)
FN:228,(anonymous_14)
FN:238,(anonymous_15)
FN:248,(anonymous_16)
FNF:17
FNH:0
FNDA:0,(anonymous_0)
FNDA:0,(anonymous_1)
FNDA:0,(anonymous_2)
FNDA:0,(anonymous_3)
FNDA:0,(anonymous_4)
FNDA:0,(anonymous_5)
FNDA:0,(anonymous_6)
FNDA:0,(anonymous_7)
FNDA:0,(anonymous_8)
FNDA:0,(anonymous_9)
FNDA:0,(anonymous_10)
FNDA:0,(anonymous_11)
FNDA:0,(anonymous_12)
FNDA:0,(anonymous_13)
FNDA:0,(anonymous_14)
FNDA:0,(anonymous_15)
FNDA:0,(anonymous_16)
DA:3,0
DA:4,0
DA:6,0
DA:7,0
DA:8,0
DA:9,0
DA:10,0
DA:11,0
DA:22,0
DA:23,0
DA:24,0
DA:25,0
DA:26,0
DA:28,0
DA:29,0
DA:30,0
DA:32,0
DA:33,0
DA:34,0
DA:38,0
DA:39,0
DA:40,0
DA:44,0
DA:45,0
DA:48,0
DA:52,0
DA:53,0
DA:54,0
DA:57,0
DA:60,0
DA:61,0
DA:63,0
DA:65,0
DA:68,0
DA:84,0
DA:85,0
DA:98,0
DA:99,0
DA:167,0
DA:168,0
DA:205,0
DA:206,0
DA:219,0
DA:220,0
DA:229,0
DA:230,0
DA:239,0
DA:240,0
DA:249,0
DA:250,0
DA:266,0
LF:51
LH:0
BRDA:34,0,0,0
BRDA:34,0,1,0
BRDA:40,1,0,0
BRDA:40,1,1,0
BRDA:60,2,0,0
BRDA:60,2,1,0
BRDA:78,3,0,0
BRDA:78,3,1,0
BRDA:126,4,0,0
BRDA:126,4,1,0
BRDA:136,5,0,0
BRDA:136,5,1,0
BRDA:136,5,2,0
BRDA:140,6,0,0
BRDA:140,6,1,0
BRDA:155,7,0,0
BRDA:155,7,1,0
BRDA:172,8,0,0
BRDA:172,8,1,0
BRDA:174,9,0,0
BRDA:174,9,1,0
BRDA:180,10,0,0
BRDA:180,10,1,0
BRDA:190,11,0,0
BRDA:190,11,1,0
BRDA:210,12,0,0
BRDA:210,12,1,0
BRDA:214,13,0,0
BRDA:214,13,1,0
BRF:29
BRH:0
end_of_record
TN:
SF:src/components/plant/PlantInfoCard.tsx
FN:29,(anonymous_0)
FN:59,(anonymous_1)
FN:72,(anonymous_2)
FN:73,(anonymous_3)
FN:91,(anonymous_4)
FN:106,(anonymous_5)
FN:174,(anonymous_6)
FN:179,(anonymous_7)
FN:187,(anonymous_8)
FN:218,(anonymous_9)
FNF:10
FNH:0
FNDA:0,(anonymous_0)
FNDA:0,(anonymous_1)
FNDA:0,(anonymous_2)
FNDA:0,(anonymous_3)
FNDA:0,(anonymous_4)
FNDA:0,(anonymous_5)
FNDA:0,(anonymous_6)
FNDA:0,(anonymous_7)
FNDA:0,(anonymous_8)
FNDA:0,(anonymous_9)
DA:1,0
DA:2,0
DA:3,0
DA:4,0
DA:6,0
DA:7,0
DA:8,0
DA:9,0
DA:10,0
DA:12,0
DA:13,0
DA:29,0
DA:33,0
DA:36,0
DA:39,0
DA:48,0
DA:49,0
DA:50,0
DA:51,0
DA:56,0
DA:59,0
DA:65,0
DA:66,0
DA:67,0
DA:68,0
DA:69,0
DA:70,0
DA:72,0
DA:73,0
DA:74,0
DA:75,0
DA:76,0
DA:79,0
DA:82,0
DA:86,0
DA:91,0
DA:92,0
DA:93,0
DA:94,0
DA:95,0
DA:96,0
DA:97,0
DA:99,0
DA:100,0
DA:101,0
DA:102,0
DA:106,0
DA:107,0
DA:110,0
DA:175,0
DA:176,0
DA:179,0
DA:181,0
DA:182,0
DA:183,0
DA:185,0
DA:187,0
DA:188,0
DA:191,0
DA:219,0
DA:220,0
DA:244,0
LF:62
LH:0
BRDA:33,0,0,0
BRDA:36,1,0,0
BRDA:48,2,0,0
BRDA:48,2,1,0
BRDA:50,3,0,0
BRDA:62,4,0,0
BRDA:63,5,0,0
BRDA:74,6,0,0
BRDA:76,7,0,0
BRDA:76,7,1,0
BRDA:92,8,0,0
BRDA:92,8,1,0
BRDA:96,9,0,0
BRDA:96,9,1,0
BRDA:138,10,0,0
BRDA:138,10,1,0
BRDA:145,11,0,0
BRDA:145,11,1,0
BRDA:152,12,0,0
BRDA:152,12,1,0
BRDA:158,13,0,0
BRDA:158,13,1,0
BRDA:164,14,0,0
BRDA:164,14,1,0
BRDA:170,15,0,0
BRDA:170,15,1,0
BRDA:175,16,0,0
BRDA:182,17,0,0
BRDA:204,18,0,0
BRDA:204,18,1,0
BRDA:224,19,0,0
BRDA:224,19,1,0
BRDA:228,20,0,0
BRDA:228,20,1,0
BRF:34
BRH:0
end_of_record
TN:
SF:src/components/plant/PlantRegistrationForm.tsx
FN:23,(anonymous_0)
FN:56,PlantRegistrationForm
FN:100,(anonymous_2)
FN:105,(anonymous_3)
FN:118,(anonymous_4)
FN:121,(anonymous_5)
FN:125,(anonymous_6)
FN:130,(anonymous_7)
FN:214,(anonymous_8)
FN:247,(anonymous_9)
FN:257,(anonymous_10)
FN:308,(anonymous_11)
FN:313,(anonymous_12)
FN:395,(anonymous_13)
FN:396,(anonymous_14)
FN:397,(anonymous_15)
FN:398,(anonymous_16)
FN:419,(anonymous_17)
FN:447,(anonymous_18)
FN:485,(anonymous_19)
FNF:20
FNH:0
FNDA:0,(anonymous_0)
FNDA:0,PlantRegistrationForm
FNDA:0,(anonymous_2)
FNDA:0,(anonymous_3)
FNDA:0,(anonymous_4)
FNDA:0,(anonymous_5)
FNDA:0,(anonymous_6)
FNDA:0,(anonymous_7)
FNDA:0,(anonymous_8)
FNDA:0,(anonymous_9)
FNDA:0,(anonymous_10)
FNDA:0,(anonymous_11)
FNDA:0,(anonymous_12)
FNDA:0,(anonymous_13)
FNDA:0,(anonymous_14)
FNDA:0,(anonymous_15)
FNDA:0,(anonymous_16)
FNDA:0,(anonymous_17)
FNDA:0,(anonymous_18)
FNDA:0,(anonymous_19)
DA:2,0
DA:3,0
DA:4,0
DA:5,0
DA:6,0
DA:7,0
DA:8,0
DA:9,0
DA:10,0
DA:11,0
DA:12,0
DA:13,0
DA:14,0
DA:15,0
DA:16,0
DA:18,0
DA:21,0
DA:24,0
DA:25,0
DA:26,0
DA:27,0
DA:29,0
DA:56,0
DA:60,0
DA:62,0
DA:63,0
DA:64,0
DA:65,0
DA:66,0
DA:67,0
DA:74,0
DA:83,0
DA:97,0
DA:98,0
DA:100,0
DA:101,0
DA:105,0
DA:106,0
DA:107,0
DA:108,0
DA:109,0
DA:111,0
DA:112,0
DA:114,0
DA:118,0
DA:119,0
DA:121,0
DA:122,0
DA:125,0
DA:126,0
DA:127,0
DA:128,0
DA:130,0
DA:131,0
DA:132,0
DA:136,0
DA:137,0
DA:138,0
DA:141,0
DA:142,0
DA:145,0
DA:153,0
DA:156,0
DA:157,0
DA:160,0
DA:162,0
DA:163,0
DA:164,0
DA:166,0
DA:167,0
DA:168,0
DA:169,0
DA:171,0
DA:176,0
DA:197,0
DA:199,0
DA:200,0
DA:201,0
DA:203,0
DA:205,0
DA:206,0
DA:207,0
DA:209,0
DA:214,0
DA:221,0
DA:223,0
DA:248,0
DA:257,0
DA:305,0
DA:306,0
DA:309,0
DA:310,0
DA:311,0
DA:313,0
DA:318,0
DA:319,0
DA:331,0
DA:395,0
DA:396,0
DA:397,0
DA:398,0
DA:420,0
DA:448,0
DA:486,0
LF:104
LH:0
BRDA:29,0,0,0
BRDA:29,0,1,0
BRDA:122,1,0,0
BRDA:122,1,1,0
BRDA:131,2,0,0
BRDA:137,3,0,0
BRDA:142,4,0,0
BRDA:142,4,1,0
BRDA:145,5,0,0
BRDA:145,5,1,0
BRDA:156,6,0,0
BRDA:166,7,0,0
BRDA:168,8,0,0
BRDA:168,8,1,0
BRDA:186,9,0,0
BRDA:186,9,1,0
BRDA:188,10,0,0
BRDA:188,10,1,0
BRDA:189,11,0,0
BRDA:189,11,1,0
BRDA:189,12,0,0
BRDA:189,12,1,0
BRDA:205,13,0,0
BRDA:205,13,1,0
BRDA:217,14,0,0
BRDA:219,15,0,0
BRDA:229,16,0,0
BRDA:229,16,1,0
BRDA:229,16,2,0
BRDA:232,17,0,0
BRDA:232,17,1,0
BRDA:232,18,0,0
BRDA:232,18,1,0
BRDA:238,19,0,0
BRDA:238,19,1,0
BRDA:243,20,0,0
BRDA:243,20,1,0
BRDA:263,21,0,0
BRDA:263,21,1,0
BRDA:270,22,0,0
BRDA:270,22,1,0
BRDA:273,23,0,0
BRDA:273,23,1,0
BRDA:281,24,0,0
BRDA:281,24,1,0
BRDA:289,25,0,0
BRDA:289,25,1,0
BRDA:293,26,0,0
BRDA:293,26,1,0
BRDA:305,27,0,0
BRDA:318,28,0,0
BRDA:353,29,0,0
BRDA:353,29,1,0
BRDA:393,30,0,0
BRDA:393,30,1,0
BRDA:438,31,0,0
BRDA:438,31,1,0
BRDA:459,32,0,0
BRDA:459,32,1,0
BRDA:464,33,0,0
BRDA:464,33,1,0
BRDA:490,34,0,0
BRDA:490,34,1,0
BRDA:520,35,0,0
BRDA:520,35,1,0
BRDA:533,36,0,0
BRDA:533,36,1,0
BRDA:533,36,2,0
BRDA:538,37,0,0
BRDA:538,37,1,0
BRDA:546,38,0,0
BRDA:546,38,1,0
BRF:72
BRH:0
end_of_record
TN:
SF:src/components/plant/PlantReminderSettings.tsx
FN:22,(anonymous_0)
FN:40,(anonymous_1)
FNF:2
FNH:0
FNDA:0,(anonymous_0)
FNDA:0,(anonymous_1)
DA:2,0
DA:3,0
DA:4,0
DA:5,0
DA:6,0
DA:22,0
DA:27,0
DA:35,0
DA:36,0
DA:40,0
DA:41,0
DA:42,0
DA:43,0
DA:45,0
DA:50,0
DA:55,0
DA:56,0
DA:57,0
DA:59,0
DA:60,0
DA:61,0
DA:63,0
DA:69,0
DA:77,0
DA:107,0
LF:25
LH:0
BRDA:28,0,0,0
BRDA:28,0,1,0
BRDA:29,1,0,0
BRDA:29,1,1,0
BRDA:30,2,0,0
BRDA:30,2,1,0
BRDA:31,3,0,0
BRDA:31,3,1,0
BRDA:32,4,0,0
BRDA:32,4,1,0
BRDA:69,5,0,0
BRDA:69,5,1,0
BRDA:69,5,2,0
BRDA:69,5,3,0
BRDA:69,5,4,0
BRDA:69,6,0,0
BRDA:69,6,1,0
BRDA:71,7,0,0
BRDA:71,7,1,0
BRDA:73,8,0,0
BRDA:73,8,1,0
BRDA:74,9,0,0
BRDA:74,9,1,0
BRDA:75,10,0,0
BRDA:75,10,1,0
BRDA:87,11,0,0
BRDA:87,11,1,0
BRDA:88,12,0,0
BRDA:88,12,1,0
BRDA:91,13,0,0
BRDA:91,13,1,0
BRDA:91,14,0,0
BRDA:91,14,1,0
BRDA:95,15,0,0
BRDA:95,15,1,0
BRDA:100,16,0,0
BRDA:100,16,1,0
BRF:37
BRH:0
end_of_record
TN:
SF:src/components/plant/PlantStageDisplay.tsx
FN:11,(anonymous_0)
FNF:1
FNH:0
FNDA:0,(anonymous_0)
DA:3,0
DA:11,0
DA:16,0
DA:18,0
DA:26,0
LF:5
LH:0
BRDA:13,0,0,0
BRDA:14,1,0,0
BRDA:20,2,0,0
BRDA:20,2,1,0
BRF:4
BRH:0
end_of_record
TN:
SF:src/components/plant/ReminderPreferencesSection.tsx
FN:19,(anonymous_0)
FN:23,(anonymous_1)
FN:76,(anonymous_2)
FN:90,(anonymous_3)
FNF:4
FNH:0
FNDA:0,(anonymous_0)
FNDA:0,(anonymous_1)
FNDA:0,(anonymous_2)
FNDA:0,(anonymous_3)
DA:2,0
DA:3,0
DA:19,0
DA:23,0
DA:24,0
DA:30,0
DA:63,0
DA:77,0
DA:90,0
DA:100,0
LF:10
LH:0
BRF:0
BRH:0
end_of_record
TN:
SF:src/components/plant/SimplifiedLocationSelector.tsx
FN:23,(anonymous_0)
FN:86,SimplifiedLocationSelector
FN:125,(anonymous_2)
FN:129,(anonymous_3)
FN:130,(anonymous_4)
FN:137,(anonymous_5)
FN:142,(anonymous_6)
FN:154,(anonymous_7)
FN:167,(anonymous_8)
FN:175,(anonymous_9)
FN:228,(anonymous_10)
FN:238,(anonymous_11)
FN:271,(anonymous_12)
FN:285,(anonymous_13)
FN:290,(anonymous_14)
FN:295,(anonymous_15)
FN:311,(anonymous_16)
FN:343,(anonymous_17)
FN:355,(anonymous_18)
FN:361,(anonymous_19)
FN:404,(anonymous_20)
FN:429,(anonymous_21)
FN:433,(anonymous_22)
FN:468,(anonymous_23)
FN:536,(anonymous_24)
FN:548,(anonymous_25)
FN:554,(anonymous_26)
FN:597,(anonymous_27)
FN:618,(anonymous_28)
FN:633,(anonymous_29)
FN:648,(anonymous_30)
FN:659,(anonymous_31)
FN:704,(anonymous_32)
FN:715,(anonymous_33)
FN:725,(anonymous_34)
FN:726,(anonymous_35)
FN:736,(anonymous_36)
FNF:37
FNH:0
FNDA:0,(anonymous_0)
FNDA:0,SimplifiedLocationSelector
FNDA:0,(anonymous_2)
FNDA:0,(anonymous_3)
FNDA:0,(anonymous_4)
FNDA:0,(anonymous_5)
FNDA:0,(anonymous_6)
FNDA:0,(anonymous_7)
FNDA:0,(anonymous_8)
FNDA:0,(anonymous_9)
FNDA:0,(anonymous_10)
FNDA:0,(anonymous_11)
FNDA:0,(anonymous_12)
FNDA:0,(anonymous_13)
FNDA:0,(anonymous_14)
FNDA:0,(anonymous_15)
FNDA:0,(anonymous_16)
FNDA:0,(anonymous_17)
FNDA:0,(anonymous_18)
FNDA:0,(anonymous_19)
FNDA:0,(anonymous_20)
FNDA:0,(anonymous_21)
FNDA:0,(anonymous_22)
FNDA:0,(anonymous_23)
FNDA:0,(anonymous_24)
FNDA:0,(anonymous_25)
FNDA:0,(anonymous_26)
FNDA:0,(anonymous_27)
FNDA:0,(anonymous_28)
FNDA:0,(anonymous_29)
FNDA:0,(anonymous_30)
FNDA:0,(anonymous_31)
FNDA:0,(anonymous_32)
FNDA:0,(anonymous_33)
FNDA:0,(anonymous_34)
FNDA:0,(anonymous_35)
FNDA:0,(anonymous_36)
DA:1,0
DA:2,0
DA:3,0
DA:4,0
DA:5,0
DA:6,0
DA:8,0
DA:9,0
DA:10,0
DA:11,0
DA:12,0
DA:13,0
DA:15,0
DA:25,0
DA:27,0
DA:35,0
DA:86,0
DA:96,0
DA:97,0
DA:98,0
DA:99,0
DA:100,0
DA:101,0
DA:102,0
DA:103,0
DA:104,0
DA:105,0
DA:106,0
DA:115,0
DA:122,0
DA:123,0
DA:125,0
DA:128,0
DA:129,0
DA:130,0
DA:137,0
DA:138,0
DA:142,0
DA:143,0
DA:144,0
DA:145,0
DA:146,0
DA:148,0
DA:149,0
DA:150,0
DA:154,0
DA:155,0
DA:156,0
DA:157,0
DA:158,0
DA:160,0
DA:161,0
DA:163,0
DA:167,0
DA:168,0
DA:169,0
DA:171,0
DA:174,0
DA:175,0
DA:178,0
DA:180,0
DA:183,0
DA:184,0
DA:191,0
DA:192,0
DA:200,0
DA:210,0
DA:211,0
DA:214,0
DA:215,0
DA:218,0
DA:219,0
DA:221,0
DA:222,0
DA:224,0
DA:228,0
DA:229,0
DA:231,0
DA:235,0
DA:238,0
DA:239,0
DA:242,0
DA:243,0
DA:246,0
DA:247,0
DA:248,0
DA:251,0
DA:252,0
DA:253,0
DA:255,0
DA:267,0
DA:271,0
DA:272,0
DA:274,0
DA:275,0
DA:276,0
DA:277,0
DA:278,0
DA:280,0
DA:281,0
DA:282,0
DA:283,0
DA:284,0
DA:285,0
DA:286,0
DA:290,0
DA:291,0
DA:295,0
DA:296,0
DA:297,0
DA:298,0
DA:299,0
DA:300,0
DA:301,0
DA:305,0
DA:307,0
DA:311,0
DA:334,0
DA:340,0
DA:343,0
DA:344,0
DA:352,0
DA:355,0
DA:356,0
DA:358,0
DA:361,0
DA:362,0
DA:364,0
DA:366,0
DA:368,0
DA:370,0
DA:372,0
DA:376,0
DA:404,0
DA:430,0
DA:434,0
DA:436,0
DA:437,0
DA:439,0
DA:469,0
DA:536,0
DA:548,0
DA:555,0
DA:597,0
DA:618,0
DA:633,0
DA:648,0
DA:659,0
DA:704,0
DA:715,0
DA:726,0
DA:727,0
DA:728,0
DA:729,0
DA:730,0
DA:731,0
DA:732,0
DA:736,0
DA:737,0
DA:740,0
DA:741,0
DA:742,0
DA:744,0
LF:163
LH:0
BRDA:25,0,0,0
BRDA:27,1,0,0
BRDA:27,1,1,0
BRDA:128,2,0,0
BRDA:128,2,1,0
BRDA:132,3,0,0
BRDA:132,3,1,0
BRDA:144,4,0,0
BRDA:144,4,1,0
BRDA:144,5,0,0
BRDA:144,5,1,0
BRDA:144,5,2,0
BRDA:146,6,0,0
BRDA:149,7,0,0
BRDA:150,8,0,0
BRDA:174,9,0,0
BRDA:174,9,1,0
BRDA:178,10,0,0
BRDA:178,10,1,0
BRDA:183,11,0,0
BRDA:183,11,1,0
BRDA:185,12,0,0
BRDA:185,12,1,0
BRDA:186,13,0,0
BRDA:186,13,1,0
BRDA:191,14,0,0
BRDA:191,14,1,0
BRDA:202,15,0,0
BRDA:202,15,1,0
BRDA:229,16,0,0
BRDA:246,17,0,0
BRDA:272,18,0,0
BRDA:284,19,0,0
BRDA:284,19,1,0
BRDA:286,20,0,0
BRDA:286,20,1,0
BRDA:291,21,0,0
BRDA:291,21,1,0
BRDA:296,22,0,0
BRDA:296,22,1,0
BRDA:296,22,2,0
BRDA:296,22,3,0
BRDA:296,22,4,0
BRDA:314,23,0,0
BRDA:314,23,1,0
BRDA:316,24,0,0
BRDA:316,24,1,0
BRDA:321,25,0,0
BRDA:321,25,1,0
BRDA:325,26,0,0
BRDA:325,26,1,0
BRDA:327,27,0,0
BRDA:327,27,1,0
BRDA:344,28,0,0
BRDA:344,28,1,0
BRDA:356,29,0,0
BRDA:362,30,0,0
BRDA:364,31,0,0
BRDA:364,31,1,0
BRDA:364,31,2,0
BRDA:364,31,3,0
BRDA:406,32,0,0
BRDA:406,32,1,0
BRDA:410,33,0,0
BRDA:410,33,1,0
BRDA:419,34,0,0
BRDA:419,34,1,0
BRDA:421,35,0,0
BRDA:421,35,1,0
BRDA:436,36,0,0
BRDA:436,36,1,0
BRDA:443,37,0,0
BRDA:443,37,1,0
BRDA:455,38,0,0
BRDA:455,38,1,0
BRDA:460,39,0,0
BRDA:460,39,1,0
BRDA:460,39,2,0
BRDA:474,40,0,0
BRDA:474,40,1,0
BRDA:480,41,0,0
BRDA:480,41,1,0
BRDA:487,42,0,0
BRDA:487,42,1,0
BRDA:487,42,2,0
BRDA:490,43,0,0
BRDA:490,43,1,0
BRDA:531,44,0,0
BRDA:531,44,1,0
BRDA:547,45,0,0
BRDA:547,45,1,0
BRDA:552,46,0,0
BRDA:552,46,1,0
BRDA:554,47,0,0
BRDA:554,47,1,0
BRDA:561,48,0,0
BRDA:561,48,1,0
BRDA:576,49,0,0
BRDA:576,49,1,0
BRDA:589,50,0,0
BRDA:589,50,1,0
BRDA:589,50,2,0
BRDA:609,51,0,0
BRDA:609,51,1,0
BRDA:617,52,0,0
BRDA:617,52,1,0
BRDA:636,53,0,0
BRDA:636,53,1,0
BRDA:639,54,0,0
BRDA:639,54,1,0
BRDA:650,55,0,0
BRDA:650,55,1,0
BRDA:661,56,0,0
BRDA:661,56,1,0
BRDA:671,57,0,0
BRDA:671,57,1,0
BRDA:679,58,0,0
BRDA:679,58,1,0
BRDA:704,59,0,0
BRDA:704,59,1,0
BRDA:715,60,0,0
BRDA:715,60,1,0
BRDA:725,61,0,0
BRDA:725,61,1,0
BRDA:727,62,0,0
BRDA:727,62,1,0
BRDA:727,62,2,0
BRDA:727,62,3,0
BRDA:727,62,4,0
BRDA:737,63,0,0
BRDA:737,63,1,0
BRDA:769,64,0,0
BRDA:769,64,1,0
BRF:133
BRH:0
end_of_record
TN:
SF:src/components/plant/SoilMixtureSelector.tsx
FN:135,(anonymous_0)
FN:143,(anonymous_1)
FN:149,(anonymous_2)
FN:152,(anonymous_3)
FN:158,(anonymous_4)
FN:160,(anonymous_5)
FN:164,(anonymous_6)
FN:165,(anonymous_7)
FN:175,(anonymous_8)
FN:197,(anonymous_9)
FN:206,(anonymous_10)
FN:234,(anonymous_11)
FN:254,(anonymous_12)
FN:280,(anonymous_13)
FN:300,(anonymous_14)
FNF:15
FNH:0
FNDA:0,(anonymous_0)
FNDA:0,(anonymous_1)
FNDA:0,(anonymous_2)
FNDA:0,(anonymous_3)
FNDA:0,(anonymous_4)
FNDA:0,(anonymous_5)
FNDA:0,(anonymous_6)
FNDA:0,(anonymous_7)
FNDA:0,(anonymous_8)
FNDA:0,(anonymous_9)
FNDA:0,(anonymous_10)
FNDA:0,(anonymous_11)
FNDA:0,(anonymous_12)
FNDA:0,(anonymous_13)
FNDA:0,(anonymous_14)
DA:2,0
DA:4,0
DA:5,0
DA:29,0
DA:135,0
DA:140,0
DA:141,0
DA:143,0
DA:144,0
DA:145,0
DA:148,0
DA:149,0
DA:151,0
DA:152,0
DA:155,0
DA:158,0
DA:159,0
DA:160,0
DA:164,0
DA:165,0
DA:166,0
DA:167,0
DA:170,0
DA:171,0
DA:175,0
DA:176,0
DA:177,0
DA:178,0
DA:182,0
DA:198,0
DA:206,0
DA:234,0
DA:254,0
DA:280,0
DA:301,0
DA:302,0
DA:333,0
LF:37
LH:0
BRDA:144,0,0,0
BRDA:166,1,0,0
BRDA:176,2,0,0
BRDA:193,3,0,0
BRDA:193,3,1,0
BRDA:202,4,0,0
BRDA:202,4,1,0
BRDA:212,5,0,0
BRDA:212,5,1,0
BRDA:216,6,0,0
BRDA:216,6,1,0
BRDA:230,7,0,0
BRDA:230,7,1,0
BRDA:314,8,0,0
BRDA:314,8,1,0
BRDA:314,8,2,0
BRF:16
BRH:0
end_of_record
TN:
SF:src/components/plant/StageUpdateModal.tsx
FN:25,(anonymous_0)
FN:39,(anonymous_1)
FN:85,(anonymous_2)
FNF:3
FNH:0
FNDA:0,(anonymous_0)
FNDA:0,(anonymous_1)
FNDA:0,(anonymous_2)
DA:3,0
DA:4,0
DA:5,0
DA:6,0
DA:14,0
DA:15,0
DA:25,0
DA:32,0
DA:33,0
DA:39,0
DA:40,0
DA:41,0
DA:45,0
DA:86,0
LF:14
LH:0
BRDA:33,0,0,0
BRDA:33,0,1,0
BRDA:33,0,2,0
BRDA:33,0,3,0
BRDA:40,1,0,0
BRDA:51,2,0,0
BRDA:51,2,1,0
BRDA:66,3,0,0
BRDA:66,3,1,0
BRDA:78,4,0,0
BRDA:78,4,1,0
BRDA:102,5,0,0
BRDA:102,5,1,0
BRF:13
BRH:0
end_of_record
TN:
SF:src/components/plant/StructuredPositioning.tsx
FN:24,StructuredPositioning
FN:50,(anonymous_1)
FN:51,(anonymous_2)
FN:58,(anonymous_3)
FN:71,(anonymous_4)
FN:92,(anonymous_5)
FN:104,(anonymous_6)
FN:110,(anonymous_7)
FN:124,(anonymous_8)
FN:128,(anonymous_9)
FN:133,(anonymous_10)
FN:171,(anonymous_11)
FN:195,(anonymous_12)
FN:217,(anonymous_13)
FN:243,(anonymous_14)
FN:294,(anonymous_15)
FN:306,(anonymous_16)
FN:320,(anonymous_17)
FN:390,(anonymous_18)
FN:395,(anonymous_19)
FN:425,(anonymous_20)
FNF:21
FNH:0
FNDA:0,StructuredPositioning
FNDA:0,(anonymous_1)
FNDA:0,(anonymous_2)
FNDA:0,(anonymous_3)
FNDA:0,(anonymous_4)
FNDA:0,(anonymous_5)
FNDA:0,(anonymous_6)
FNDA:0,(anonymous_7)
FNDA:0,(anonymous_8)
FNDA:0,(anonymous_9)
FNDA:0,(anonymous_10)
FNDA:0,(anonymous_11)
FNDA:0,(anonymous_12)
FNDA:0,(anonymous_13)
FNDA:0,(anonymous_14)
FNDA:0,(anonymous_15)
FNDA:0,(anonymous_16)
FNDA:0,(anonymous_17)
FNDA:0,(anonymous_18)
FNDA:0,(anonymous_19)
FNDA:0,(anonymous_20)
DA:1,0
DA:2,0
DA:3,0
DA:4,0
DA:7,0
DA:8,0
DA:9,0
DA:10,0
DA:24,0
DA:35,0
DA:36,0
DA:40,0
DA:44,0
DA:45,0
DA:46,0
DA:49,0
DA:50,0
DA:51,0
DA:58,0
DA:59,0
DA:61,0
DA:62,0
DA:65,0
DA:67,0
DA:71,0
DA:72,0
DA:74,0
DA:75,0
DA:76,0
DA:80,0
DA:82,0
DA:83,0
DA:88,0
DA:92,0
DA:93,0
DA:96,0
DA:97,0
DA:100,0
DA:104,0
DA:105,0
DA:106,0
DA:110,0
DA:111,0
DA:113,0
DA:121,0
DA:124,0
DA:125,0
DA:128,0
DA:129,0
DA:130,0
DA:133,0
DA:134,0
DA:135,0
DA:138,0
DA:139,0
DA:148,0
DA:171,0
DA:196,0
DA:218,0
DA:244,0
DA:294,0
DA:306,0
DA:320,0
DA:391,0
DA:395,0
DA:426,0
LF:66
LH:0
BRDA:49,0,0,0
BRDA:49,0,1,0
BRDA:53,1,0,0
BRDA:53,1,1,0
BRDA:59,2,0,0
BRDA:65,3,0,0
BRDA:65,3,1,0
BRDA:72,4,0,0
BRDA:72,5,0,0
BRDA:72,5,1,0
BRDA:93,6,0,0
BRDA:105,7,0,0
BRDA:105,8,0,0
BRDA:105,8,1,0
BRDA:111,9,0,0
BRDA:114,10,0,0
BRDA:114,10,1,0
BRDA:115,11,0,0
BRDA:115,11,1,0
BRDA:115,11,2,0
BRDA:129,12,0,0
BRDA:134,13,0,0
BRDA:135,14,0,0
BRDA:135,14,1,0
BRDA:138,15,0,0
BRDA:157,16,0,0
BRDA:157,16,1,0
BRDA:173,17,0,0
BRDA:173,17,1,0
BRDA:178,18,0,0
BRDA:178,18,1,0
BRDA:194,19,0,0
BRDA:194,19,1,0
BRDA:198,20,0,0
BRDA:198,20,1,0
BRDA:216,21,0,0
BRDA:216,21,1,0
BRDA:220,22,0,0
BRDA:220,22,1,0
BRDA:224,23,0,0
BRDA:224,23,1,0
BRDA:242,24,0,0
BRDA:242,24,1,0
BRDA:244,25,0,0
BRDA:244,25,1,0
BRDA:254,26,0,0
BRDA:254,26,1,0
BRDA:271,27,0,0
BRDA:271,27,1,0
BRDA:293,28,0,0
BRDA:293,28,1,0
BRDA:305,29,0,0
BRDA:305,29,1,0
BRDA:319,30,0,0
BRDA:319,30,1,0
BRDA:332,31,0,0
BRDA:332,31,1,0
BRDA:359,32,0,0
BRDA:359,32,1,0
BRDA:382,33,0,0
BRDA:382,33,1,0
BRDA:404,34,0,0
BRDA:404,34,1,0
BRDA:415,35,0,0
BRDA:415,35,1,0
BRDA:416,36,0,0
BRDA:416,36,1,0
BRDA:417,37,0,0
BRDA:417,37,1,0
BRDA:434,38,0,0
BRDA:434,38,1,0
BRF:71
BRH:0
end_of_record
TN:
SF:src/components/shared/QuickActionButtons.tsx
FN:60,(anonymous_0)
FN:68,(anonymous_1)
FN:69,(anonymous_2)
FN:84,(anonymous_3)
FN:104,(anonymous_4)
FNF:5
FNH:0
FNDA:0,(anonymous_0)
FNDA:0,(anonymous_1)
FNDA:0,(anonymous_2)
FNDA:0,(anonymous_3)
FNDA:0,(anonymous_4)
DA:2,0
DA:3,0
DA:25,0
DA:58,0
DA:60,0
DA:68,0
DA:69,0
DA:70,0
DA:71,0
DA:73,0
DA:78,0
DA:82,0
DA:85,0
DA:86,0
DA:104,0
DA:105,0
DA:107,0
DA:108,0
DA:109,0
DA:110,0
DA:111,0
DA:112,0
DA:113,0
DA:114,0
DA:115,0
DA:117,0
DA:120,0
LF:27
LH:0
BRDA:62,0,0,0
BRDA:63,1,0,0
BRDA:64,2,0,0
BRDA:65,3,0,0
BRDA:66,4,0,0
BRDA:70,5,0,0
BRDA:78,6,0,0
BRDA:78,6,1,0
BRDA:107,7,0,0
BRDA:108,8,0,0
BRDA:109,9,0,0
BRDA:109,10,0,0
BRDA:109,10,1,0
BRDA:109,10,2,0
BRDA:110,11,0,0
BRDA:111,12,0,0
BRDA:112,13,0,0
BRDA:113,14,0,0
BRDA:114,15,0,0
BRDA:115,16,0,0
BRF:20
BRH:0
end_of_record
TN:
SF:src/components/ui/Badge.tsx
FN:11,(anonymous_0)
FNF:1
FNH:0
FNDA:0,(anonymous_0)
DA:1,0
DA:2,0
DA:11,0
DA:19,0
DA:21,0
DA:29,0
DA:35,0
DA:50,0
LF:8
LH:0
BRDA:12,0,0,0
BRDA:13,1,0,0
BRF:2
BRH:0
end_of_record
TN:
SF:src/components/ui/Button.tsx
FN:14,(anonymous_0)
FNF:1
FNH:0
FNDA:0,(anonymous_0)
DA:2,0
DA:3,0
DA:14,0
DA:25,0
DA:37,0
DA:89,0
DA:96,0
DA:98,0
LF:8
LH:0
BRDA:15,0,0,0
BRDA:16,1,0,0
BRDA:19,2,0,0
BRDA:96,3,0,0
BRDA:96,3,1,0
BRDA:109,4,0,0
BRDA:109,4,1,0
BRDA:115,5,0,0
BRDA:115,5,1,0
BRDA:116,6,0,0
BRDA:116,6,1,0
BRDA:118,7,0,0
BRDA:118,7,1,0
BRF:13
BRH:0
end_of_record
TN:
SF:src/components/ui/Card.tsx
FN:19,Card
FN:33,CardHeader
FN:44,CardContent
FN:56,CardTitle
FNF:4
FNH:0
FNDA:0,Card
FNDA:0,CardHeader
FNDA:0,CardContent
FNDA:0,CardTitle
DA:1,0
DA:2,0
DA:19,0
DA:20,0
DA:33,0
DA:34,0
DA:44,0
DA:49,0
DA:56,0
DA:57,0
LF:10
LH:0
BRF:0
BRH:0
end_of_record
TN:
SF:src/components/ui/DarkModeToggle.tsx
FN:12,(anonymous_0)
FNF:1
FNH:0
FNDA:0,(anonymous_0)
DA:2,0
DA:3,0
DA:4,0
DA:12,0
DA:17,0
DA:19,0
DA:40,0
DA:42,0
LF:8
LH:0
BRDA:13,0,0,0
BRDA:15,1,0,0
BRDA:44,2,0,0
BRDA:44,2,1,0
BRDA:49,3,0,0
BRDA:49,3,1,0
BRDA:64,4,0,0
BRDA:64,4,1,0
BRDA:68,5,0,0
BRDA:68,5,1,0
BRDA:74,6,0,0
BRDA:74,6,1,0
BRDA:77,7,0,0
BRDA:77,7,1,0
BRDA:81,8,0,0
BRDA:81,8,1,0
BRDA:85,9,0,0
BRDA:85,9,1,0
BRF:18
BRH:0
end_of_record
TN:
SF:src/components/ui/Dialog.tsx
FN:13,(anonymous_0)
FN:14,(anonymous_1)
FN:15,(anonymous_2)
FN:25,(anonymous_3)
FN:68,(anonymous_4)
FN:75,(anonymous_5)
FN:89,(anonymous_6)
FN:103,(anonymous_7)
FN:110,(anonymous_8)
FNF:9
FNH:0
FNDA:0,(anonymous_0)
FNDA:0,(anonymous_1)
FNDA:0,(anonymous_2)
FNDA:0,(anonymous_3)
FNDA:0,(anonymous_4)
FNDA:0,(anonymous_5)
FNDA:0,(anonymous_6)
FNDA:0,(anonymous_7)
FNDA:0,(anonymous_8)
DA:3,0
DA:4,0
DA:5,0
DA:13,0
DA:14,0
DA:15,0
DA:16,0
DA:17,0
DA:21,0
DA:22,0
DA:25,0
DA:26,0
DA:30,0
DA:31,0
DA:34,0
DA:68,0
DA:72,0
DA:75,0
DA:79,0
DA:89,0
DA:93,0
DA:103,0
DA:107,0
DA:110,0
DA:114,0
DA:125,0
DA:126,0
DA:127,0
DA:128,0
DA:129,0
DA:130,0
LF:31
LH:0
BRDA:16,0,0,0
BRDA:21,1,0,0
BRDA:30,2,0,0
BRF:3
BRH:0
end_of_record
TN:
SF:src/components/ui/Input.tsx
FN:9,(anonymous_0)
FNF:1
FNH:0
FNDA:0,(anonymous_0)
DA:2,0
DA:3,0
DA:9,0
DA:14,0
LF:4
LH:0
BRDA:11,0,0,0
BRF:1
BRH:0
end_of_record
TN:
SF:src/components/ui/LoadingSpinner.tsx
FN:10,(anonymous_0)
FNF:1
FNH:0
FNDA:0,(anonymous_0)
DA:2,0
DA:3,0
DA:10,0
DA:14,0
DA:20,0
LF:5
LH:0
BRDA:11,0,0,0
BRF:1
BRH:0
end_of_record
TN:
SF:src/components/ui/LocationToggle.tsx
FN:12,(anonymous_0)
FN:25,(anonymous_1)
FN:41,(anonymous_2)
FNF:3
FNH:0
FNDA:0,(anonymous_0)
FNDA:0,(anonymous_1)
FNDA:0,(anonymous_2)
DA:2,0
DA:3,0
DA:12,0
DA:18,0
DA:25,0
DA:41,0
LF:6
LH:0
BRDA:15,0,0,0
BRDA:28,1,0,0
BRDA:28,1,1,0
BRDA:31,2,0,0
BRDA:31,2,1,0
BRDA:44,3,0,0
BRDA:44,3,1,0
BRDA:47,4,0,0
BRDA:47,4,1,0
BRF:9
BRH:0
end_of_record
TN:
SF:src/components/ui/OfflineIndicator.tsx
FN:4,(anonymous_0)
FN:7,(anonymous_1)
FN:8,handleOnline
FN:12,handleOffline
FN:19,(anonymous_4)
FNF:5
FNH:0
FNDA:0,(anonymous_0)
FNDA:0,(anonymous_1)
FNDA:0,handleOnline
FNDA:0,handleOffline
FNDA:0,(anonymous_4)
DA:2,0
DA:4,0
DA:5,0
DA:7,0
DA:9,0
DA:13,0
DA:16,0
DA:17,0
DA:19,0
DA:20,0
DA:21,0
DA:25,0
DA:27,0
LF:13
LH:0
BRDA:25,0,0,0
BRF:1
BRH:0
end_of_record
TN:
SF:src/components/ui/StatusBadge.tsx
FN:10,(anonymous_0)
FNF:1
FNH:0
FNDA:0,(anonymous_0)
DA:2,0
DA:3,0
DA:10,0
DA:14,0
DA:16,0
DA:21,0
DA:28,0
DA:35,0
LF:8
LH:0
BRDA:12,0,0,0
BRF:1
BRH:0
end_of_record
TN:
SF:src/components/ui/Switch.tsx
FN:20,(anonymous_0)
FN:88,(anonymous_1)
FNF:2
FNH:0
FNDA:0,(anonymous_0)
FNDA:0,(anonymous_1)
DA:2,0
DA:3,0
DA:20,0
DA:34,0
DA:58,0
DA:60,0
DA:88,0
LF:7
LH:0
BRDA:23,0,0,0
BRDA:28,1,0,0
BRDA:63,2,0,0
BRDA:63,2,1,0
BRDA:63,2,2,0
BRDA:68,3,0,0
BRDA:68,3,1,0
BRDA:71,4,0,0
BRDA:71,4,1,0
BRDA:74,5,0,0
BRDA:74,5,1,0
BRDA:75,6,0,0
BRDA:75,6,1,0
BRDA:92,7,0,0
BRDA:92,7,1,0
BRDA:95,8,0,0
BRDA:95,8,1,0
BRDA:102,9,0,0
BRDA:102,9,1,0
BRDA:108,10,0,0
BRDA:108,10,1,0
BRDA:108,10,2,0
BRDA:113,11,0,0
BRDA:113,11,1,0
BRDA:116,12,0,0
BRDA:116,12,1,0
BRDA:119,13,0,0
BRDA:119,13,1,0
BRDA:120,14,0,0
BRDA:120,14,1,0
BRF:30
BRH:0
end_of_record
TN:
SF:src/data/index.ts
FN:186,(anonymous_0)
FN:38,(anonymous_1)
FN:51,(anonymous_2)
FN:64,(anonymous_3)
FN:78,(anonymous_4)
FN:147,(anonymous_5)
FN:152,(anonymous_6)
FN:153,(anonymous_7)
FN:156,(anonymous_8)
FN:161,(anonymous_9)
FN:165,(anonymous_10)
FN:168,(anonymous_11)
FN:171,(anonymous_12)
FN:172,(anonymous_13)
FN:175,(anonymous_14)
FN:177,(anonymous_15)
FNF:16
FNH:0
FNDA:0,(anonymous_0)
FNDA:0,(anonymous_1)
FNDA:0,(anonymous_2)
FNDA:0,(anonymous_3)
FNDA:0,(anonymous_4)
FNDA:0,(anonymous_5)
FNDA:0,(anonymous_6)
FNDA:0,(anonymous_7)
FNDA:0,(anonymous_8)
FNDA:0,(anonymous_9)
FNDA:0,(anonymous_10)
FNDA:0,(anonymous_11)
FNDA:0,(anonymous_12)
FNDA:0,(anonymous_13)
FNDA:0,(anonymous_14)
FNDA:0,(anonymous_15)
DA:2,0
DA:12,0
DA:15,0
DA:38,0
DA:41,0
DA:42,0
DA:43,0
DA:44,0
DA:45,0
DA:48,0
DA:51,0
DA:54,0
DA:55,0
DA:56,0
DA:57,0
DA:58,0
DA:61,0
DA:64,0
DA:67,0
DA:68,0
DA:69,0
DA:70,0
DA:71,0
DA:74,0
DA:78,0
DA:81,0
DA:83,0
DA:108,0
DA:109,0
DA:128,0
DA:129,0
DA:131,0
DA:147,0
DA:148,0
DA:152,0
DA:153,0
DA:156,0
DA:157,0
DA:158,0
DA:161,0
DA:165,0
DA:166,0
DA:168,0
DA:169,0
DA:171,0
DA:172,0
DA:175,0
DA:176,0
DA:177,0
DA:186,0
LF:50
LH:0
BRDA:44,0,0,0
BRDA:44,1,0,0
BRDA:44,1,1,0
BRDA:57,2,0,0
BRDA:57,3,0,0
BRDA:57,3,1,0
BRDA:70,4,0,0
BRDA:70,5,0,0
BRDA:70,5,1,0
BRDA:85,6,0,0
BRDA:85,6,1,0
BRDA:85,6,2,0
BRDA:85,6,3,0
BRDA:89,7,0,0
BRDA:89,7,1,0
BRDA:89,7,2,0
BRDA:91,8,0,0
BRDA:91,8,1,0
BRDA:91,8,2,0
BRDA:91,8,3,0
BRDA:96,9,0,0
BRDA:96,9,1,0
BRDA:96,9,2,0
BRDA:96,9,3,0
BRDA:96,9,4,0
BRDA:96,9,5,0
BRDA:96,9,6,0
BRDA:96,9,7,0
BRDA:104,10,0,0
BRDA:104,10,1,0
BRDA:108,11,0,0
BRDA:110,12,0,0
BRDA:110,12,1,0
BRDA:113,13,0,0
BRDA:113,13,1,0
BRDA:116,14,0,0
BRDA:116,14,1,0
BRDA:159,15,0,0
BRDA:159,15,1,0
BRDA:159,15,2,0
BRF:40
BRH:0
end_of_record
TN:
SF:src/data/seedVarieties.ts
FNF:0
FNH:0
DA:42,0
LF:1
LH:0
BRF:0
BRH:0
end_of_record
TN:
SF:src/data/visualCues.ts
FNF:0
FNH:0
DA:10,0
LF:1
LH:0
BRF:0
BRH:0
end_of_record
TN:
SF:src/db/seedData.ts
FN:6,(anonymous_0)
FN:10,(anonymous_1)
FNF:2
FNH:0
FNDA:0,(anonymous_0)
FNDA:0,(anonymous_1)
DA:2,0
DA:3,0
DA:5,0
DA:6,0
DA:7,0
DA:10,0
DA:11,0
DA:12,0
DA:15,0
DA:16,0
DA:17,0
DA:18,0
DA:19,0
DA:20,0
DA:23,0
DA:26,0
DA:28,0
DA:30,0
DA:31,0
DA:33,0
DA:34,0
DA:37,0
DA:39,0
DA:40,0
DA:41,0
LF:25
LH:0
BRDA:11,0,0,0
BRDA:17,1,0,0
BRDA:33,2,0,0
BRDA:33,2,1,0
BRDA:33,3,0,0
BRDA:33,3,1,0
BRF:6
BRH:0
end_of_record
TN:
SF:src/hooks/useAppInitialization.ts
FN:5,useAppInitialization
FN:6,(anonymous_1)
FN:7,(anonymous_2)
FNF:3
FNH:0
FNDA:0,useAppInitialization
FNDA:0,(anonymous_1)
FNDA:0,(anonymous_2)
DA:2,0
DA:3,0
DA:5,0
DA:6,0
DA:7,0
DA:8,0
DA:9,0
DA:10,0
DA:11,0
DA:13,0
DA:17,0
LF:11
LH:0
BRF:0
BRH:0
end_of_record
TN:
SF:src/hooks/useCatchUpData.ts
FN:25,(anonymous_0)
FN:37,(anonymous_1)
FN:50,(anonymous_2)
FN:57,(anonymous_3)
FN:86,(anonymous_4)
FN:91,(anonymous_5)
FNF:6
FNH:0
FNDA:0,(anonymous_0)
FNDA:0,(anonymous_1)
FNDA:0,(anonymous_2)
FNDA:0,(anonymous_3)
FNDA:0,(anonymous_4)
FNDA:0,(anonymous_5)
DA:2,0
DA:3,0
DA:4,0
DA:5,0
DA:25,0
DA:30,0
DA:31,0
DA:32,0
DA:34,0
DA:35,0
DA:37,0
DA:38,0
DA:39,0
DA:40,0
DA:43,0
DA:44,0
DA:46,0
DA:47,0
DA:49,0
DA:50,0
DA:51,0
DA:56,0
DA:57,0
DA:58,0
DA:59,0
DA:67,0
DA:68,0
DA:75,0
DA:78,0
DA:79,0
DA:80,0
DA:82,0
DA:86,0
DA:87,0
DA:90,0
DA:91,0
DA:93,0
LF:37
LH:0
BRDA:25,0,0,0
BRDA:28,1,0,0
BRDA:38,2,0,0
BRDA:38,3,0,0
BRDA:38,3,1,0
BRDA:38,3,2,0
BRDA:49,4,0,0
BRDA:49,4,1,0
BRDA:49,5,0,0
BRDA:49,5,1,0
BRDA:56,6,0,0
BRDA:56,6,1,0
BRDA:56,7,0,0
BRDA:56,7,1,0
BRDA:58,8,0,0
BRDA:67,9,0,0
BRDA:67,10,0,0
BRDA:67,10,1,0
BRDA:78,11,0,0
BRDA:78,11,1,0
BRF:20
BRH:0
end_of_record
TN:
SF:src/hooks/useCatchUpSummary.ts
FN:15,(anonymous_0)
FN:24,(anonymous_1)
FN:66,(anonymous_2)
FNF:3
FNH:0
FNDA:0,(anonymous_0)
FNDA:0,(anonymous_1)
FNDA:0,(anonymous_2)
DA:2,0
DA:3,0
DA:4,0
DA:5,0
DA:15,0
DA:16,0
DA:17,0
DA:18,0
DA:19,0
DA:21,0
DA:22,0
DA:24,0
DA:25,0
DA:26,0
DA:27,0
DA:28,0
DA:29,0
DA:32,0
DA:33,0
DA:35,0
DA:36,0
DA:37,0
DA:39,0
DA:41,0
DA:48,0
DA:49,0
DA:50,0
DA:54,0
DA:55,0
DA:57,0
DA:58,0
DA:62,0
DA:66,0
DA:67,0
DA:70,0
LF:35
LH:0
BRDA:25,0,0,0
BRDA:25,1,0,0
BRDA:25,1,1,0
BRDA:25,1,2,0
BRDA:48,2,0,0
BRDA:59,3,0,0
BRDA:59,3,1,0
BRF:7
BRH:0
end_of_record
TN:
SF:src/hooks/useDarkMode.ts
FN:4,(anonymous_0)
FN:5,(anonymous_1)
FN:16,(anonymous_2)
FN:29,(anonymous_3)
FN:31,(anonymous_4)
FN:40,(anonymous_5)
FN:43,(anonymous_6)
FNF:7
FNH:0
FNDA:0,(anonymous_0)
FNDA:0,(anonymous_1)
FNDA:0,(anonymous_2)
FNDA:0,(anonymous_3)
FNDA:0,(anonymous_4)
FNDA:0,(anonymous_5)
FNDA:0,(anonymous_6)
DA:2,0
DA:4,0
DA:5,0
DA:7,0
DA:8,0
DA:9,0
DA:13,0
DA:16,0
DA:18,0
DA:19,0
DA:21,0
DA:25,0
DA:29,0
DA:30,0
DA:31,0
DA:33,0
DA:34,0
DA:35,0
DA:39,0
DA:40,0
DA:43,0
LF:21
LH:0
BRDA:8,0,0,0
BRDA:18,1,0,0
BRDA:18,1,1,0
BRDA:34,2,0,0
BRF:4
BRH:0
end_of_record
TN:
SF:src/hooks/useDynamicStage.ts
FN:7,useDynamicStage
FN:11,(anonymous_1)
FNF:2
FNH:0
FNDA:0,useDynamicStage
FNDA:0,(anonymous_1)
DA:2,0
DA:5,0
DA:7,0
DA:9,0
DA:11,0
DA:12,0
DA:13,0
DA:14,0
DA:17,0
DA:21,0
DA:24,0
LF:11
LH:0
BRDA:12,0,0,0
BRF:1
BRH:0
end_of_record
TN:
SF:src/hooks/useFirebaseAuth.ts
FN:6,useFirebaseAuth
FN:11,(anonymous_1)
FN:12,(anonymous_2)
FN:20,(anonymous_3)
FN:33,(anonymous_4)
FN:50,(anonymous_5)
FN:60,(anonymous_6)
FNF:7
FNH:0
FNDA:0,useFirebaseAuth
FNDA:0,(anonymous_1)
FNDA:0,(anonymous_2)
FNDA:0,(anonymous_3)
FNDA:0,(anonymous_4)
FNDA:0,(anonymous_5)
FNDA:0,(anonymous_6)
DA:2,0
DA:4,0
DA:6,0
DA:7,0
DA:8,0
DA:9,0
DA:11,0
DA:12,0
DA:13,0
DA:14,0
DA:17,0
DA:20,0
DA:21,0
DA:22,0
DA:23,0
DA:24,0
DA:26,0
DA:27,0
DA:29,0
DA:33,0
DA:38,0
DA:39,0
DA:40,0
DA:41,0
DA:43,0
DA:44,0
DA:46,0
DA:50,0
DA:51,0
DA:52,0
DA:53,0
DA:55,0
DA:56,0
DA:60,0
DA:61,0
DA:62,0
DA:63,0
DA:65,0
DA:66,0
DA:70,0
LF:40
LH:0
BRDA:26,0,0,0
BRDA:26,0,1,0
BRDA:43,1,0,0
BRDA:43,1,1,0
BRDA:55,2,0,0
BRDA:55,2,1,0
BRDA:65,3,0,0
BRDA:65,3,1,0
BRF:8
BRH:0
end_of_record
TN:
SF:src/hooks/useFirebaseCareActivities.ts
FN:10,useFirebaseCareActivities
FN:15,(anonymous_1)
FN:19,(anonymous_2)
FN:30,(anonymous_3)
FN:34,(anonymous_4)
FNF:5
FNH:0
FNDA:0,useFirebaseCareActivities
FNDA:0,(anonymous_1)
FNDA:0,(anonymous_2)
FNDA:0,(anonymous_3)
FNDA:0,(anonymous_4)
DA:2,0
DA:3,0
DA:10,0
DA:11,0
DA:15,0
DA:20,0
DA:26,0
DA:28,0
DA:30,0
DA:34,0
DA:39,0
LF:11
LH:0
BRDA:16,0,0,0
BRDA:16,0,1,0
BRDA:17,1,0,0
BRDA:17,1,1,0
BRDA:20,2,0,0
BRDA:21,3,0,0
BRDA:21,3,1,0
BRDA:21,3,2,0
BRDA:21,3,3,0
BRF:9
BRH:0
end_of_record
TN:
SF:src/hooks/useFirebasePlants.ts
FN:10,useFirebasePlants
FN:15,(anonymous_1)
FN:19,(anonymous_2)
FN:25,(anonymous_3)
FN:29,(anonymous_4)
FN:33,(anonymous_5)
FN:37,(anonymous_6)
FNF:7
FNH:0
FNDA:0,useFirebasePlants
FNDA:0,(anonymous_1)
FNDA:0,(anonymous_2)
FNDA:0,(anonymous_3)
FNDA:0,(anonymous_4)
FNDA:0,(anonymous_5)
FNDA:0,(anonymous_6)
DA:2,0
DA:3,0
DA:10,0
DA:11,0
DA:15,0
DA:20,0
DA:21,0
DA:23,0
DA:25,0
DA:29,0
DA:33,0
DA:37,0
DA:42,0
LF:13
LH:0
BRDA:10,0,0,0
BRDA:17,1,0,0
BRDA:17,1,1,0
BRDA:20,2,0,0
BRDA:20,3,0,0
BRDA:20,3,1,0
BRF:6
BRH:0
end_of_record
TN:
SF:src/hooks/useFirebaseResource.ts
FN:44,useFirebaseResource
FN:55,(anonymous_1)
FN:63,(anonymous_2)
FN:71,(anonymous_3)
FN:80,(anonymous_4)
FN:88,(anonymous_5)
FN:119,(anonymous_6)
FN:133,(anonymous_7)
FN:142,(anonymous_8)
FN:150,(anonymous_9)
FN:160,(anonymous_10)
FN:170,(anonymous_11)
FN:177,(anonymous_12)
FN:205,(anonymous_13)
FN:233,(anonymous_14)
FNF:15
FNH:0
FNDA:0,useFirebaseResource
FNDA:0,(anonymous_1)
FNDA:0,(anonymous_2)
FNDA:0,(anonymous_3)
FNDA:0,(anonymous_4)
FNDA:0,(anonymous_5)
FNDA:0,(anonymous_6)
FNDA:0,(anonymous_7)
FNDA:0,(anonymous_8)
FNDA:0,(anonymous_9)
FNDA:0,(anonymous_10)
FNDA:0,(anonymous_11)
FNDA:0,(anonymous_12)
FNDA:0,(anonymous_13)
FNDA:0,(anonymous_14)
DA:6,0
DA:8,0
DA:9,0
DA:44,0
DA:48,0
DA:49,0
DA:50,0
DA:52,0
DA:55,0
DA:56,0
DA:57,0
DA:59,0
DA:63,0
DA:64,0
DA:65,0
DA:67,0
DA:71,0
DA:72,0
DA:73,0
DA:76,0
DA:80,0
DA:81,0
DA:82,0
DA:83,0
DA:84,0
DA:88,0
DA:89,0
DA:90,0
DA:91,0
DA:94,0
DA:95,0
DA:97,0
DA:99,0
DA:100,0
DA:102,0
DA:103,0
DA:104,0
DA:105,0
DA:106,0
DA:107,0
DA:110,0
DA:114,0
DA:116,0
DA:120,0
DA:121,0
DA:122,0
DA:123,0
DA:127,0
DA:129,0
DA:134,0
DA:135,0
DA:136,0
DA:137,0
DA:142,0
DA:143,0
DA:144,0
DA:145,0
DA:146,0
DA:150,0
DA:151,0
DA:152,0
DA:155,0
DA:160,0
DA:161,0
DA:163,0
DA:164,0
DA:170,0
DA:171,0
DA:173,0
DA:176,0
DA:177,0
DA:178,0
DA:179,0
DA:182,0
DA:183,0
DA:184,0
DA:186,0
DA:187,0
DA:190,0
DA:191,0
DA:195,0
DA:196,0
DA:198,0
DA:204,0
DA:205,0
DA:206,0
DA:207,0
DA:210,0
DA:211,0
DA:212,0
DA:214,0
DA:215,0
DA:218,0
DA:219,0
DA:223,0
DA:224,0
DA:226,0
DA:232,0
DA:233,0
DA:234,0
DA:235,0
DA:238,0
DA:239,0
DA:240,0
DA:242,0
DA:243,0
DA:246,0
DA:247,0
DA:251,0
DA:252,0
DA:254,0
DA:259,0
DA:262,0
LF:113
LH:0
BRDA:56,0,0,0
BRDA:59,1,0,0
BRDA:59,1,1,0
BRDA:64,2,0,0
BRDA:72,3,0,0
BRDA:81,4,0,0
BRDA:81,4,1,0
BRDA:89,5,0,0
BRDA:102,6,0,0
BRDA:114,7,0,0
BRDA:114,7,1,0
BRDA:127,8,0,0
BRDA:127,8,1,0
BRDA:161,9,0,0
BRDA:171,10,0,0
BRDA:176,11,0,0
BRDA:178,12,0,0
BRDA:186,13,0,0
BRDA:191,14,0,0
BRDA:191,14,1,0
BRDA:204,15,0,0
BRDA:206,16,0,0
BRDA:214,17,0,0
BRDA:219,18,0,0
BRDA:219,18,1,0
BRDA:232,19,0,0
BRDA:234,20,0,0
BRDA:242,21,0,0
BRDA:247,22,0,0
BRDA:247,22,1,0
BRF:30
BRH:0
end_of_record
TN:
SF:src/hooks/useFirebaseSubscription.ts
FN:18,useFirebaseSubscription
FN:30,(anonymous_1)
FN:42,(anonymous_2)
FN:51,(anonymous_3)
FNF:4
FNH:0
FNDA:0,useFirebaseSubscription
FNDA:0,(anonymous_1)
FNDA:0,(anonymous_2)
FNDA:0,(anonymous_3)
DA:1,0
DA:2,0
DA:18,0
DA:25,0
DA:26,0
DA:27,0
DA:28,0
DA:30,0
DA:31,0
DA:32,0
DA:33,0
DA:34,0
DA:37,0
DA:42,0
DA:43,0
DA:44,0
DA:45,0
DA:48,0
DA:51,0
DA:53,0
DA:54,0
DA:55,0
DA:58,0
LF:23
LH:0
BRDA:31,0,0,0
BRDA:53,1,0,0
BRDA:53,1,1,0
BRF:3
BRH:0
end_of_record
TN:
SF:src/hooks/useFirstTimeUser.ts
FN:5,(anonymous_0)
FN:9,(anonymous_1)
FN:10,(anonymous_2)
FN:32,(anonymous_3)
FNF:4
FNH:0
FNDA:0,(anonymous_0)
FNDA:0,(anonymous_1)
FNDA:0,(anonymous_2)
FNDA:0,(anonymous_3)
DA:2,0
DA:3,0
DA:5,0
DA:6,0
DA:7,0
DA:9,0
DA:10,0
DA:11,0
DA:13,0
DA:16,0
DA:20,0
DA:22,0
DA:23,0
DA:25,0
DA:29,0
DA:32,0
DA:33,0
DA:34,0
DA:37,0
LF:19
LH:0
BRDA:20,0,0,0
BRDA:20,0,1,0
BRF:2
BRH:0
end_of_record
TN:
SF:src/hooks/useNextPlantTask.ts
FN:7,(anonymous_0)
FN:11,(anonymous_1)
FN:14,(anonymous_2)
FN:35,(anonymous_3)
FNF:4
FNH:0
FNDA:0,(anonymous_0)
FNDA:0,(anonymous_1)
FNDA:0,(anonymous_2)
FNDA:0,(anonymous_3)
DA:3,0
DA:4,0
DA:7,0
DA:8,0
DA:9,0
DA:11,0
DA:12,0
DA:14,0
DA:15,0
DA:16,0
DA:17,0
DA:18,0
DA:19,0
DA:22,0
DA:23,0
DA:24,0
DA:27,0
DA:28,0
DA:33,0
DA:35,0
DA:36,0
DA:40,0
LF:22
LH:0
BRDA:18,0,0,0
BRDA:23,1,0,0
BRDA:27,2,0,0
BRF:3
BRH:0
end_of_record
TN:
SF:src/hooks/useProactiveStageAlerts.ts
FN:17,(anonymous_0)
FN:25,(anonymous_1)
FN:26,(anonymous_2)
FN:82,(anonymous_3)
FNF:4
FNH:0
FNDA:0,(anonymous_0)
FNDA:0,(anonymous_1)
FNDA:0,(anonymous_2)
FNDA:0,(anonymous_3)
DA:3,0
DA:4,0
DA:5,0
DA:7,0
DA:8,0
DA:17,0
DA:21,0
DA:22,0
DA:23,0
DA:25,0
DA:26,0
DA:27,0
DA:29,0
DA:31,0
DA:32,0
DA:34,0
DA:35,0
DA:37,0
DA:38,0
DA:39,0
DA:42,0
DA:48,0
DA:51,0
DA:52,0
DA:56,0
DA:59,0
DA:66,0
DA:70,0
DA:71,0
DA:80,0
DA:82,0
DA:85,0
DA:88,0
DA:91,0
LF:34
LH:0
BRDA:27,0,0,0
BRDA:32,1,0,0
BRDA:35,2,0,0
BRDA:37,3,0,0
BRDA:37,3,1,0
BRDA:39,4,0,0
BRDA:51,5,0,0
BRDA:51,6,0,0
BRDA:51,6,1,0
BRDA:70,7,0,0
BRDA:70,8,0,0
BRDA:70,8,1,0
BRF:12
BRH:0
end_of_record
TN:
SF:src/hooks/useScheduledTasks.ts
FN:8,useScheduledTasks
FN:14,(anonymous_1)
FN:23,(anonymous_2)
FN:28,(anonymous_3)
FN:38,(anonymous_4)
FN:39,(anonymous_5)
FN:43,(anonymous_6)
FN:44,(anonymous_7)
FN:46,(anonymous_8)
FN:49,(anonymous_9)
FN:51,(anonymous_10)
FN:61,(anonymous_11)
FN:66,(anonymous_12)
FNF:13
FNH:0
FNDA:0,useScheduledTasks
FNDA:0,(anonymous_1)
FNDA:0,(anonymous_2)
FNDA:0,(anonymous_3)
FNDA:0,(anonymous_4)
FNDA:0,(anonymous_5)
FNDA:0,(anonymous_6)
FNDA:0,(anonymous_7)
FNDA:0,(anonymous_8)
FNDA:0,(anonymous_9)
FNDA:0,(anonymous_10)
FNDA:0,(anonymous_11)
FNDA:0,(anonymous_12)
DA:2,0
DA:3,0
DA:5,0
DA:6,0
DA:8,0
DA:9,0
DA:10,0
DA:11,0
DA:12,0
DA:14,0
DA:15,0
DA:16,0
DA:17,0
DA:18,0
DA:21,0
DA:24,0
DA:25,0
DA:26,0
DA:30,0
DA:31,0
DA:35,0
DA:38,0
DA:39,0
DA:40,0
DA:43,0
DA:44,0
DA:46,0
DA:47,0
DA:49,0
DA:51,0
DA:54,0
DA:61,0
DA:62,0
DA:63,0
DA:65,0
DA:66,0
DA:70,0
LF:37
LH:0
BRDA:15,0,0,0
BRDA:40,1,0,0
BRDA:40,1,1,0
BRDA:49,2,0,0
BRDA:49,2,1,0
BRDA:55,3,0,0
BRDA:55,3,1,0
BRDA:61,4,0,0
BRDA:66,5,0,0
BRDA:66,5,1,0
BRF:10
BRH:0
end_of_record
TN:
SF:src/pages/care/CareLogForm.tsx
FN:40,(anonymous_0)
FN:94,(anonymous_1)
FN:117,(anonymous_2)
FN:118,(anonymous_3)
FN:126,CareLogForm
FN:179,(anonymous_5)
FN:182,(anonymous_6)
FN:190,(anonymous_7)
FN:191,(anonymous_8)
FN:198,(anonymous_9)
FN:223,(anonymous_10)
FN:249,(anonymous_11)
FN:252,(anonymous_12)
FN:268,(anonymous_13)
FN:280,(anonymous_14)
FN:338,(anonymous_15)
FN:355,(anonymous_16)
FN:372,(anonymous_17)
FN:422,(anonymous_18)
FN:433,(anonymous_19)
FN:516,(anonymous_20)
FN:531,(anonymous_21)
FN:577,(anonymous_22)
FN:589,(anonymous_23)
FN:613,(anonymous_24)
FN:739,(anonymous_25)
FN:762,(anonymous_26)
FN:808,(anonymous_27)
FN:873,(anonymous_28)
FN:886,(anonymous_29)
FN:913,(anonymous_30)
FNF:31
FNH:0
FNDA:0,(anonymous_0)
FNDA:0,(anonymous_1)
FNDA:0,(anonymous_2)
FNDA:0,(anonymous_3)
FNDA:0,CareLogForm
FNDA:0,(anonymous_5)
FNDA:0,(anonymous_6)
FNDA:0,(anonymous_7)
FNDA:0,(anonymous_8)
FNDA:0,(anonymous_9)
FNDA:0,(anonymous_10)
FNDA:0,(anonymous_11)
FNDA:0,(anonymous_12)
FNDA:0,(anonymous_13)
FNDA:0,(anonymous_14)
FNDA:0,(anonymous_15)
FNDA:0,(anonymous_16)
FNDA:0,(anonymous_17)
FNDA:0,(anonymous_18)
FNDA:0,(anonymous_19)
FNDA:0,(anonymous_20)
FNDA:0,(anonymous_21)
FNDA:0,(anonymous_22)
FNDA:0,(anonymous_23)
FNDA:0,(anonymous_24)
FNDA:0,(anonymous_25)
FNDA:0,(anonymous_26)
FNDA:0,(anonymous_27)
FNDA:0,(anonymous_28)
FNDA:0,(anonymous_29)
FNDA:0,(anonymous_30)
DA:1,0
DA:2,0
DA:3,0
DA:4,0
DA:5,0
DA:6,0
DA:7,0
DA:8,0
DA:9,0
DA:10,0
DA:11,0
DA:16,0
DA:18,0
DA:28,0
DA:31,0
DA:32,0
DA:34,0
DA:40,0
DA:94,0
DA:98,0
DA:99,0
DA:100,0
DA:108,0
DA:109,0
DA:110,0
DA:111,0
DA:114,0
DA:117,0
DA:118,0
DA:119,0
DA:126,0
DA:132,0
DA:133,0
DA:134,0
DA:135,0
DA:136,0
DA:137,0
DA:138,0
DA:139,0
DA:143,0
DA:144,0
DA:145,0
DA:146,0
DA:149,0
DA:151,0
DA:163,0
DA:175,0
DA:176,0
DA:177,0
DA:179,0
DA:180,0
DA:181,0
DA:182,0
DA:184,0
DA:185,0
DA:190,0
DA:191,0
DA:192,0
DA:193,0
DA:194,0
DA:195,0
DA:196,0
DA:198,0
DA:199,0
DA:200,0
DA:201,0
DA:202,0
DA:203,0
DA:204,0
DA:208,0
DA:209,0
DA:213,0
DA:217,0
DA:222,0
DA:223,0
DA:230,0
DA:231,0
DA:232,0
DA:233,0
DA:234,0
DA:237,0
DA:242,0
DA:243,0
DA:246,0
DA:249,0
DA:250,0
DA:251,0
DA:252,0
DA:254,0
DA:255,0
DA:256,0
DA:257,0
DA:259,0
DA:260,0
DA:264,0
DA:268,0
DA:269,0
DA:270,0
DA:272,0
DA:273,0
DA:274,0
DA:275,0
DA:280,0
DA:282,0
DA:283,0
DA:287,0
DA:290,0
DA:291,0
DA:292,0
DA:293,0
DA:298,0
DA:299,0
DA:303,0
DA:304,0
DA:310,0
DA:311,0
DA:312,0
DA:313,0
DA:314,0
DA:317,0
DA:324,0
DA:325,0
DA:326,0
DA:329,0
DA:330,0
DA:331,0
DA:332,0
DA:334,0
DA:338,0
DA:339,0
DA:341,0
DA:343,0
DA:345,0
DA:347,0
DA:349,0
DA:351,0
DA:355,0
DA:356,0
DA:358,0
DA:360,0
DA:362,0
DA:364,0
DA:366,0
DA:368,0
DA:372,0
DA:373,0
DA:374,0
DA:378,0
DA:379,0
DA:423,0
DA:433,0
DA:434,0
DA:516,0
DA:531,0
DA:532,0
DA:533,0
DA:537,0
DA:538,0
DA:578,0
DA:589,0
DA:590,0
DA:614,0
DA:739,0
DA:740,0
DA:742,0
DA:744,0
DA:746,0
DA:750,0
DA:751,0
DA:762,0
DA:763,0
DA:764,0
DA:765,0
DA:767,0
DA:809,0
DA:874,0
DA:887,0
DA:913,0
LF:178
LH:0
BRDA:98,0,0,0
BRDA:99,1,0,0
BRDA:108,2,0,0
BRDA:108,2,1,0
BRDA:110,3,0,0
BRDA:121,4,0,0
BRDA:121,4,1,0
BRDA:149,5,0,0
BRDA:149,5,1,0
BRDA:149,5,2,0
BRDA:151,6,0,0
BRDA:151,6,1,0
BRDA:151,6,2,0
BRDA:180,7,0,0
BRDA:180,8,0,0
BRDA:180,8,1,0
BRDA:180,8,2,0
BRDA:184,9,0,0
BRDA:192,10,0,0
BRDA:199,11,0,0
BRDA:202,12,0,0
BRDA:202,12,1,0
BRDA:203,13,0,0
BRDA:209,14,0,0
BRDA:210,15,0,0
BRDA:210,15,1,0
BRDA:217,16,0,0
BRDA:217,16,1,0
BRDA:218,17,0,0
BRDA:218,17,1,0
BRDA:231,18,0,0
BRDA:250,19,0,0
BRDA:250,19,1,0
BRDA:254,20,0,0
BRDA:254,20,1,0
BRDA:255,21,0,0
BRDA:256,22,0,0
BRDA:259,23,0,0
BRDA:272,24,0,0
BRDA:272,25,0,0
BRDA:272,25,1,0
BRDA:282,26,0,0
BRDA:282,27,0,0
BRDA:282,27,1,0
BRDA:282,27,2,0
BRDA:298,28,0,0
BRDA:298,28,1,0
BRDA:303,29,0,0
BRDA:303,30,0,0
BRDA:303,30,1,0
BRDA:303,30,2,0
BRDA:310,31,0,0
BRDA:329,32,0,0
BRDA:329,32,1,0
BRDA:339,33,0,0
BRDA:339,33,1,0
BRDA:339,33,2,0
BRDA:339,33,3,0
BRDA:339,33,4,0
BRDA:339,33,5,0
BRDA:356,34,0,0
BRDA:356,34,1,0
BRDA:356,34,2,0
BRDA:356,34,3,0
BRDA:356,34,4,0
BRDA:356,34,5,0
BRDA:373,35,0,0
BRDA:378,36,0,0
BRDA:388,37,0,0
BRDA:388,37,1,0
BRDA:396,38,0,0
BRDA:396,38,1,0
BRDA:404,39,0,0
BRDA:404,39,1,0
BRDA:408,40,0,0
BRDA:408,40,1,0
BRDA:418,41,0,0
BRDA:418,41,1,0
BRDA:418,41,2,0
BRDA:460,42,0,0
BRDA:460,42,1,0
BRDA:481,43,0,0
BRDA:481,43,1,0
BRDA:532,44,0,0
BRDA:537,45,0,0
BRDA:547,46,0,0
BRDA:547,46,1,0
BRDA:553,47,0,0
BRDA:553,47,1,0
BRDA:555,48,0,0
BRDA:555,48,1,0
BRDA:563,49,0,0
BRDA:563,49,1,0
BRDA:571,50,0,0
BRDA:571,50,1,0
BRDA:571,50,2,0
BRDA:616,51,0,0
BRDA:616,51,1,0
BRDA:622,52,0,0
BRDA:622,52,1,0
BRDA:628,53,0,0
BRDA:628,53,1,0
BRDA:671,54,0,0
BRDA:671,54,1,0
BRDA:678,55,0,0
BRDA:678,55,1,0
BRDA:687,56,0,0
BRDA:687,56,1,0
BRDA:695,57,0,0
BRDA:695,57,1,0
BRDA:701,58,0,0
BRDA:701,58,1,0
BRDA:707,59,0,0
BRDA:707,59,1,0
BRDA:718,60,0,0
BRDA:718,60,1,0
BRDA:740,61,0,0
BRDA:740,61,1,0
BRDA:740,61,2,0
BRDA:750,62,0,0
BRDA:763,63,0,0
BRDA:763,63,1,0
BRDA:764,64,0,0
BRDA:764,64,1,0
BRDA:777,65,0,0
BRDA:777,65,1,0
BRDA:810,66,0,0
BRDA:810,66,1,0
BRDA:813,67,0,0
BRDA:813,67,1,0
BRDA:817,68,0,0
BRDA:817,68,1,0
BRDA:841,69,0,0
BRDA:841,69,1,0
BRDA:861,70,0,0
BRDA:861,70,1,0
BRDA:899,71,0,0
BRDA:899,71,1,0
BRDA:952,72,0,0
BRDA:952,72,1,0
BRDA:958,73,0,0
BRDA:958,73,1,0
BRDA:965,74,0,0
BRDA:965,74,1,0
BRDA:965,74,2,0
BRDA:969,75,0,0
BRDA:969,75,1,0
BRDA:969,76,0,0
BRDA:969,76,1,0
BRF:149
BRH:0
end_of_record
TN:
SF:src/pages/care/LogCare.tsx
FN:5,(anonymous_0)
FN:20,(anonymous_1)
FNF:2
FNH:0
FNDA:0,(anonymous_0)
FNDA:0,(anonymous_1)
DA:2,0
DA:3,0
DA:5,0
DA:6,0
DA:7,0
DA:9,0
DA:21,0
DA:28,0
LF:8
LH:0
BRDA:19,0,0,0
BRDA:19,0,1,0
BRF:2
BRH:0
end_of_record
TN:
SF:src/pages/care/PhotoCapture.tsx
FN:11,PhotoCapture
FN:23,startCamera
FN:49,stopCamera
FN:51,(anonymous_3)
FN:58,capturePhoto
FN:76,(anonymous_5)
FN:90,removePhoto
FN:91,(anonymous_7)
FN:96,handleFileInput
FN:100,(anonymous_9)
FN:164,(anonymous_10)
FN:199,(anonymous_11)
FN:208,(anonymous_12)
FNF:13
FNH:0
FNDA:0,PhotoCapture
FNDA:0,startCamera
FNDA:0,stopCamera
FNDA:0,(anonymous_3)
FNDA:0,capturePhoto
FNDA:0,(anonymous_5)
FNDA:0,removePhoto
FNDA:0,(anonymous_7)
FNDA:0,handleFileInput
FNDA:0,(anonymous_9)
FNDA:0,(anonymous_10)
FNDA:0,(anonymous_11)
FNDA:0,(anonymous_12)
DA:2,0
DA:3,0
DA:11,0
DA:16,0
DA:17,0
DA:18,0
DA:19,0
DA:20,0
DA:24,0
DA:25,0
DA:27,0
DA:29,0
DA:37,0
DA:38,0
DA:39,0
DA:42,0
DA:43,0
DA:44,0
DA:50,0
DA:51,0
DA:52,0
DA:54,0
DA:59,0
DA:61,0
DA:62,0
DA:63,0
DA:65,0
DA:68,0
DA:69,0
DA:72,0
DA:75,0
DA:77,0
DA:78,0
DA:79,0
DA:86,0
DA:91,0
DA:92,0
DA:97,0
DA:98,0
DA:100,0
DA:101,0
DA:102,0
DA:103,0
DA:108,0
DA:111,0
DA:113,0
DA:200,0
DA:208,0
LF:48
LH:0
BRDA:14,0,0,0
BRDA:37,1,0,0
BRDA:50,2,0,0
BRDA:59,3,0,0
BRDA:59,4,0,0
BRDA:59,4,1,0
BRDA:65,5,0,0
BRDA:77,6,0,0
BRDA:98,7,0,0
BRDA:101,8,0,0
BRDA:116,9,0,0
BRDA:116,9,1,0
BRDA:147,10,0,0
BRDA:147,10,1,0
BRDA:181,11,0,0
BRDA:181,11,1,0
BRDA:188,12,0,0
BRDA:188,12,1,0
BRDA:197,13,0,0
BRDA:197,13,1,0
BRF:20
BRH:0
end_of_record
TN:
SF:src/pages/care/QuickCompletionButtons.tsx
FN:17,(anonymous_0)
FN:29,(anonymous_1)
FN:30,(anonymous_2)
FN:70,(anonymous_3)
FN:76,(anonymous_4)
FNF:5
FNH:0
FNDA:0,(anonymous_0)
FNDA:0,(anonymous_1)
FNDA:0,(anonymous_2)
FNDA:0,(anonymous_3)
FNDA:0,(anonymous_4)
DA:2,0
DA:3,0
DA:4,0
DA:17,0
DA:23,0
DA:27,0
DA:29,0
DA:30,0
DA:31,0
DA:32,0
DA:34,0
DA:38,0
DA:40,0
DA:41,0
DA:43,0
DA:47,0
DA:48,0
DA:52,0
DA:53,0
DA:61,0
DA:62,0
DA:65,0
DA:71,0
DA:76,0
DA:85,0
LF:25
LH:0
BRDA:21,0,0,0
BRDA:47,1,0,0
BRDA:52,2,0,0
BRDA:61,3,0,0
BRDA:61,4,0,0
BRDA:61,4,1,0
BRF:6
BRH:0
end_of_record
TN:
SF:src/pages/care/ThinningModal.tsx
FN:20,(anonymous_0)
FN:30,(anonymous_1)
FN:68,(anonymous_2)
FN:84,(anonymous_3)
FN:104,(anonymous_4)
FNF:5
FNH:0
FNDA:0,(anonymous_0)
FNDA:0,(anonymous_1)
FNDA:0,(anonymous_2)
FNDA:0,(anonymous_3)
FNDA:0,(anonymous_4)
DA:2,0
DA:3,0
DA:4,0
DA:5,0
DA:20,0
DA:26,0
DA:27,0
DA:28,0
DA:30,0
DA:31,0
DA:36,0
DA:39,0
DA:41,0
DA:68,0
DA:84,0
DA:104,0
DA:127,0
LF:17
LH:0
BRDA:26,0,0,0
BRDA:26,0,1,0
BRDA:39,1,0,0
BRDA:53,2,0,0
BRDA:53,2,1,0
BRDA:53,2,2,0
BRDA:69,3,0,0
BRDA:69,3,1,0
BRDA:69,3,2,0
BRDA:112,4,0,0
BRDA:112,4,1,0
BRF:11
BRH:0
end_of_record
TN:
SF:src/pages/catch-up/index.tsx
FN:9,(anonymous_0)
FN:19,(anonymous_1)
FN:28,(anonymous_2)
FN:43,(anonymous_3)
FNF:4
FNH:0
FNDA:0,(anonymous_0)
FNDA:0,(anonymous_1)
FNDA:0,(anonymous_2)
FNDA:0,(anonymous_3)
DA:2,0
DA:3,0
DA:4,0
DA:5,0
DA:6,0
DA:7,0
DA:9,0
DA:10,0
DA:11,0
DA:12,0
DA:14,0
DA:15,0
DA:19,0
DA:29,0
DA:39,0
DA:43,0
DA:63,0
LF:17
LH:0
BRDA:14,0,0,0
BRF:1
BRH:0
end_of_record
TN:
SF:src/pages/dashboard/TaskGroup.tsx
FN:19,(anonymous_0)
FN:27,(anonymous_1)
FN:34,(anonymous_2)
FN:83,(anonymous_3)
FNF:4
FNH:0
FNDA:0,(anonymous_0)
FNDA:0,(anonymous_1)
FNDA:0,(anonymous_2)
FNDA:0,(anonymous_3)
DA:3,0
DA:4,0
DA:5,0
DA:19,0
DA:25,0
DA:27,0
DA:28,0
DA:29,0
DA:30,0
DA:33,0
DA:34,0
DA:37,0
DA:84,0
DA:98,0
LF:14
LH:0
BRDA:34,0,0,0
BRDA:34,0,1,0
BRDA:50,1,0,0
BRDA:50,1,1,0
BRDA:51,2,0,0
BRDA:51,2,1,0
BRDA:63,3,0,0
BRDA:63,3,1,0
BRDA:80,4,0,0
BRDA:80,4,1,0
BRF:10
BRH:0
end_of_record
TN:
SF:src/pages/dashboard/TaskItem.tsx
FN:23,(anonymous_0)
FN:35,(anonymous_1)
FN:39,(anonymous_2)
FN:52,(anonymous_3)
FN:61,(anonymous_4)
FN:73,(anonymous_5)
FN:81,(anonymous_6)
FN:94,(anonymous_7)
FN:133,(anonymous_8)
FN:138,(anonymous_9)
FN:152,(anonymous_10)
FN:161,(anonymous_11)
FN:203,(anonymous_12)
FN:210,(anonymous_13)
FNF:14
FNH:0
FNDA:0,(anonymous_0)
FNDA:0,(anonymous_1)
FNDA:0,(anonymous_2)
FNDA:0,(anonymous_3)
FNDA:0,(anonymous_4)
FNDA:0,(anonymous_5)
FNDA:0,(anonymous_6)
FNDA:0,(anonymous_7)
FNDA:0,(anonymous_8)
FNDA:0,(anonymous_9)
FNDA:0,(anonymous_10)
FNDA:0,(anonymous_11)
FNDA:0,(anonymous_12)
FNDA:0,(anonymous_13)
DA:2,0
DA:3,0
DA:4,0
DA:5,0
DA:7,0
DA:23,0
DA:29,0
DA:30,0
DA:31,0
DA:32,0
DA:33,0
DA:35,0
DA:36,0
DA:39,0
DA:40,0
DA:42,0
DA:43,0
DA:44,0
DA:46,0
DA:48,0
DA:52,0
DA:53,0
DA:55,0
DA:56,0
DA:57,0
DA:59,0
DA:61,0
DA:62,0
DA:63,0
DA:64,0
DA:67,0
DA:69,0
DA:73,0
DA:74,0
DA:75,0
DA:76,0
DA:77,0
DA:78,0
DA:81,0
DA:82,0
DA:84,0
DA:86,0
DA:88,0
DA:90,0
DA:94,0
DA:95,0
DA:97,0
DA:99,0
DA:101,0
DA:103,0
DA:107,0
DA:134,0
DA:138,0
DA:152,0
DA:162,0
DA:203,0
DA:211,0
DA:212,0
DA:244,0
LF:59
LH:0
BRDA:27,0,0,0
BRDA:40,1,0,0
BRDA:53,2,0,0
BRDA:53,3,0,0
BRDA:53,3,1,0
BRDA:75,4,0,0
BRDA:76,5,0,0
BRDA:77,6,0,0
BRDA:77,7,0,0
BRDA:77,7,1,0
BRDA:82,8,0,0
BRDA:82,8,1,0
BRDA:82,8,2,0
BRDA:82,8,3,0
BRDA:95,9,0,0
BRDA:95,9,1,0
BRDA:95,9,2,0
BRDA:95,9,3,0
BRDA:130,10,0,0
BRDA:130,10,1,0
BRDA:130,10,2,0
BRDA:164,11,0,0
BRDA:164,11,1,0
BRDA:179,12,0,0
BRDA:179,12,1,0
BRDA:182,13,0,0
BRDA:182,13,1,0
BRDA:222,14,0,0
BRDA:222,14,1,0
BRDA:225,15,0,0
BRDA:225,15,1,0
BRF:31
BRH:0
end_of_record
TN:
SF:src/pages/dashboard/index.tsx
FN:27,(anonymous_0)
FN:48,(anonymous_1)
FN:49,(anonymous_2)
FN:69,(anonymous_3)
FN:70,(anonymous_4)
FN:82,(anonymous_5)
FN:87,(anonymous_6)
FN:131,(anonymous_7)
FN:146,(anonymous_8)
FN:147,(anonymous_9)
FN:154,(anonymous_10)
FN:179,(anonymous_11)
FN:190,(anonymous_12)
FN:196,(anonymous_13)
FN:221,(anonymous_14)
FN:337,(anonymous_15)
FN:346,(anonymous_16)
FN:349,(anonymous_17)
FNF:18
FNH:0
FNDA:0,(anonymous_0)
FNDA:0,(anonymous_1)
FNDA:0,(anonymous_2)
FNDA:0,(anonymous_3)
FNDA:0,(anonymous_4)
FNDA:0,(anonymous_5)
FNDA:0,(anonymous_6)
FNDA:0,(anonymous_7)
FNDA:0,(anonymous_8)
FNDA:0,(anonymous_9)
FNDA:0,(anonymous_10)
FNDA:0,(anonymous_11)
FNDA:0,(anonymous_12)
FNDA:0,(anonymous_13)
FNDA:0,(anonymous_14)
FNDA:0,(anonymous_15)
FNDA:0,(anonymous_16)
FNDA:0,(anonymous_17)
DA:2,0
DA:3,0
DA:4,0
DA:5,0
DA:6,0
DA:7,0
DA:8,0
DA:9,0
DA:10,0
DA:11,0
DA:12,0
DA:14,0
DA:15,0
DA:16,0
DA:18,0
DA:21,0
DA:27,0
DA:28,0
DA:29,0
DA:30,0
DA:31,0
DA:32,0
DA:33,0
DA:40,0
DA:44,0
DA:48,0
DA:49,0
DA:50,0
DA:51,0
DA:52,0
DA:55,0
DA:58,0
DA:60,0
DA:61,0
DA:65,0
DA:69,0
DA:70,0
DA:71,0
DA:72,0
DA:73,0
DA:75,0
DA:79,0
DA:82,0
DA:86,0
DA:87,0
DA:88,0
DA:89,0
DA:90,0
DA:93,0
DA:95,0
DA:104,0
DA:112,0
DA:113,0
DA:116,0
DA:125,0
DA:127,0
DA:128,0
DA:131,0
DA:134,0
DA:138,0
DA:141,0
DA:146,0
DA:147,0
DA:148,0
DA:149,0
DA:154,0
DA:155,0
DA:156,0
DA:158,0
DA:159,0
DA:160,0
DA:161,0
DA:164,0
DA:165,0
DA:166,0
DA:168,0
DA:169,0
DA:174,0
DA:175,0
DA:176,0
DA:177,0
DA:179,0
DA:184,0
DA:185,0
DA:186,0
DA:187,0
DA:190,0
DA:191,0
DA:192,0
DA:193,0
DA:196,0
DA:197,0
DA:198,0
DA:199,0
DA:203,0
DA:204,0
DA:211,0
DA:221,0
DA:337,0
DA:346,0
DA:350,0
DA:374,0
LF:102
LH:0
BRDA:44,0,0,0
BRDA:44,0,1,0
BRDA:45,1,0,0
BRDA:45,1,1,0
BRDA:50,2,0,0
BRDA:50,3,0,0
BRDA:50,3,1,0
BRDA:88,4,0,0
BRDA:97,5,0,0
BRDA:97,5,1,0
BRDA:98,6,0,0
BRDA:98,6,1,0
BRDA:99,7,0,0
BRDA:99,7,1,0
BRDA:101,8,0,0
BRDA:101,8,1,0
BRDA:112,9,0,0
BRDA:134,10,0,0
BRDA:134,10,1,0
BRDA:142,11,0,0
BRDA:142,11,1,0
BRDA:148,12,0,0
BRDA:158,13,0,0
BRDA:197,14,0,0
BRDA:197,15,0,0
BRDA:197,15,1,0
BRDA:203,16,0,0
BRDA:229,17,0,0
BRDA:229,17,1,0
BRDA:229,17,2,0
BRDA:244,18,0,0
BRDA:244,18,1,0
BRDA:257,19,0,0
BRDA:257,19,1,0
BRDA:260,20,0,0
BRDA:260,20,1,0
BRDA:266,21,0,0
BRDA:266,21,1,0
BRDA:280,22,0,0
BRDA:280,22,1,0
BRDA:310,23,0,0
BRDA:310,23,1,0
BRDA:326,24,0,0
BRDA:326,24,1,0
BRDA:326,25,0,0
BRDA:326,25,1,0
BRDA:368,26,0,0
BRDA:368,26,1,0
BRF:48
BRH:0
end_of_record
TN:
SF:src/pages/plants/AddPlant.tsx
FN:11,(anonymous_0)
FN:15,(anonymous_1)
FN:19,(anonymous_2)
FN:35,(anonymous_3)
FNF:4
FNH:0
FNDA:0,(anonymous_0)
FNDA:0,(anonymous_1)
FNDA:0,(anonymous_2)
FNDA:0,(anonymous_3)
DA:2,0
DA:3,0
DA:4,0
DA:5,0
DA:6,0
DA:7,0
DA:8,0
DA:9,0
DA:11,0
DA:12,0
DA:13,0
DA:15,0
DA:16,0
DA:19,0
DA:20,0
DA:23,0
DA:35,0
DA:82,0
LF:18
LH:0
BRDA:54,0,0,0
BRDA:54,0,1,0
BRF:2
BRH:0
end_of_record
TN:
SF:src/pages/plants/PlantDetail.tsx
FN:24,(anonymous_0)
FN:35,(anonymous_1)
FN:57,(anonymous_2)
FN:67,(anonymous_3)
FN:97,(anonymous_4)
FN:98,(anonymous_5)
FN:109,(anonymous_6)
FN:113,(anonymous_7)
FN:135,(anonymous_8)
FN:144,(anonymous_9)
FN:189,(anonymous_10)
FN:198,(anonymous_11)
FN:224,(anonymous_12)
FN:240,(anonymous_13)
FN:255,(anonymous_14)
FNF:15
FNH:0
FNDA:0,(anonymous_0)
FNDA:0,(anonymous_1)
FNDA:0,(anonymous_2)
FNDA:0,(anonymous_3)
FNDA:0,(anonymous_4)
FNDA:0,(anonymous_5)
FNDA:0,(anonymous_6)
FNDA:0,(anonymous_7)
FNDA:0,(anonymous_8)
FNDA:0,(anonymous_9)
FNDA:0,(anonymous_10)
FNDA:0,(anonymous_11)
FNDA:0,(anonymous_12)
FNDA:0,(anonymous_13)
FNDA:0,(anonymous_14)
DA:3,0
DA:4,0
DA:5,0
DA:6,0
DA:7,0
DA:8,0
DA:9,0
DA:11,0
DA:12,0
DA:13,0
DA:14,0
DA:15,0
DA:16,0
DA:17,0
DA:18,0
DA:19,0
DA:20,0
DA:21,0
DA:22,0
DA:24,0
DA:25,0
DA:26,0
DA:27,0
DA:29,0
DA:30,0
DA:31,0
DA:32,0
DA:33,0
DA:35,0
DA:36,0
DA:37,0
DA:38,0
DA:39,0
DA:40,0
DA:43,0
DA:44,0
DA:45,0
DA:46,0
DA:47,0
DA:52,0
DA:55,0
DA:57,0
DA:58,0
DA:59,0
DA:67,0
DA:68,0
DA:69,0
DA:70,0
DA:72,0
DA:73,0
DA:74,0
DA:75,0
DA:78,0
DA:79,0
DA:80,0
DA:81,0
DA:85,0
DA:86,0
DA:87,0
DA:88,0
DA:89,0
DA:92,0
DA:93,0
DA:95,0
DA:98,0
DA:99,0
DA:100,0
DA:102,0
DA:104,0
DA:109,0
DA:113,0
DA:114,0
DA:115,0
DA:116,0
DA:117,0
DA:122,0
DA:123,0
DA:125,0
DA:127,0
DA:128,0
DA:129,0
DA:131,0
DA:135,0
DA:136,0
DA:137,0
DA:138,0
DA:140,0
DA:144,0
DA:145,0
DA:146,0
DA:147,0
DA:150,0
DA:151,0
DA:158,0
DA:159,0
DA:181,0
DA:189,0
DA:198,0
DA:224,0
DA:242,0
DA:255,0
DA:261,0
LF:102
LH:0
BRDA:36,0,0,0
BRDA:43,1,0,0
BRDA:53,2,0,0
BRDA:53,2,1,0
BRDA:53,3,0,0
BRDA:53,3,1,0
BRDA:58,4,0,0
BRDA:72,5,0,0
BRDA:78,6,0,0
BRDA:85,7,0,0
BRDA:99,8,0,0
BRDA:99,8,1,0
BRDA:114,9,0,0
BRDA:114,10,0,0
BRDA:114,10,1,0
BRDA:127,11,0,0
BRDA:127,11,1,0
BRDA:136,12,0,0
BRDA:146,13,0,0
BRDA:150,14,0,0
BRDA:158,15,0,0
BRDA:158,16,0,0
BRDA:158,16,1,0
BRDA:164,17,0,0
BRDA:164,17,1,0
BRDA:235,18,0,0
BRDA:235,18,1,0
BRF:27
BRH:0
end_of_record
TN:
SF:src/pages/plants/Plants.tsx
FN:13,(anonymous_0)
FN:35,(anonymous_1)
FN:43,(anonymous_2)
FN:54,(anonymous_3)
FN:67,(anonymous_4)
FN:78,(anonymous_5)
FN:83,(anonymous_6)
FNF:7
FNH:0
FNDA:0,(anonymous_0)
FNDA:0,(anonymous_1)
FNDA:0,(anonymous_2)
FNDA:0,(anonymous_3)
FNDA:0,(anonymous_4)
FNDA:0,(anonymous_5)
FNDA:0,(anonymous_6)
DA:2,0
DA:3,0
DA:4,0
DA:5,0
DA:6,0
DA:7,0
DA:8,0
DA:9,0
DA:10,0
DA:13,0
DA:14,0
DA:15,0
DA:17,0
DA:18,0
DA:19,0
DA:20,0
DA:22,0
DA:23,0
DA:30,0
DA:31,0
DA:35,0
DA:41,0
DA:43,0
DA:48,0
DA:49,0
DA:50,0
DA:51,0
DA:54,0
DA:55,0
DA:56,0
DA:57,0
DA:58,0
DA:61,0
DA:67,0
DA:78,0
DA:84,0
DA:106,0
LF:37
LH:0
BRDA:22,0,0,0
BRDA:30,1,0,0
BRDA:71,2,0,0
BRDA:71,2,1,0
BRDA:100,3,0,0
BRDA:100,3,1,0
BRF:6
BRH:0
end_of_record
TN:
SF:src/pages/settings/index.tsx
FN:4,(anonymous_0)
FNF:1
FNH:0
FNDA:0,(anonymous_0)
DA:2,0
DA:4,0
DA:5,0
DA:34,0
LF:4
LH:0
BRF:0
BRH:0
end_of_record
TN:
SF:src/services/CatchUpAnalysisService.ts
FN:38,(anonymous_0)
FN:48,(anonymous_1)
FN:63,(anonymous_2)
FN:81,(anonymous_3)
FN:129,(anonymous_4)
FN:157,(anonymous_5)
FN:186,(anonymous_6)
FN:222,(anonymous_7)
FN:262,(anonymous_8)
FN:293,(anonymous_9)
FN:304,(anonymous_10)
FN:305,(anonymous_11)
FN:342,(anonymous_12)
FN:343,(anonymous_13)
FN:378,(anonymous_14)
FN:379,(anonymous_15)
FN:408,(anonymous_16)
FN:409,(anonymous_17)
FN:438,(anonymous_18)
FN:439,(anonymous_19)
FN:470,(anonymous_20)
FN:486,(anonymous_21)
FN:500,(anonymous_22)
FN:523,(anonymous_23)
FN:535,(anonymous_24)
FN:549,(anonymous_25)
FNF:26
FNH:0
FNDA:0,(anonymous_0)
FNDA:0,(anonymous_1)
FNDA:0,(anonymous_2)
FNDA:0,(anonymous_3)
FNDA:0,(anonymous_4)
FNDA:0,(anonymous_5)
FNDA:0,(anonymous_6)
FNDA:0,(anonymous_7)
FNDA:0,(anonymous_8)
FNDA:0,(anonymous_9)
FNDA:0,(anonymous_10)
FNDA:0,(anonymous_11)
FNDA:0,(anonymous_12)
FNDA:0,(anonymous_13)
FNDA:0,(anonymous_14)
FNDA:0,(anonymous_15)
FNDA:0,(anonymous_16)
FNDA:0,(anonymous_17)
FNDA:0,(anonymous_18)
FNDA:0,(anonymous_19)
FNDA:0,(anonymous_20)
FNDA:0,(anonymous_21)
FNDA:0,(anonymous_22)
FNDA:0,(anonymous_23)
FNDA:0,(anonymous_24)
FNDA:0,(anonymous_25)
DA:2,0
DA:3,0
DA:34,0
DA:35,0
DA:39,0
DA:40,0
DA:41,0
DA:43,0
DA:44,0
DA:49,0
DA:50,0
DA:51,0
DA:52,0
DA:53,0
DA:57,0
DA:59,0
DA:64,0
DA:65,0
DA:66,0
DA:68,0
DA:69,0
DA:70,0
DA:76,0
DA:87,0
DA:88,0
DA:90,0
DA:91,0
DA:93,0
DA:98,0
DA:100,0
DA:103,0
DA:104,0
DA:105,0
DA:107,0
DA:108,0
DA:109,0
DA:115,0
DA:116,0
DA:118,0
DA:119,0
DA:124,0
DA:125,0
DA:129,0
DA:131,0
DA:132,0
DA:135,0
DA:148,0
DA:151,0
DA:152,0
DA:163,0
DA:165,0
DA:166,0
DA:169,0
DA:170,0
DA:171,0
DA:174,0
DA:176,0
DA:177,0
DA:181,0
DA:183,0
DA:185,0
DA:187,0
DA:191,0
DA:192,0
DA:193,0
DA:195,0
DA:196,0
DA:218,0
DA:223,0
DA:258,0
DA:266,0
DA:268,0
DA:269,0
DA:270,0
DA:273,0
DA:274,0
DA:277,0
DA:280,0
DA:281,0
DA:284,0
DA:285,0
DA:288,0
DA:298,0
DA:299,0
DA:300,0
DA:303,0
DA:304,0
DA:305,0
DA:307,0
DA:308,0
DA:309,0
DA:311,0
DA:312,0
DA:313,0
DA:314,0
DA:316,0
DA:317,0
DA:341,0
DA:342,0
DA:343,0
DA:345,0
DA:346,0
DA:350,0
DA:352,0
DA:353,0
DA:354,0
[...]
FN:59,(anonymous_0)
FN:70,(anonymous_1)
FN:77,(anonymous_2)
FN:112,(anonymous_3)
FN:116,(anonymous_4)
FN:126,(anonymous_5)
FN:161,(anonymous_6)
FN:186,(anonymous_7)
FN:192,(anonymous_8)
FN:199,(anonymous_9)
FN:206,(anonymous_10)
FNF:11
FNH:0
FNDA:0,(anonymous_0)
FNDA:0,(anonymous_1)
FNDA:0,(anonymous_2)
FNDA:0,(anonymous_3)
FNDA:0,(anonymous_4)
FNDA:0,(anonymous_5)
FNDA:0,(anonymous_6)
FNDA:0,(anonymous_7)
FNDA:0,(anonymous_8)
FNDA:0,(anonymous_9)
FNDA:0,(anonymous_10)
DA:2,0
DA:9,0
DA:10,0
DA:11,0
DA:12,0
DA:13,0
DA:18,0
DA:28,0
DA:48,0
DA:58,0
DA:60,0
DA:61,0
DA:62,0
DA:64,0
DA:65,0
DA:66,0
DA:67,0
DA:70,0
DA:72,0
DA:73,0
DA:80,0
DA:81,0
DA:82,0
DA:84,0
DA:89,0
DA:91,0
DA:96,0
DA:98,0
DA:103,0
DA:105,0
DA:107,0
DA:108,0
DA:115,0
DA:116,0
DA:118,0
DA:120,0
DA:121,0
DA:123,0
DA:131,0
DA:132,0
DA:134,0
DA:140,0
DA:141,0
DA:143,0
DA:158,0
DA:166,0
DA:171,0
DA:172,0
DA:173,0
DA:179,0
DA:180,0
DA:190,0
DA:192,0
DA:193,0
DA:194,0
DA:203,0
DA:210,0
LF:57
LH:0
BRDA:82,0,0,0
BRDA:96,1,0,0
BRDA:103,2,0,0
BRDA:118,3,0,0
BRDA:123,4,0,0
BRDA:123,4,1,0
BRDA:132,5,0,0
BRDA:140,6,0,0
BRDA:171,7,0,0
BRDA:171,7,1,0
BRDA:180,8,0,0
BRDA:180,8,1,0
BRDA:190,9,0,0
BRDA:194,10,0,0
BRDA:194,10,1,0
BRF:15
BRH:0
end_of_record
TN:
SF:src/services/dynamicSchedulingService.ts
FN:18,(anonymous_0)
FN:50,(anonymous_1)
FN:72,(anonymous_2)
FN:88,(anonymous_3)
FN:103,(anonymous_4)
FN:106,(anonymous_5)
FN:111,(anonymous_6)
FN:115,(anonymous_7)
FN:140,(anonymous_8)
FN:150,(anonymous_9)
FN:158,(anonymous_10)
FN:202,(anonymous_11)
FNF:12
FNH:0
FNDA:0,(anonymous_0)
FNDA:0,(anonymous_1)
FNDA:0,(anonymous_2)
FNDA:0,(anonymous_3)
FNDA:0,(anonymous_4)
FNDA:0,(anonymous_5)
FNDA:0,(anonymous_6)
FNDA:0,(anonymous_7)
FNDA:0,(anonymous_8)
FNDA:0,(anonymous_9)
FNDA:0,(anonymous_10)
FNDA:0,(anonymous_11)
DA:2,0
DA:4,0
DA:5,0
DA:6,0
DA:17,0
DA:26,0
DA:27,0
DA:32,0
DA:45,0
DA:46,0
DA:55,0
DA:56,0
DA:59,0
DA:61,0
DA:62,0
DA:65,0
DA:67,0
DA:69,0
DA:81,0
DA:82,0
DA:84,0
DA:89,0
DA:94,0
DA:95,0
DA:102,0
DA:103,0
DA:106,0
DA:110,0
DA:111,0
DA:112,0
DA:114,0
DA:115,0
DA:117,0
DA:120,0
DA:121,0
DA:122,0
DA:125,0
DA:131,0
DA:132,0
DA:143,0
DA:144,0
DA:146,0
DA:148,0
DA:149,0
DA:150,0
DA:154,0
DA:157,0
DA:162,0
DA:163,0
DA:164,0
DA:166,0
DA:167,0
DA:172,0
DA:174,0
DA:175,0
DA:177,0
DA:178,0
DA:183,0
DA:184,0
DA:202,0
DA:204,0
DA:205,0
LF:62
LH:0
BRDA:61,0,0,0
BRDA:61,1,0,0
BRDA:61,1,1,0
BRDA:75,2,0,0
BRDA:89,3,0,0
BRDA:89,3,1,0
BRDA:94,4,0,0
BRDA:121,5,0,0
BRDA:121,6,0,0
BRDA:121,6,1,0
BRDA:148,7,0,0
BRDA:163,8,0,0
BRDA:175,9,0,0
BRDA:183,10,0,0
BRDA:190,11,0,0
BRDA:190,11,1,0
BRF:16
BRH:0
end_of_record
TN:
SF:src/services/index.ts
FN:2,(anonymous_0)
FN:3,(anonymous_1)
FN:7,(anonymous_2)
FN:7,(anonymous_3)
FNF:4
FNH:0
FNDA:0,(anonymous_0)
FNDA:0,(anonymous_1)
FNDA:0,(anonymous_2)
FNDA:0,(anonymous_3)
DA:2,0
DA:3,0
DA:7,0
LF:3
LH:0
BRF:0
BRH:0
end_of_record
TN:
SF:src/services/smartDefaultsService.ts
FN:56,(anonymous_0)
FN:81,(anonymous_1)
FN:98,(anonymous_2)
FN:136,(anonymous_3)
FN:254,(anonymous_5)
FN:271,(anonymous_6)
FN:293,(anonymous_7)
FN:351,(anonymous_8)
FN:363,(anonymous_9)
FNF:9
FNH:0
FNDA:0,(anonymous_0)
FNDA:0,(anonymous_1)
FNDA:0,(anonymous_2)
FNDA:0,(anonymous_3)
FNDA:0,(anonymous_5)
FNDA:0,(anonymous_6)
FNDA:0,(anonymous_7)
FNDA:0,(anonymous_8)
FNDA:0,(anonymous_9)
DA:3,0
DA:10,0
DA:11,0
DA:12,0
DA:55,0
DA:59,0
DA:60,0
DA:61,0
DA:63,0
DA:68,0
DA:69,0
DA:71,0
DA:76,0
DA:77,0
DA:85,0
DA:89,0
DA:102,0
DA:107,0
DA:108,0
DA:125,0
DA:129,0
DA:130,0
DA:133,0
DA:143,0
DA:191,0
DA:194,0
DA:196,0
DA:197,0
DA:211,0
DA:219,0
DA:220,0
DA:221,0
DA:223,0
DA:228,0
DA:230,0
DA:237,0
DA:239,0
DA:246,0
DA:249,0
DA:250,0
DA:258,0
DA:259,0
DA:263,0
DA:264,0
DA:269,0
DA:270,0
DA:272,0
DA:276,0
DA:277,0
DA:289,0
DA:299,0
DA:300,0
DA:306,0
DA:318,0
DA:319,0
DA:320,0
DA:322,0
DA:323,0
DA:333,0
DA:334,0
DA:345,0
DA:348,0
DA:355,0
DA:357,0
DA:362,0
DA:363,0
DA:364,0
DA:365,0
DA:379,0
LF:69
LH:0
BRDA:61,0,0,0
BRDA:107,1,0,0
BRDA:107,2,0,0
BRDA:107,2,1,0
BRDA:112,3,0,0
BRDA:112,3,1,0
BRDA:113,4,0,0
BRDA:113,4,1,0
BRDA:115,5,0,0
BRDA:115,5,1,0
BRDA:129,6,0,0
BRDA:191,7,0,0
BRDA:191,7,1,0
BRDA:196,8,0,0
BRDA:217,9,0,0
BRDA:221,10,0,0
BRDA:228,11,0,0
BRDA:228,11,1,0
BRDA:228,11,2,0
BRDA:228,11,3,0
BRDA:263,12,0,0
BRDA:263,13,0,0
BRDA:263,13,1,0
BRDA:269,14,0,0
BRDA:269,15,0,0
BRDA:269,15,1,0
BRDA:272,16,0,0
BRDA:272,16,1,0
BRDA:276,17,0,0
BRDA:297,18,0,0
BRDA:312,19,0,0
BRDA:312,19,1,0
BRDA:318,20,0,0
BRDA:322,21,0,0
BRDA:322,22,0,0
BRDA:322,22,1,0
BRDA:333,23,0,0
BRDA:348,24,0,0
BRDA:348,24,1,0
BRDA:362,25,0,0
BRDA:362,26,0,0
BRDA:362,26,1,0
BRDA:364,27,0,0
BRDA:364,27,1,0
BRDA:372,28,0,0
BRDA:372,28,1,0
BRF:46
BRH:0
end_of_record
TN:
SF:src/services/successionPlanningService.ts
FN:16,(anonymous_0)
FN:24,(anonymous_1)
FN:65,(anonymous_2)
FN:96,(anonymous_3)
FN:116,(anonymous_4)
FN:151,(anonymous_5)
FN:173,(anonymous_6)
FN:200,(anonymous_7)
FN:202,(anonymous_8)
FN:210,(anonymous_9)
FNF:10
FNH:0
FNDA:0,(anonymous_0)
FNDA:0,(anonymous_1)
FNDA:0,(anonymous_2)
FNDA:0,(anonymous_3)
FNDA:0,(anonymous_4)
FNDA:0,(anonymous_5)
FNDA:0,(anonymous_6)
FNDA:0,(anonymous_7)
FNDA:0,(anonymous_8)
FNDA:0,(anonymous_9)
DA:1,0
DA:12,0
DA:17,0
DA:18,0
DA:19,0
DA:23,0
DA:24,0
DA:25,0
DA:29,0
DA:32,0
DA:33,0
DA:35,0
DA:36,0
DA:37,0
DA:38,0
DA:39,0
DA:40,0
DA:45,0
DA:48,0
DA:54,0
DA:70,0
DA:71,0
DA:74,0
DA:75,0
DA:76,0
DA:84,0
DA:85,0
DA:90,0
DA:101,0
DA:103,0
DA:104,0
DA:106,0
DA:107,0
DA:110,0
DA:123,0
DA:124,0
DA:126,0
DA:127,0
DA:128,0
DA:131,0
DA:132,0
DA:133,0
DA:136,0
DA:145,0
DA:155,0
DA:161,0
DA:163,0
DA:178,0
DA:185,0
DA:193,0
DA:194,0
DA:201,0
DA:202,0
DA:203,0
DA:215,0
DA:216,0
DA:218,0
DA:219,0
DA:221,0
DA:222,0
DA:223,0
DA:227,0
DA:234,0
LF:63
LH:0
BRDA:18,0,0,0
BRDA:37,1,0,0
BRDA:37,2,0,0
BRDA:37,2,1,0
BRDA:38,3,0,0
BRDA:38,3,1,0
BRDA:84,4,0,0
BRDA:106,5,0,0
BRDA:106,6,0,0
BRDA:106,6,1,0
BRDA:132,7,0,0
BRDA:152,8,0,0
BRDA:219,9,0,0
BRDA:219,10,0,0
BRDA:219,10,1,0
BRDA:222,11,0,0
BRDA:222,12,0,0
BRDA:222,12,1,0
BRDA:223,13,0,0
BRDA:223,13,1,0
BRF:20
BRH:0
end_of_record
TN:
SF:src/services/firebase/authService.ts
FN:14,(anonymous_0)
FN:19,(anonymous_1)
FN:33,(anonymous_2)
FN:37,(anonymous_3)
FN:41,(anonymous_4)
FN:45,(anonymous_5)
FNF:6
FNH:0
FNDA:0,(anonymous_0)
FNDA:0,(anonymous_1)
FNDA:0,(anonymous_2)
FNDA:0,(anonymous_3)
FNDA:0,(anonymous_4)
FNDA:0,(anonymous_5)
DA:2,0
DA:11,0
DA:13,0
DA:15,0
DA:16,0
DA:24,0
DA:26,0
DA:27,0
DA:30,0
DA:34,0
DA:38,0
DA:42,0
DA:46,0
LF:13
LH:0
BRDA:26,0,0,0
BRF:1
BRH:0
end_of_record
TN:
SF:src/services/firebase/careActivityService.ts
FN:23,(anonymous_0)
FN:45,(anonymous_1)
FN:59,(anonymous_2)
FN:60,(anonymous_3)
FN:68,(anonymous_4)
FN:80,(anonymous_5)
FN:81,(anonymous_6)
FN:90,(anonymous_7)
FN:110,(anonymous_8)
FNF:9
FNH:0
FNDA:0,(anonymous_0)
FNDA:0,(anonymous_1)
FNDA:0,(anonymous_2)
FNDA:0,(anonymous_3)
FNDA:0,(anonymous_4)
FNDA:0,(anonymous_5)
FNDA:0,(anonymous_6)
FNDA:0,(anonymous_7)
FNDA:0,(anonymous_8)
DA:2,0
DA:12,0
DA:13,0
DA:20,0
DA:21,0
DA:27,0
DA:34,0
DA:38,0
DA:42,0
DA:51,0
DA:59,0
DA:60,0
DA:61,0
DA:62,0
DA:64,0
DA:73,0
DA:80,0
DA:81,0
DA:82,0
DA:83,0
DA:85,0
DA:95,0
DA:96,0
DA:97,0
DA:99,0
DA:107,0
DA:108,0
DA:110,0
DA:111,0
DA:112,0
DA:117,0
DA:119,0
DA:120,0
LF:33
LH:0
BRDA:49,0,0,0
BRDA:71,1,0,0
BRDA:93,2,0,0
BRF:3
BRH:0
end_of_record
TN:
SF:src/services/firebase/config.mock.ts
FNF:0
FNH:0
DA:1,0
DA:2,0
DA:3,0
LF:3
LH:0
BRF:0
BRH:0
end_of_record
TN:
SF:src/services/firebase/config.prod.ts
FNF:0
FNH:0
DA:2,0
DA:3,0
DA:4,0
DA:5,0
DA:7,0
DA:17,0
DA:20,0
DA:21,0
DA:22,0
LF:9
LH:0
BRF:0
BRH:0
end_of_record
TN:
SF:src/services/firebase/config.ts
FNF:0
FNH:0
DA:2,0
DA:3,0
DA:4,0
DA:5,0
DA:7,0
DA:16,0
DA:18,0
DA:19,0
DA:20,0
LF:9
LH:0
BRF:0
BRH:0
end_of_record
TN:
SF:src/services/firebase/plantService.ts
FN:26,(anonymous_0)
FN:42,(anonymous_1)
FN:47,(anonymous_2)
FN:58,(anonymous_3)
FN:82,(anonymous_4)
FN:86,(anonymous_5)
FN:99,(anonymous_6)
FN:109,(anonymous_7)
FN:113,(anonymous_8)
FN:117,(anonymous_9)
FN:134,(anonymous_10)
FN:143,(anonymous_11)
FNF:12
FNH:0
FNDA:0,(anonymous_0)
FNDA:0,(anonymous_1)
FNDA:0,(anonymous_2)
FNDA:0,(anonymous_3)
FNDA:0,(anonymous_4)
FNDA:0,(anonymous_5)
FNDA:0,(anonymous_6)
FNDA:0,(anonymous_7)
FNDA:0,(anonymous_8)
FNDA:0,(anonymous_9)
FNDA:0,(anonymous_10)
FNDA:0,(anonymous_11)
DA:2,0
DA:14,0
DA:15,0
DA:21,0
DA:23,0
DA:24,0
DA:30,0
DA:31,0
DA:39,0
DA:44,0
DA:48,0
DA:51,0
DA:52,0
DA:55,0
DA:63,0
DA:66,0
DA:68,0
DA:71,0
DA:78,0
DA:80,0
DA:83,0
DA:85,0
DA:86,0
DA:87,0
DA:88,0
DA:97,0
DA:100,0
DA:101,0
DA:105,0
DA:113,0
DA:114,0
DA:115,0
DA:118,0
DA:119,0
DA:122,0
DA:123,0
DA:124,0
DA:125,0
DA:128,0
DA:130,0
DA:132,0
DA:135,0
DA:136,0
DA:137,0
DA:147,0
DA:154,0
DA:155,0
DA:156,0
LF:48
LH:0
BRDA:34,0,0,0
BRDA:34,0,1,0
BRDA:61,1,0,0
BRDA:66,2,0,0
BRDA:66,2,1,0
BRDA:118,3,0,0
BRDA:118,3,1,0
BRDA:122,4,0,0
BRF:8
BRH:0
end_of_record
TN:
SF:src/services/firebase/scheduledTaskService.ts
FN:45,(anonymous_0)
FN:66,(anonymous_1)
FN:70,(anonymous_2)
FN:76,(anonymous_3)
FN:87,(anonymous_4)
FN:125,(anonymous_6)
FN:126,(anonymous_7)
FN:144,(anonymous_8)
FN:151,(anonymous_9)
FN:169,(anonymous_10)
FN:188,(anonymous_11)
FN:208,(anonymous_12)
FN:233,(anonymous_13)
FNF:13
FNH:0
FNDA:0,(anonymous_0)
FNDA:0,(anonymous_1)
FNDA:0,(anonymous_2)
FNDA:0,(anonymous_3)
FNDA:0,(anonymous_4)
FNDA:0,(anonymous_6)
FNDA:0,(anonymous_7)
FNDA:0,(anonymous_8)
FNDA:0,(anonymous_9)
FNDA:0,(anonymous_10)
FNDA:0,(anonymous_11)
FNDA:0,(anonymous_12)
FNDA:0,(anonymous_13)
DA:2,0
DA:15,0
DA:42,0
DA:43,0
DA:49,0
DA:62,0
DA:63,0
DA:70,0
DA:71,0
DA:73,0
DA:77,0
DA:78,0
DA:84,0
DA:85,0
DA:87,0
DA:88,0
DA:89,0
DA:104,0
DA:106,0
DA:107,0
DA:116,0
DA:123,0
DA:126,0
DA:127,0
DA:128,0
DA:142,0
DA:146,0
DA:147,0
DA:155,0
DA:156,0
DA:163,0
DA:164,0
DA:165,0
DA:168,0
DA:169,0
DA:170,0
DA:173,0
DA:174,0
DA:178,0
DA:184,0
DA:192,0
DA:193,0
DA:194,0
DA:196,0
DA:205,0
DA:206,0
DA:208,0
DA:209,0
DA:210,0
DA:225,0
DA:227,0
DA:228,0
DA:237,0
DA:238,0
DA:239,0
DA:244,0
DA:245,0
LF:57
LH:0
BRDA:164,0,0,0
BRDA:190,1,0,0
BRF:2
BRH:0
end_of_record
TN:
SF:src/types/consolidated.ts
FN:728,isValidStageForCategory
FN:741,(anonymous_1)
FN:745,(anonymous_2)
FN:749,(anonymous_3)
FN:770,(anonymous_4)
FN:790,(anonymous_5)
FN:803,(anonymous_6)
FNF:7
FNH:0
FNDA:0,isValidStageForCategory
FNDA:0,(anonymous_1)
FNDA:0,(anonymous_2)
FNDA:0,(anonymous_3)
FNDA:0,(anonymous_4)
FNDA:0,(anonymous_5)
FNDA:0,(anonymous_6)
DA:8,0
DA:665,0
DA:728,0
DA:732,0
DA:741,0
DA:742,0
DA:745,0
DA:746,0
DA:749,0
DA:752,0
DA:770,0
DA:772,0
DA:790,0
DA:793,0
DA:803,0
DA:805,0
LF:16
LH:0
BRDA:756,0,0,0
BRDA:756,0,1,0
BRF:2
BRH:0
end_of_record
TN:
SF:src/types/database.ts
FN:26,(anonymous_0)
FN:79,(anonymous_1)
FN:100,(anonymous_2)
FN:102,(anonymous_3)
FN:105,(anonymous_4)
FN:109,(anonymous_5)
FN:120,(anonymous_6)
FN:127,(anonymous_7)
FN:165,(anonymous_8)
FN:169,(anonymous_9)
FN:182,(anonymous_10)
FN:187,(anonymous_11)
FN:193,(anonymous_12)
FN:200,(anonymous_13)
FN:221,(anonymous_14)
FN:228,(anonymous_15)
FN:235,(anonymous_16)
FN:243,(anonymous_17)
FN:249,(anonymous_18)
FN:270,(anonymous_19)
FN:272,(anonymous_20)
FN:275,(anonymous_21)
FN:279,(anonymous_22)
FN:290,(anonymous_23)
FNF:24
FNH:0
FNDA:0,(anonymous_0)
FNDA:0,(anonymous_1)
FNDA:0,(anonymous_2)
FNDA:0,(anonymous_3)
FNDA:0,(anonymous_4)
FNDA:0,(anonymous_5)
FNDA:0,(anonymous_6)
FNDA:0,(anonymous_7)
FNDA:0,(anonymous_8)
FNDA:0,(anonymous_9)
FNDA:0,(anonymous_10)
FNDA:0,(anonymous_11)
FNDA:0,(anonymous_12)
FNDA:0,(anonymous_13)
FNDA:0,(anonymous_14)
FNDA:0,(anonymous_15)
FNDA:0,(anonymous_16)
FNDA:0,(anonymous_17)
FNDA:0,(anonymous_18)
FNDA:0,(anonymous_19)
FNDA:0,(anonymous_20)
FNDA:0,(anonymous_21)
FNDA:0,(anonymous_22)
FNDA:0,(anonymous_23)
DA:1,0
DA:2,0
DA:13,0
DA:14,0
DA:18,0
DA:19,0
DA:20,0
DA:21,0
DA:22,0
DA:23,0
DA:24,0
DA:27,0
DA:29,0
DA:41,0
DA:52,0
DA:63,0
DA:75,0
DA:78,0
DA:82,0
DA:83,0
DA:84,0
DA:91,0
DA:92,0
DA:93,0
DA:95,0
DA:96,0
DA:101,0
DA:102,0
DA:106,0
DA:113,0
DA:117,0
DA:121,0
DA:122,0
DA:126,0
DA:133,0
DA:134,0
DA:139,0
DA:140,0
DA:143,0
DA:146,0
DA:147,0
DA:148,0
DA:156,0
DA:157,0
DA:158,0
DA:160,0
DA:161,0
DA:166,0
DA:170,0
DA:171,0
DA:173,0
DA:175,0
DA:176,0
DA:177,0
DA:181,0
DA:182,0
DA:184,0
DA:190,0
DA:194,0
DA:195,0
DA:199,0
DA:203,0
DA:204,0
DA:205,0
DA:212,0
DA:213,0
DA:214,0
DA:216,0
DA:217,0
DA:225,0
DA:228,0
DA:232,0
DA:236,0
DA:244,0
DA:248,0
DA:252,0
DA:253,0
DA:254,0
DA:261,0
DA:262,0
DA:263,0
DA:265,0
DA:266,0
DA:271,0
DA:272,0
DA:276,0
DA:283,0
DA:287,0
DA:291,0
DA:292,0
LF:90
LH:0
BRDA:139,0,0,0
BRDA:175,1,0,0
BRDA:175,1,1,0
BRDA:176,2,0,0
BRDA:232,3,0,0
BRDA:232,3,1,0
BRDA:243,4,0,0
BRF:7
BRH:0
end_of_record
TN:
SF:src/types/index.ts
FN:5,(anonymous_4)
FN:5,(anonymous_5)
FN:5,(anonymous_6)
FN:5,(anonymous_7)
FN:5,(anonymous_8)
FNF:5
FNH:0
FNDA:0,(anonymous_4)
FNDA:0,(anonymous_5)
FNDA:0,(anonymous_6)
FNDA:0,(anonymous_7)
FNDA:0,(anonymous_8)
DA:2,0
DA:5,0
LF:2
LH:0
BRF:0
BRH:0
end_of_record
TN:
SF:src/utils/cn.ts
FN:4,cn
FN:8,generateUUID
FN:9,(anonymous_2)
FNF:3
FNH:0
FNDA:0,cn
FNDA:0,generateUUID
FNDA:0,(anonymous_2)
DA:1,0
DA:2,0
DA:4,0
DA:5,0
DA:8,0
DA:9,0
DA:10,0
DA:11,0
DA:12,0
LF:9
LH:0
BRDA:11,0,0,0
BRDA:11,0,1,0
BRF:2
BRH:0
end_of_record
TN:
SF:src/utils/dateUtils.ts
FN:4,formatDate
FN:12,getDaysSincePlanting
FN:18,formatDateTime
FN:27,formatTime
FN:34,formatDueIn
FN:51,calculatePriority
FN:60,ensureDateObject
FNF:7
FNH:0
FNDA:0,formatDate
FNDA:0,getDaysSincePlanting
FNDA:0,formatDateTime
FNDA:0,formatTime
FNDA:0,formatDueIn
FNDA:0,calculatePriority
FNDA:0,ensureDateObject
DA:2,0
DA:4,0
DA:5,0
DA:12,0
DA:13,0
DA:14,0
DA:15,0
DA:18,0
DA:19,0
DA:27,0
DA:28,0
DA:34,0
DA:35,0
DA:36,0
DA:38,0
DA:39,0
DA:42,0
DA:43,0
DA:44,0
DA:45,0
DA:47,0
DA:51,0
DA:54,0
DA:55,0
DA:56,0
DA:57,0
DA:60,0
DA:61,0
LF:28
LH:0
BRDA:38,0,0,0
BRDA:38,0,1,0
BRDA:40,1,0,0
BRDA:40,1,1,0
BRDA:42,2,0,0
BRDA:42,2,1,0
BRDA:44,3,0,0
BRDA:44,3,1,0
BRDA:54,4,0,0
BRDA:55,5,0,0
BRDA:56,6,0,0
BRDA:61,7,0,0
BRDA:61,7,1,0
BRF:13
BRH:0
end_of_record
TN:
SF:src/utils/errorHandler.ts
FN:28,(anonymous_0)
FN:45,(anonymous_1)
FN:66,(anonymous_2)
FN:83,(anonymous_3)
FN:102,(anonymous_4)
FN:119,(anonymous_5)
FN:147,withErrorHandling
FN:148,(anonymous_7)
FN:151,(anonymous_8)
FN:154,(anonymous_9)
FNF:10
FNH:0
FNDA:0,(anonymous_0)
FNDA:0,(anonymous_1)
FNDA:0,(anonymous_2)
FNDA:0,(anonymous_3)
FNDA:0,(anonymous_4)
FNDA:0,(anonymous_5)
FNDA:0,withErrorHandling
FNDA:0,(anonymous_7)
FNDA:0,(anonymous_8)
FNDA:0,(anonymous_9)
DA:6,0
DA:24,0
DA:32,0
DA:33,0
DA:34,0
DA:36,0
DA:37,0
DA:38,0
DA:50,0
DA:51,0
DA:53,0
DA:54,0
DA:59,0
DA:70,0
DA:71,0
DA:72,0
DA:74,0
DA:75,0
DA:76,0
DA:84,0
DA:85,0
DA:88,0
DA:89,0
DA:92,0
DA:93,0
DA:96,0
DA:108,0
DA:120,0
DA:123,0
DA:132,0
DA:133,0
DA:134,0
DA:135,0
DA:139,0
DA:140,0
DA:147,0
DA:148,0
DA:149,0
DA:151,0
DA:152,0
DA:153,0
DA:154,0
LF:42
LH:0
BRDA:84,0,0,0
BRDA:88,1,0,0
BRDA:92,2,0,0
BRDA:92,3,0,0
BRDA:92,3,1,0
BRDA:92,3,2,0
BRDA:133,4,0,0
BRDA:155,5,0,0
BRDA:155,5,1,0
BRF:9
BRH:0
end_of_record
TN:
SF:src/utils/fertilizationUtils.ts
FN:4,(anonymous_0)
FN:19,(anonymous_1)
FN:34,(anonymous_2)
FN:49,(anonymous_3)
FNF:4
FNH:0
FNDA:0,(anonymous_0)
FNDA:0,(anonymous_1)
FNDA:0,(anonymous_2)
FNDA:0,(anonymous_3)
DA:4,0
DA:5,0
DA:7,0
DA:9,0
DA:11,0
DA:13,0
DA:15,0
DA:19,0
DA:20,0
DA:22,0
DA:24,0
DA:26,0
DA:28,0
DA:30,0
DA:34,0
DA:35,0
DA:37,0
DA:39,0
DA:41,0
DA:43,0
DA:45,0
DA:49,0
DA:50,0
LF:23
LH:0
BRDA:5,0,0,0
BRDA:5,0,1,0
BRDA:5,0,2,0
BRDA:5,0,3,0
BRDA:5,0,4,0
BRDA:20,1,0,0
BRDA:20,1,1,0
BRDA:20,1,2,0
BRDA:20,1,3,0
BRDA:20,1,4,0
BRDA:35,2,0,0
BRDA:35,2,1,0
BRDA:35,2,2,0
BRDA:35,2,3,0
BRDA:35,2,4,0
BRF:15
BRH:0
end_of_record
TN:
SF:src/utils/growthStage.ts
FN:23,calculateStageFromSeedVarieties
FN:28,(anonymous_1)
FN:70,calculateCurrentStageWithVariety
FN:94,(anonymous_3)
FN:139,calculateCurrentStage
FN:165,getNextStage
FN:184,getStageProgress
FN:224,estimateStageTransition
FN:252,formatStageProgress
FNF:9
FNH:0
FNDA:0,calculateStageFromSeedVarieties
FNDA:0,(anonymous_1)
FNDA:0,calculateCurrentStageWithVariety
FNDA:0,(anonymous_3)
FNDA:0,calculateCurrentStage
FNDA:0,getNextStage
FNDA:0,getStageProgress
FNDA:0,estimateStageTransition
FNDA:0,formatStageProgress
DA:3,0
DA:5,0
DA:7,0
DA:23,0
DA:28,0
DA:30,0
DA:31,0
DA:32,0
DA:35,0
DA:39,0
DA:41,0
DA:44,0
DA:45,0
DA:46,0
DA:48,0
DA:52,0
DA:53,0
DA:54,0
DA:55,0
DA:59,0
DA:70,0
DA:76,0
DA:77,0
DA:78,0
DA:81,0
DA:82,0
DA:84,0
DA:87,0
DA:92,0
DA:94,0
DA:97,0
DA:100,0
DA:101,0
DA:103,0
DA:110,0
DA:111,0
DA:115,0
DA:117,0
DA:121,0
DA:122,0
DA:123,0
DA:124,0
DA:128,0
DA:139,0
DA:144,0
DA:146,0
DA:147,0
DA:148,0
DA:149,0
DA:150,0
DA:154,0
DA:155,0
DA:157,0
DA:165,0
DA:166,0
DA:175,0
DA:177,0
DA:178,0
DA:181,0
DA:184,0
DA:189,0
DA:190,0
DA:196,0
DA:197,0
DA:199,0
DA:201,0
DA:202,0
DA:203,0
DA:205,0
DA:206,0
DA:207,0
DA:209,0
DA:211,0
DA:212,0
DA:216,0
DA:220,0
DA:221,0
DA:224,0
DA:229,0
DA:231,0
DA:233,0
DA:234,0
DA:236,0
DA:237,0
DA:239,0
DA:241,0
DA:245,0
DA:246,0
DA:249,0
DA:252,0
DA:253,0
LF:91
LH:0
BRDA:26,0,0,0
BRDA:30,1,0,0
BRDA:39,2,0,0
BRDA:45,3,0,0
BRDA:52,4,0,0
BRDA:53,5,0,0
BRDA:53,5,1,0
BRDA:54,6,0,0
BRDA:73,7,0,0
BRDA:74,8,0,0
BRDA:76,9,0,0
BRDA:76,10,0,0
BRDA:76,10,1,0
BRDA:82,11,0,0
BRDA:101,12,0,0
BRDA:110,13,0,0
BRDA:121,14,0,0
BRDA:122,15,0,0
BRDA:122,15,1,0
BRDA:123,16,0,0
BRDA:142,17,0,0
BRDA:146,18,0,0
BRDA:147,19,0,0
BRDA:148,20,0,0
BRDA:150,21,0,0
BRDA:155,22,0,0
BRDA:177,23,0,0
BRDA:177,24,0,0
BRDA:177,24,1,0
BRDA:187,25,0,0
BRDA:199,26,0,0
BRDA:199,26,1,0
BRDA:199,26,2,0
BRDA:199,26,3,0
BRDA:199,26,4,0
BRDA:199,26,5,0
BRDA:231,27,0,0
BRDA:231,27,1,0
BRDA:231,27,2,0
BRDA:231,27,3,0
BRDA:231,27,4,0
BRDA:231,27,5,0
BRF:42
BRH:0
end_of_record
TN:
SF:src/utils/logger.ts
FN:6,(anonymous_0)
FN:20,(anonymous_1)
FN:29,(anonymous_2)
FN:38,(anonymous_3)
FN:47,(anonymous_4)
FN:54,(anonymous_5)
FN:63,(anonymous_6)
FN:72,(anonymous_7)
FNF:8
FNH:0
FNDA:0,(anonymous_0)
FNDA:0,(anonymous_1)
FNDA:0,(anonymous_2)
FNDA:0,(anonymous_3)
FNDA:0,(anonymous_4)
FNDA:0,(anonymous_5)
FNDA:0,(anonymous_6)
FNDA:0,(anonymous_7)
DA:6,0
DA:7,0
DA:8,0
DA:9,0
DA:10,0
DA:13,0
DA:14,0
DA:15,0
DA:21,0
DA:22,0
DA:30,0
DA:31,0
DA:39,0
DA:40,0
DA:48,0
DA:55,0
DA:56,0
DA:64,0
DA:65,0
DA:73,0
DA:74,0
LF:21
LH:0
BRDA:6,0,0,0
BRDA:6,0,1,0
BRDA:21,1,0,0
BRDA:21,2,0,0
BRDA:21,2,1,0
BRDA:30,3,0,0
BRDA:39,4,0,0
BRDA:55,5,0,0
BRDA:55,6,0,0
BRDA:55,6,1,0
BRDA:64,7,0,0
BRDA:64,8,0,0
BRDA:64,8,1,0
BRDA:73,9,0,0
BRDA:73,10,0,0
BRDA:73,10,1,0
BRF:16
BRH:0
end_of_record
TN:
SF:src/utils/plantDisplay.ts
FN:8,getPlantDisplayName
FNF:1
FNH:0
FNDA:0,getPlantDisplayName
DA:8,0
DA:10,0
DA:11,0
DA:15,0
DA:16,0
DA:19,0
LF:6
LH:0
BRDA:10,0,0,0
BRDA:15,1,0,0
BRF:2
BRH:0
end_of_record
TN:
SF:src/utils/plantGrouping.ts
FN:16,(anonymous_0)
FN:21,(anonymous_1)
FN:35,(anonymous_2)
FN:52,(anonymous_3)
FN:58,(anonymous_4)
FNF:5
FNH:0
FNDA:0,(anonymous_0)
FNDA:0,(anonymous_1)
FNDA:0,(anonymous_2)
FNDA:0,(anonymous_3)
FNDA:0,(anonymous_4)
DA:16,0
DA:19,0
DA:21,0
DA:23,0
DA:27,0
DA:28,0
DA:30,0
DA:33,0
DA:35,0
DA:36,0
DA:39,0
DA:41,0
DA:52,0
DA:58,0
LF:14
LH:0
BRDA:25,0,0,0
BRDA:25,0,1,0
BRDA:27,1,0,0
BRDA:36,2,0,0
BRDA:52,3,0,0
BRDA:52,3,1,0
BRDA:52,4,0,0
BRDA:52,4,1,0
BRDA:54,5,0,0
BRDA:54,5,1,0
BRF:10
BRH:0
end_of_record
TN:
SF:src/utils/plantStage.ts
FN:6,getPlantCurrentStage
FN:21,(anonymous_1)
FNF:2
FNH:0
FNDA:0,getPlantCurrentStage
FNDA:0,(anonymous_1)
DA:2,0
DA:3,0
DA:6,0
DA:14,0
DA:15,0
DA:17,0
DA:19,0
DA:20,0
DA:21,0
DA:24,0
DA:25,0
DA:31,0
DA:32,0
DA:35,0
DA:37,0
DA:38,0
LF:16
LH:0
BRDA:17,0,0,0
BRDA:24,1,0,0
BRF:2
BRH:0
end_of_record
TN:
SF:src/utils/wateringResolver.ts
FN:67,(anonymous_0)
FN:114,(anonymous_1)
FN:140,(anonymous_2)
FNF:3
FNH:0
FNDA:0,(anonymous_0)
FNDA:0,(anonymous_1)
FNDA:0,(anonymous_2)
DA:2,0
DA:16,0
DA:18,0
DA:72,0
DA:73,0
DA:83,0
DA:87,0
DA:88,0
DA:92,0
DA:93,0
DA:94,0
DA:95,0
DA:105,0
DA:118,0
DA:119,0
DA:120,0
DA:124,0
DA:125,0
DA:127,0
DA:128,0
DA:137,0
DA:145,0
DA:148,0
DA:149,0
DA:150,0
DA:151,0
DA:157,0
DA:164,0
DA:165,0
DA:166,0
DA:177,0
LF:31
LH:0
BRDA:72,0,0,0
BRDA:87,1,0,0
BRDA:93,2,0,0
BRDA:93,3,0,0
BRDA:93,3,1,0
BRDA:119,4,0,0
BRDA:127,5,0,0
BRDA:148,6,0,0
BRDA:165,7,0,0
BRF:9
BRH:0
end_of_record
