TN:
SF:src/App.tsx
FN:16,(anonymous_0)
FN:23,(anonymous_1)
FNF:2
FNH:0
FNDA:0,(anonymous_0)
FNDA:0,(anonymous_1)
DA:1,0
DA:2,0
DA:3,0
DA:4,0
DA:5,0
DA:6,0
DA:7,0
DA:8,0
DA:9,0
DA:10,0
DA:11,0
DA:12,0
DA:13,0
DA:14,0
DA:16,0
DA:17,0
DA:18,0
DA:19,0
DA:23,0
DA:24,0
DA:27,0
DA:28,0
DA:35,0
DA:36,0
DA:39,0
DA:54,0
LF:26
LH:0
BRDA:27,0,0,0
BRDA:35,1,0,0
BRF:2
BRH:0
end_of_record
TN:
SF:src/__tests__/e2e/plant-registration.spec.ts
FN:4,(anonymous_0)
FN:5,(anonymous_1)
FN:7,(anonymous_2)
FN:18,(anonymous_3)
FN:41,(anonymous_4)
FN:72,(anonymous_5)
FN:84,(anonymous_6)
FN:104,(anonymous_7)
FNF:8
FNH:0
FNDA:0,(anonymous_0)
FNDA:0,(anonymous_1)
FNDA:0,(anonymous_2)
FNDA:0,(anonymous_3)
FNDA:0,(anonymous_4)
FNDA:0,(anonymous_5)
FNDA:0,(anonymous_6)
FNDA:0,(anonymous_7)
DA:2,0
DA:4,0
DA:5,0
DA:7,0
DA:8,0
DA:18,0
DA:19,0
DA:38,0
DA:41,0
DA:43,0
DA:46,0
DA:49,0
DA:50,0
DA:53,0
DA:56,0
DA:61,0
DA:64,0
DA:67,0
DA:72,0
DA:74,0
DA:77,0
DA:78,0
DA:81,0
DA:84,0
DA:85,0
DA:87,0
DA:88,0
DA:91,0
DA:92,0
DA:93,0
DA:95,0
DA:97,0
DA:99,0
DA:104,0
DA:105,0
DA:106,0
DA:109,0
DA:111,0
DA:112,0
DA:114,0
LF:40
LH:0
BRF:0
BRH:0
end_of_record
TN:
SF:src/__tests__/utils/careActivityHelpers.ts
FN:4,(anonymous_0)
FN:31,(anonymous_1)
FN:58,(anonymous_2)
FN:85,(anonymous_3)
FNF:4
FNH:0
FNDA:0,(anonymous_0)
FNDA:0,(anonymous_1)
FNDA:0,(anonymous_2)
FNDA:0,(anonymous_3)
DA:4,0
DA:5,0
DA:7,0
DA:9,0
DA:11,0
DA:13,0
DA:15,0
DA:17,0
DA:19,0
DA:21,0
DA:23,0
DA:25,0
DA:27,0
DA:31,0
DA:32,0
DA:34,0
DA:36,0
DA:38,0
DA:40,0
DA:42,0
DA:44,0
DA:46,0
DA:48,0
DA:50,0
DA:52,0
DA:54,0
DA:58,0
DA:59,0
DA:61,0
DA:63,0
DA:65,0
DA:67,0
DA:69,0
DA:71,0
DA:73,0
DA:75,0
DA:77,0
DA:79,0
DA:81,0
DA:85,0
DA:86,0
DA:87,0
DA:88,0
LF:43
LH:0
BRDA:5,0,0,0
BRDA:5,0,1,0
BRDA:5,0,2,0
BRDA:5,0,3,0
BRDA:5,0,4,0
BRDA:5,0,5,0
BRDA:5,0,6,0
BRDA:5,0,7,0
BRDA:5,0,8,0
BRDA:5,0,9,0
BRDA:5,0,10,0
BRDA:32,1,0,0
BRDA:32,1,1,0
BRDA:32,1,2,0
BRDA:32,1,3,0
BRDA:32,1,4,0
BRDA:32,1,5,0
BRDA:32,1,6,0
BRDA:32,1,7,0
BRDA:32,1,8,0
BRDA:32,1,9,0
BRDA:32,1,10,0
BRDA:59,2,0,0
BRDA:59,2,1,0
BRDA:59,2,2,0
BRDA:59,2,3,0
BRDA:59,2,4,0
BRDA:59,2,5,0
BRDA:59,2,6,0
BRDA:59,2,7,0
BRDA:59,2,8,0
BRDA:59,2,9,0
BRDA:59,2,10,0
BRDA:86,3,0,0
BRDA:87,4,0,0
BRF:35
BRH:0
end_of_record
TN:
SF:src/__tests__/utils/mockServices.helper.tsx
FN:17,(anonymous_0)
FN:19,(anonymous_1)
FN:20,(anonymous_2)
FN:28,(anonymous_3)
FN:29,(anonymous_4)
FN:37,(anonymous_5)
FN:38,(anonymous_6)
FN:47,(anonymous_7)
FN:48,(anonymous_8)
FN:63,(anonymous_9)
FN:65,(anonymous_10)
FN:67,(anonymous_11)
FN:71,(anonymous_12)
FN:72,(anonymous_13)
FN:78,(anonymous_14)
FN:94,(anonymous_15)
FN:96,(anonymous_16)
FN:106,(anonymous_17)
FN:112,(anonymous_18)
FN:121,(anonymous_19)
FN:172,(anonymous_20)
FN:181,(anonymous_21)
FN:189,(anonymous_22)
FN:196,(anonymous_23)
FN:232,(anonymous_24)
FN:249,(anonymous_25)
FN:256,(anonymous_26)
FN:257,(anonymous_27)
FN:270,(anonymous_28)
FN:281,(anonymous_29)
FN:299,(anonymous_30)
FN:301,(anonymous_31)
FN:309,(anonymous_32)
FN:316,(anonymous_33)
FNF:34
FNH:15
FNDA:10,(anonymous_0)
FNDA:1,(anonymous_1)
FNDA:0,(anonymous_2)
FNDA:1,(anonymous_3)
FNDA:0,(anonymous_4)
FNDA:1,(anonymous_5)
FNDA:0,(anonymous_6)
FNDA:1,(anonymous_7)
FNDA:0,(anonymous_8)
FNDA:10,(anonymous_9)
FNDA:0,(anonymous_10)
FNDA:0,(anonymous_11)
FNDA:0,(anonymous_12)
FNDA:0,(anonymous_13)
FNDA:0,(anonymous_14)
FNDA:0,(anonymous_15)
FNDA:0,(anonymous_16)
FNDA:11,(anonymous_17)
FNDA:10,(anonymous_18)
FNDA:10,(anonymous_19)
FNDA:0,(anonymous_20)
FNDA:10,(anonymous_21)
FNDA:10,(anonymous_22)
FNDA:2,(anonymous_23)
FNDA:1,(anonymous_24)
FNDA:10,(anonymous_25)
FNDA:0,(anonymous_26)
FNDA:0,(anonymous_27)
FNDA:10,(anonymous_28)
FNDA:0,(anonymous_29)
FNDA:0,(anonymous_30)
FNDA:0,(anonymous_31)
FNDA:0,(anonymous_32)
FNDA:0,(anonymous_33)
DA:4,1
DA:5,1
DA:8,1
DA:17,1
DA:19,10
DA:20,0
DA:28,10
DA:29,0
DA:37,10
DA:38,0
DA:47,10
DA:48,0
DA:63,1
DA:65,10
DA:67,0
DA:71,10
DA:73,0
DA:78,10
DA:93,10
DA:94,10
DA:96,0
DA:99,10
DA:106,1
DA:107,11
DA:113,10
DA:114,10
DA:115,10
DA:123,10
DA:172,10
DA:190,10
DA:211,2
DA:214,2
DA:215,2
DA:217,2
DA:218,2
DA:220,2
DA:221,2
DA:233,1
DA:235,1
DA:236,1
DA:238,0
DA:239,0
DA:241,0
DA:242,0
DA:250,10
DA:257,0
DA:258,0
DA:259,0
DA:270,1
DA:271,10
DA:272,10
DA:273,10
DA:275,10
DA:281,1
DA:282,0
DA:283,0
DA:285,0
DA:295,1
DA:300,0
DA:301,0
DA:302,0
DA:310,0
DA:317,0
DA:326,1
LF:64
LH:42
BRDA:205,0,0,1
BRDA:206,1,0,2
BRDA:207,2,0,2
BRDA:208,3,0,1
BRDA:209,4,0,1
BRDA:210,5,0,0
BRDA:232,6,0,0
BRDA:233,7,0,1
BRDA:233,7,1,0
BRDA:233,7,2,0
BRF:10
BRH:6
end_of_record
TN:
SF:src/__tests__/utils/testDataFactories.ts
FN:301,(anonymous_0)
FN:23,(anonymous_1)
FN:51,(anonymous_2)
FN:56,(anonymous_3)
FN:87,(anonymous_4)
FN:112,(anonymous_5)
FN:130,(anonymous_6)
FN:131,(anonymous_7)
FN:137,(anonymous_8)
FN:138,(anonymous_9)
FN:144,(anonymous_10)
FN:152,(anonymous_11)
FN:177,(anonymous_12)
FN:250,(anonymous_13)
FN:267,(anonymous_14)
FN:286,(anonymous_15)
FN:306,(anonymous_16)
FN:336,(anonymous_17)
FN:396,(anonymous_18)
FNF:19
FNH:13
FNDA:0,(anonymous_0)
FNDA:9,(anonymous_1)
FNDA:79,(anonymous_2)
FNDA:869,(anonymous_3)
FNDA:28,(anonymous_4)
FNDA:10,(anonymous_5)
FNDA:43,(anonymous_6)
FNDA:452,(anonymous_7)
FNDA:0,(anonymous_8)
FNDA:0,(anonymous_9)
FNDA:23,(anonymous_10)
FNDA:0,(anonymous_11)
FNDA:5,(anonymous_12)
FNDA:0,(anonymous_13)
FNDA:0,(anonymous_14)
FNDA:2,(anonymous_15)
FNDA:16,(anonymous_16)
FNDA:1,(anonymous_17)
FNDA:2,(anonymous_18)
DA:3,11
DA:12,11
DA:13,11
DA:15,11
DA:23,11
DA:24,9
DA:51,11
DA:56,869
DA:58,79
DA:87,11
DA:90,28
DA:97,28
DA:112,11
DA:114,10
DA:130,11
DA:131,452
DA:137,11
DA:138,0
DA:144,11
DA:148,23
DA:149,23
DA:150,0
DA:152,0
DA:157,23
DA:177,11
DA:179,5
DA:180,5
DA:181,5
DA:183,5
DA:207,5
DA:229,5
DA:246,5
DA:250,11
DA:253,0
DA:267,11
DA:273,0
DA:286,11
DA:289,2
DA:290,2
DA:291,0
DA:294,2
DA:301,11
DA:306,11
DA:309,16
DA:316,16
DA:336,11
DA:339,1
DA:387,1
DA:396,11
DA:399,2
DA:529,2
DA:536,11
LF:52
LH:46
BRDA:23,0,0,9
BRDA:52,1,0,30
BRDA:56,2,0,79
BRDA:56,2,1,0
BRDA:60,3,0,79
BRDA:60,3,1,39
BRDA:61,4,0,79
BRDA:61,4,1,32
BRDA:62,5,0,79
BRDA:62,5,1,61
BRDA:88,6,0,0
BRDA:113,7,0,0
BRDA:146,8,0,0
BRDA:149,9,0,0
BRDA:186,10,0,5
BRDA:186,10,1,0
BRDA:187,11,0,5
BRDA:187,11,1,0
BRDA:193,12,0,5
BRDA:193,12,1,0
BRDA:194,13,0,5
BRDA:194,13,1,0
BRDA:200,14,0,5
BRDA:200,14,1,0
BRDA:201,15,0,5
BRDA:201,15,1,0
BRDA:251,16,0,0
BRDA:269,17,0,0
BRDA:270,18,0,0
BRDA:271,19,0,0
BRDA:290,20,0,0
BRDA:307,21,0,11
BRDA:337,22,0,0
BRDA:397,23,0,0
BRF:34
BRH:16
end_of_record
TN:
SF:src/__tests__/utils/testHelpers.tsx
FN:21,(anonymous_0)
FN:39,(anonymous_1)
FN:57,(anonymous_2)
FN:69,(anonymous_3)
FN:90,(anonymous_4)
FN:97,(anonymous_5)
FN:98,(anonymous_6)
FN:99,(anonymous_7)
FN:100,(anonymous_8)
FN:101,(anonymous_9)
FNF:10
FNH:2
FNDA:6,(anonymous_0)
FNDA:6,(anonymous_1)
FNDA:0,(anonymous_2)
FNDA:0,(anonymous_3)
FNDA:0,(anonymous_4)
FNDA:0,(anonymous_5)
FNDA:0,(anonymous_6)
FNDA:0,(anonymous_7)
FNDA:0,(anonymous_8)
FNDA:0,(anonymous_9)
DA:5,1
DA:6,1
DA:7,1
DA:8,1
DA:9,1
DA:21,1
DA:37,6
DA:39,6
DA:41,6
DA:44,6
DA:45,6
DA:48,0
DA:51,6
DA:57,1
DA:58,0
DA:59,0
DA:60,0
DA:61,0
DA:62,0
DA:63,0
DA:69,1
DA:70,0
DA:73,0
DA:76,0
DA:79,0
DA:82,0
DA:84,0
DA:90,1
DA:91,0
DA:92,0
DA:96,1
DA:97,1
DA:98,1
DA:99,1
DA:100,1
DA:101,1
LF:36
LH:21
BRDA:23,0,0,6
BRDA:26,1,0,6
BRDA:27,2,0,6
BRDA:44,3,0,6
BRF:4
BRH:4
end_of_record
TN:
SF:src/__tests__/utils/testSetup.tsx
FN:30,(anonymous_0)
FN:47,(anonymous_1)
FN:76,(anonymous_2)
FN:98,(anonymous_3)
FN:112,(anonymous_4)
FN:126,(anonymous_5)
FN:138,(anonymous_6)
FN:166,(anonymous_7)
FN:209,(anonymous_8)
FN:225,(anonymous_9)
FN:236,(anonymous_10)
FN:247,(anonymous_11)
FN:258,(anonymous_12)
FN:276,(anonymous_13)
FN:284,(anonymous_14)
FN:291,(anonymous_15)
FN:292,(anonymous_16)
FN:296,(anonymous_17)
FN:307,(anonymous_18)
FN:308,(anonymous_19)
FN:309,(anonymous_20)
FN:310,(anonymous_21)
FN:311,(anonymous_22)
FN:312,(anonymous_23)
FN:313,(anonymous_24)
FN:314,(anonymous_25)
FN:315,(anonymous_26)
FNF:27
FNH:18
FNDA:42,(anonymous_0)
FNDA:42,(anonymous_1)
FNDA:42,(anonymous_2)
FNDA:75,(anonymous_3)
FNDA:5,(anonymous_4)
FNDA:5,(anonymous_5)
FNDA:8,(anonymous_6)
FNDA:9,(anonymous_7)
FNDA:5,(anonymous_8)
FNDA:0,(anonymous_9)
FNDA:1,(anonymous_10)
FNDA:1,(anonymous_11)
FNDA:2,(anonymous_12)
FNDA:35,(anonymous_13)
FNDA:35,(anonymous_14)
FNDA:6,(anonymous_15)
FNDA:35,(anonymous_16)
FNDA:35,(anonymous_17)
FNDA:0,(anonymous_18)
FNDA:2,(anonymous_19)
FNDA:0,(anonymous_20)
FNDA:0,(anonymous_21)
FNDA:0,(anonymous_22)
FNDA:0,(anonymous_23)
FNDA:0,(anonymous_24)
FNDA:0,(anonymous_25)
FNDA:0,(anonymous_26)
DA:4,5
DA:5,5
DA:6,5
DA:8,5
DA:11,5
DA:12,5
DA:30,5
DA:40,42
DA:44,42
DA:45,0
DA:47,42
DA:49,42
DA:54,42
DA:55,21
DA:56,20
DA:62,1
DA:66,42
DA:70,42
DA:76,5
DA:77,42
DA:98,5
DA:99,75
DA:112,5
DA:113,5
DA:115,5
DA:116,5
DA:117,5
DA:118,5
DA:120,5
DA:126,5
DA:127,5
DA:128,5
DA:138,5
DA:139,8
DA:166,5
DA:168,9
DA:169,9
DA:170,9
DA:178,9
DA:179,9
DA:180,9
DA:188,9
DA:189,9
DA:190,9
DA:205,5
DA:210,5
DA:211,5
DA:213,5
DA:219,5
DA:226,0
DA:237,1
DA:248,1
DA:259,2
DA:260,2
DA:265,2
DA:276,5
DA:277,35
DA:278,35
DA:284,5
DA:285,35
DA:291,5
DA:292,6
DA:293,35
DA:296,6
DA:297,35
DA:306,5
DA:307,5
DA:308,7
DA:309,5
DA:310,5
DA:311,5
DA:312,5
DA:313,5
DA:314,5
DA:315,5
LF:75
LH:73
BRDA:32,0,0,18
BRDA:35,1,0,21
BRDA:36,2,0,40
BRDA:37,3,0,40
BRDA:38,4,0,42
BRDA:44,5,0,0
BRDA:44,5,1,42
BRDA:54,6,0,21
BRDA:55,7,0,20
BRDA:55,7,1,1
BRDA:166,8,0,0
BRDA:168,9,0,9
BRDA:171,10,0,9
BRDA:171,10,1,2
BRDA:172,11,0,9
BRDA:172,11,1,8
BRDA:173,12,0,9
BRDA:173,12,1,8
BRDA:178,13,0,9
BRDA:181,14,0,9
BRDA:181,14,1,0
BRDA:182,15,0,9
BRDA:182,15,1,8
BRDA:183,16,0,9
BRDA:183,16,1,8
BRDA:188,17,0,9
BRDA:191,18,0,9
BRDA:191,18,1,0
BRDA:192,19,0,9
BRDA:192,19,1,8
BRDA:193,20,0,9
BRDA:193,20,1,8
BRDA:247,21,0,0
BRF:33
BRH:28
end_of_record
TN:
SF:src/components/AuthForm.tsx
FN:8,(anonymous_0)
FN:15,(anonymous_1)
FN:52,(anonymous_2)
FN:71,(anonymous_3)
FN:89,(anonymous_4)
FN:106,(anonymous_5)
FNF:6
FNH:0
FNDA:0,(anonymous_0)
FNDA:0,(anonymous_1)
FNDA:0,(anonymous_2)
FNDA:0,(anonymous_3)
FNDA:0,(anonymous_4)
FNDA:0,(anonymous_5)
DA:2,0
DA:3,0
DA:4,0
DA:5,0
DA:6,0
DA:8,0
DA:9,0
DA:10,0
DA:11,0
DA:12,0
DA:13,0
DA:15,0
DA:16,0
DA:18,0
DA:19,0
DA:20,0
DA:22,0
DA:29,0
DA:53,0
DA:72,0
DA:90,0
DA:106,0
LF:22
LH:0
BRDA:19,0,0,0
BRDA:19,0,1,0
BRDA:34,1,0,0
BRDA:34,1,1,0
BRDA:39,2,0,0
BRDA:39,2,1,0
BRDA:96,3,0,0
BRDA:96,3,1,0
BRDA:99,4,0,0
BRDA:99,4,1,0
BRDA:108,5,0,0
BRDA:108,5,1,0
BRF:12
BRH:0
end_of_record
TN:
SF:src/components/Layout.tsx
FN:9,(anonymous_0)
FNF:1
FNH:0
FNDA:0,(anonymous_0)
DA:2,0
DA:3,0
DA:9,0
DA:10,0
DA:65,0
LF:5
LH:0
BRF:0
BRH:0
end_of_record
TN:
SF:src/components/Navigation.tsx
FN:7,(anonymous_0)
FN:19,(anonymous_1)
FNF:2
FNH:2
FNDA:6,(anonymous_0)
FNDA:18,(anonymous_1)
DA:2,1
DA:3,1
DA:4,1
DA:5,1
DA:7,1
DA:8,6
DA:10,6
DA:16,6
DA:20,18
DA:46,1
LF:10
LH:10
BRDA:26,0,0,6
BRDA:26,0,1,12
BRF:2
BRH:2
end_of_record
TN:
SF:src/components/care/SectionApplyCard.tsx
FN:30,(anonymous_0)
FN:48,(anonymous_1)
FN:53,(anonymous_2)
FN:58,(anonymous_3)
FN:60,(anonymous_4)
FN:75,(anonymous_5)
FN:77,(anonymous_6)
FN:83,(anonymous_7)
FN:86,(anonymous_8)
FN:126,(anonymous_9)
FN:139,(anonymous_10)
FN:149,(anonymous_11)
FN:164,(anonymous_12)
FN:165,(anonymous_13)
FN:199,(anonymous_14)
FN:201,(anonymous_15)
FN:203,(anonymous_16)
FN:203,(anonymous_17)
FNF:18
FNH:16
FNDA:16,(anonymous_0)
FNDA:3,(anonymous_1)
FNDA:6,(anonymous_2)
FNDA:4,(anonymous_3)
FNDA:0,(anonymous_4)
FNDA:16,(anonymous_5)
FNDA:6,(anonymous_6)
FNDA:16,(anonymous_7)
FNDA:6,(anonymous_8)
FNDA:16,(anonymous_9)
FNDA:0,(anonymous_10)
FNDA:2,(anonymous_11)
FNDA:4,(anonymous_12)
FNDA:3,(anonymous_13)
FNDA:6,(anonymous_14)
FNDA:6,(anonymous_15)
FNDA:4,(anonymous_16)
FNDA:2,(anonymous_17)
DA:5,3
DA:6,3
DA:7,3
DA:8,3
DA:9,3
DA:10,3
DA:30,3
DA:40,16
DA:41,16
DA:42,16
DA:44,16
DA:45,16
DA:46,16
DA:48,16
DA:49,3
DA:50,3
DA:52,3
DA:53,6
DA:54,3
DA:55,3
DA:58,4
DA:59,3
DA:60,2
DA:63,0
DA:64,0
DA:71,3
DA:75,16
DA:76,16
DA:77,6
DA:78,4
DA:80,12
DA:83,16
DA:84,16
DA:85,13
DA:86,6
DA:87,4
DA:88,4
DA:89,2
DA:91,9
DA:94,16
DA:127,16
DA:140,0
DA:149,2
DA:165,4
DA:166,4
DA:199,6
DA:201,6
DA:203,4
DA:204,2
DA:217,3
LF:50
LH:47
BRDA:37,0,0,15
BRDA:38,1,0,16
BRDA:59,2,0,2
BRDA:68,3,0,0
BRDA:68,3,1,0
BRDA:76,4,0,4
BRDA:78,5,0,2
BRDA:78,5,1,2
BRDA:80,6,0,12
BRDA:80,6,1,0
BRDA:84,7,0,3
BRDA:85,8,0,4
BRDA:88,9,0,2
BRDA:112,10,0,16
BRDA:112,10,1,15
BRDA:112,10,2,12
BRDA:115,11,0,16
BRDA:115,11,1,3
BRDA:121,12,0,16
BRDA:121,12,1,16
BRDA:134,13,0,16
BRDA:134,13,1,0
BRDA:153,14,0,2
BRDA:153,14,1,14
BRDA:155,15,0,2
BRDA:155,15,1,14
BRDA:162,16,0,16
BRDA:162,16,1,2
BRDA:173,17,0,4
BRDA:173,17,1,0
BRDA:179,18,0,4
BRDA:179,18,1,2
BRDA:181,19,0,1
BRDA:181,19,1,1
BRDA:196,20,0,16
BRDA:196,20,1,4
BRDA:196,20,2,3
BRDA:201,21,0,3
BRDA:201,21,1,2
BRF:39
BRH:34
end_of_record
TN:
SF:src/components/dashboard/StageAlertCard.tsx
FN:18,(anonymous_0)
FN:25,(anonymous_1)
FN:65,(anonymous_2)
FN:73,(anonymous_3)
FNF:4
FNH:0
FNDA:0,(anonymous_0)
FNDA:0,(anonymous_1)
FNDA:0,(anonymous_2)
FNDA:0,(anonymous_3)
DA:3,0
DA:4,0
DA:5,0
DA:6,0
DA:8,0
DA:9,0
DA:18,0
DA:23,0
DA:25,0
DA:26,0
DA:27,0
DA:29,0
DA:30,0
DA:32,0
DA:35,0
DA:65,0
DA:73,0
DA:84,0
LF:18
LH:0
BRDA:26,0,0,0
BRDA:29,1,0,0
BRDA:49,2,0,0
BRDA:49,2,1,0
BRF:4
BRH:0
end_of_record
TN:
SF:src/components/fertilization/FertilizationDashboardSection.tsx
FN:26,(anonymous_0)
FN:32,(anonymous_1)
FN:33,(anonymous_2)
FN:37,(anonymous_3)
FN:39,(anonymous_4)
FN:51,(anonymous_5)
FN:95,(anonymous_6)
FN:118,(anonymous_7)
FN:142,(anonymous_8)
FNF:9
FNH:7
FNDA:18,(anonymous_0)
FNDA:8,(anonymous_1)
FNDA:8,(anonymous_2)
FNDA:8,(anonymous_3)
FNDA:6,(anonymous_4)
FNDA:0,(anonymous_5)
FNDA:8,(anonymous_6)
FNDA:6,(anonymous_7)
FNDA:0,(anonymous_8)
DA:1,1
DA:2,1
DA:3,1
DA:4,1
DA:12,1
DA:14,1
DA:26,1
DA:27,18
DA:29,18
DA:30,18
DA:32,8
DA:33,6
DA:34,8
DA:35,8
DA:37,8
DA:39,6
DA:40,6
DA:41,6
DA:42,6
DA:45,6
DA:47,6
DA:51,0
DA:96,8
DA:119,6
DA:143,0
DA:166,1
LF:26
LH:24
BRDA:30,0,0,12
BRDA:62,1,0,6
BRDA:62,1,1,6
BRDA:68,2,0,6
BRDA:68,2,1,4
BRDA:74,3,0,6
BRDA:74,3,1,0
BRDA:83,4,0,6
BRDA:83,4,1,6
BRDA:86,5,0,6
BRDA:86,5,1,6
BRDA:109,6,0,6
BRDA:109,6,1,4
BRDA:132,7,0,6
BRDA:132,7,1,0
BRDA:138,8,0,0
BRDA:138,8,1,0
BRDA:153,9,0,0
BRDA:153,9,1,0
BRF:19
BRH:13
end_of_record
TN:
SF:src/components/fertilization/FertilizationTaskCard.tsx
FN:29,(anonymous_0)
FN:42,(anonymous_1)
FN:55,(anonymous_2)
FN:68,(anonymous_3)
FN:77,(anonymous_4)
FN:106,(anonymous_5)
FN:219,(anonymous_6)
FN:229,(anonymous_7)
FNF:8
FNH:5
FNDA:14,(anonymous_0)
FNDA:14,(anonymous_1)
FNDA:14,(anonymous_2)
FNDA:14,(anonymous_3)
FNDA:14,(anonymous_4)
FNDA:0,(anonymous_5)
FNDA:0,(anonymous_6)
FNDA:0,(anonymous_7)
DA:1,1
DA:3,1
DA:4,1
DA:5,1
DA:6,1
DA:16,1
DA:29,1
DA:38,14
DA:39,14
DA:40,14
DA:42,14
DA:43,14
DA:45,0
DA:47,0
DA:49,0
DA:51,14
DA:55,14
DA:56,14
DA:58,0
DA:60,0
DA:62,0
DA:64,14
DA:68,14
DA:69,14
DA:70,0
DA:71,0
DA:72,0
DA:73,0
DA:74,0
DA:77,14
DA:78,14
DA:79,14
DA:85,0
DA:86,0
DA:92,0
DA:93,0
DA:99,0
DA:106,14
DA:107,0
DA:113,0
DA:116,14
DA:118,14
DA:219,0
DA:229,0
DA:250,1
LF:45
LH:25
BRDA:34,0,0,14
BRDA:35,1,0,14
BRDA:36,2,0,14
BRDA:43,3,0,0
BRDA:43,3,1,0
BRDA:43,3,2,0
BRDA:43,3,3,14
BRDA:56,4,0,0
BRDA:56,4,1,0
BRDA:56,4,2,0
BRDA:56,4,3,14
BRDA:69,5,0,14
BRDA:70,6,0,0
BRDA:72,7,0,0
BRDA:78,8,0,14
BRDA:85,9,0,0
BRDA:92,10,0,0
BRDA:138,11,0,14
BRDA:138,11,1,0
BRDA:138,12,0,0
BRDA:138,12,1,0
BRDA:189,13,0,14
BRDA:189,13,1,0
BRDA:189,13,2,0
BRDA:207,14,0,14
BRDA:207,14,1,14
BRDA:240,15,0,14
BRDA:240,15,1,0
BRF:28
BRH:12
end_of_record
TN:
SF:src/components/layouts/EmptyState.tsx
FN:16,(anonymous_0)
FN:64,(anonymous_1)
FNF:2
FNH:0
FNDA:0,(anonymous_0)
FNDA:0,(anonymous_1)
DA:2,0
DA:3,0
DA:4,0
DA:5,0
DA:16,0
DA:24,0
DA:65,0
DA:79,0
LF:8
LH:0
BRDA:22,0,0,0
BRDA:28,1,0,0
BRDA:28,1,1,0
BRDA:58,2,0,0
BRDA:58,2,1,0
BRF:5
BRH:0
end_of_record
TN:
SF:src/components/layouts/Welcome.tsx
FN:7,(anonymous_0)
FN:81,(anonymous_1)
FN:87,(anonymous_2)
FN:108,(anonymous_3)
FNF:4
FNH:0
FNDA:0,(anonymous_0)
FNDA:0,(anonymous_1)
FNDA:0,(anonymous_2)
FNDA:0,(anonymous_3)
DA:2,0
DA:3,0
DA:4,0
DA:5,0
DA:7,0
DA:8,0
DA:10,0
DA:81,0
DA:82,0
DA:83,0
DA:87,0
DA:88,0
DA:89,0
DA:93,0
DA:94,0
DA:95,0
DA:97,0
DA:109,0
DA:237,0
LF:19
LH:0
BRDA:82,0,0,0
BRDA:88,1,0,0
BRDA:112,2,0,0
BRDA:112,2,1,0
BRDA:114,3,0,0
BRDA:114,3,1,0
BRDA:133,4,0,0
BRDA:133,4,1,0
BRDA:176,5,0,0
BRDA:176,5,1,0
BRDA:202,6,0,0
BRDA:202,6,1,0
BRF:12
BRH:0
end_of_record
TN:
SF:src/components/plant/BedLayoutVisualizer.tsx
FN:37,BedLayoutVisualizer
FN:49,(anonymous_1)
FN:75,(anonymous_2)
FN:84,(anonymous_3)
FN:96,(anonymous_4)
FN:125,(anonymous_5)
FN:140,(anonymous_6)
FN:156,(anonymous_7)
FN:158,(anonymous_8)
FN:228,(anonymous_9)
FN:240,(anonymous_10)
FN:241,(anonymous_11)
FN:242,(anonymous_12)
FN:305,(anonymous_13)
FN:319,(anonymous_14)
FN:321,(anonymous_15)
FNF:16
FNH:0
FNDA:0,BedLayoutVisualizer
FNDA:0,(anonymous_1)
FNDA:0,(anonymous_2)
FNDA:0,(anonymous_3)
FNDA:0,(anonymous_4)
FNDA:0,(anonymous_5)
FNDA:0,(anonymous_6)
FNDA:0,(anonymous_7)
FNDA:0,(anonymous_8)
FNDA:0,(anonymous_9)
FNDA:0,(anonymous_10)
FNDA:0,(anonymous_11)
FNDA:0,(anonymous_12)
FNDA:0,(anonymous_13)
FNDA:0,(anonymous_14)
FNDA:0,(anonymous_15)
DA:1,0
DA:2,0
DA:3,0
DA:4,0
DA:37,0
DA:45,0
DA:46,0
DA:49,0
DA:50,0
DA:51,0
DA:52,0
DA:54,0
DA:55,0
DA:58,0
DA:59,0
DA:60,0
DA:61,0
DA:63,0
DA:75,0
DA:76,0
DA:78,0
DA:79,0
DA:80,0
DA:81,0
DA:84,0
DA:85,0
DA:86,0
DA:87,0
DA:96,0
DA:97,0
DA:101,0
DA:104,0
DA:105,0
DA:106,0
DA:107,0
DA:109,0
DA:122,0
DA:125,0
DA:126,0
DA:128,0
DA:129,0
DA:131,0
DA:137,0
DA:140,0
DA:141,0
DA:143,0
DA:145,0
DA:147,0
DA:149,0
DA:152,0
DA:156,0
DA:157,0
DA:159,0
DA:160,0
DA:165,0
DA:168,0
DA:169,0
DA:170,0
DA:172,0
DA:229,0
DA:240,0
DA:241,0
DA:242,0
DA:306,0
DA:307,0
DA:308,0
DA:321,0
DA:322,0
DA:323,0
LF:69
LH:0
BRDA:39,0,0,0
BRDA:42,1,0,0
BRDA:50,2,0,0
BRDA:50,2,1,0
BRDA:85,3,0,0
BRDA:88,4,0,0
BRDA:88,4,1,0
BRDA:88,4,2,0
BRDA:88,4,3,0
BRDA:91,5,0,0
BRDA:91,5,1,0
BRDA:101,6,0,0
BRDA:101,6,1,0
BRDA:105,7,0,0
BRDA:105,7,1,0
BRDA:106,8,0,0
BRDA:106,8,1,0
BRDA:107,9,0,0
BRDA:116,10,0,0
BRDA:116,10,1,0
BRDA:117,11,0,0
BRDA:117,11,1,0
BRDA:126,12,0,0
BRDA:133,13,0,0
BRDA:133,13,1,0
BRDA:141,14,0,0
BRDA:141,14,1,0
BRDA:141,14,2,0
BRDA:141,14,3,0
BRDA:141,14,4,0
BRDA:141,14,5,0
BRDA:159,15,0,0
BRDA:159,15,1,0
BRDA:170,16,0,0
BRDA:170,16,1,0
BRDA:170,17,0,0
BRDA:170,17,1,0
BRDA:189,18,0,0
BRDA:189,18,1,0
BRDA:198,19,0,0
BRDA:198,19,1,0
BRDA:202,20,0,0
BRDA:202,20,1,0
BRDA:206,21,0,0
BRDA:206,21,1,0
BRDA:210,22,0,0
BRDA:210,22,1,0
BRDA:232,23,0,0
BRDA:232,23,1,0
BRDA:244,24,0,0
BRDA:244,24,1,0
BRDA:246,25,0,0
BRDA:246,25,1,0
BRDA:248,26,0,0
BRDA:248,26,1,0
BRDA:253,27,0,0
BRDA:253,27,1,0
BRDA:253,27,2,0
BRDA:258,28,0,0
BRDA:258,28,1,0
BRDA:261,29,0,0
BRDA:261,29,1,0
BRDA:269,30,0,0
BRDA:269,30,1,0
BRDA:285,31,0,0
BRDA:285,31,1,0
BRDA:290,32,0,0
BRDA:290,32,1,0
BRDA:307,33,0,0
BRDA:322,34,0,0
BRF:70
BRH:0
end_of_record
TN:
SF:src/components/plant/BedSelector.tsx
FN:29,BedSelector
FN:49,(anonymous_1)
FN:53,(anonymous_2)
FN:55,(anonymous_3)
FN:62,(anonymous_4)
FN:77,(anonymous_5)
FN:136,(anonymous_6)
FN:168,(anonymous_7)
FN:214,(anonymous_8)
FN:237,(anonymous_9)
FN:248,(anonymous_10)
FN:265,(anonymous_11)
FN:271,(anonymous_12)
FN:273,(anonymous_13)
FN:281,(anonymous_14)
FN:282,(anonymous_15)
FNF:16
FNH:0
FNDA:0,BedSelector
FNDA:0,(anonymous_1)
FNDA:0,(anonymous_2)
FNDA:0,(anonymous_3)
FNDA:0,(anonymous_4)
FNDA:0,(anonymous_5)
FNDA:0,(anonymous_6)
FNDA:0,(anonymous_7)
FNDA:0,(anonymous_8)
FNDA:0,(anonymous_9)
FNDA:0,(anonymous_10)
FNDA:0,(anonymous_11)
FNDA:0,(anonymous_12)
FNDA:0,(anonymous_13)
FNDA:0,(anonymous_14)
FNDA:0,(anonymous_15)
DA:1,0
DA:2,0
DA:3,0
DA:4,0
DA:5,0
DA:6,0
DA:7,0
DA:8,0
DA:9,0
DA:11,0
DA:29,0
DA:30,0
DA:31,0
DA:32,0
DA:33,0
DA:40,0
DA:49,0
DA:50,0
DA:53,0
DA:54,0
DA:55,0
DA:56,0
DA:58,0
DA:62,0
DA:63,0
DA:64,0
DA:65,0
DA:66,0
DA:67,0
DA:69,0
DA:70,0
DA:71,0
DA:73,0
DA:77,0
DA:78,0
DA:79,0
DA:80,0
DA:93,0
DA:94,0
DA:97,0
DA:98,0
DA:101,0
DA:102,0
DA:104,0
DA:105,0
DA:107,0
DA:111,0
DA:119,0
DA:126,0
DA:137,0
DA:138,0
DA:139,0
DA:169,0
DA:215,0
DA:238,0
DA:239,0
DA:240,0
DA:249,0
DA:250,0
DA:251,0
DA:265,0
DA:272,0
DA:273,0
DA:282,0
DA:283,0
DA:285,0
DA:286,0
LF:67
LH:0
BRDA:54,0,0,0
BRDA:54,0,1,0
BRDA:56,1,0,0
BRDA:56,1,1,0
BRDA:142,2,0,0
BRDA:142,2,1,0
BRDA:146,3,0,0
BRDA:146,3,1,0
BRDA:155,4,0,0
BRDA:155,4,1,0
BRDA:157,5,0,0
BRDA:157,5,1,0
BRDA:174,6,0,0
BRDA:174,6,1,0
BRDA:187,7,0,0
BRDA:187,7,1,0
BRDA:189,8,0,0
BRDA:189,8,1,0
BRDA:200,9,0,0
BRDA:200,9,1,0
BRDA:202,10,0,0
BRDA:202,10,1,0
BRDA:220,11,0,0
BRDA:220,11,1,0
BRDA:243,12,0,0
BRDA:243,12,1,0
BRDA:264,13,0,0
BRDA:264,13,1,0
BRDA:269,14,0,0
BRDA:269,14,1,0
BRDA:273,15,0,0
BRDA:273,15,1,0
BRDA:279,16,0,0
BRDA:279,16,1,0
BRDA:283,17,0,0
BRDA:298,18,0,0
BRDA:298,18,1,0
BRDA:304,19,0,0
BRDA:304,19,1,0
BRF:39
BRH:0
end_of_record
TN:
SF:src/components/plant/BulkActivityModal.tsx
FN:30,(anonymous_0)
FN:47,(anonymous_1)
FN:106,(anonymous_2)
FN:112,(anonymous_3)
FN:116,(anonymous_4)
FN:125,(anonymous_5)
FN:166,(anonymous_6)
FN:188,(anonymous_7)
FN:193,(anonymous_8)
FN:211,(anonymous_9)
FN:216,(anonymous_10)
FN:283,(anonymous_11)
FN:287,(anonymous_12)
FN:345,(anonymous_13)
FN:372,(anonymous_14)
FN:375,(anonymous_15)
FN:396,(anonymous_16)
FN:416,(anonymous_17)
FN:446,(anonymous_18)
FN:474,(anonymous_19)
FN:503,(anonymous_20)
FN:523,(anonymous_21)
FN:539,(anonymous_22)
FN:550,(anonymous_23)
FN:572,(anonymous_24)
FN:583,(anonymous_25)
FN:594,(anonymous_26)
FN:621,(anonymous_27)
FN:642,(anonymous_28)
FN:659,(anonymous_29)
FN:670,(anonymous_30)
FN:697,(anonymous_31)
FN:715,(anonymous_32)
FNF:33
FNH:20
FNDA:130,(anonymous_0)
FNDA:130,(anonymous_1)
FNDA:35,(anonymous_2)
FNDA:5,(anonymous_3)
FNDA:5,(anonymous_4)
FNDA:91,(anonymous_5)
FNDA:6,(anonymous_6)
FNDA:2,(anonymous_7)
FNDA:0,(anonymous_8)
FNDA:13,(anonymous_9)
FNDA:28,(anonymous_10)
FNDA:6,(anonymous_11)
FNDA:3,(anonymous_12)
FNDA:13,(anonymous_13)
FNDA:0,(anonymous_14)
FNDA:6,(anonymous_15)
FNDA:0,(anonymous_16)
FNDA:2,(anonymous_17)
FNDA:2,(anonymous_18)
FNDA:2,(anonymous_19)
FNDA:16,(anonymous_20)
FNDA:0,(anonymous_21)
FNDA:0,(anonymous_22)
FNDA:0,(anonymous_23)
FNDA:0,(anonymous_24)
FNDA:0,(anonymous_25)
FNDA:0,(anonymous_26)
FNDA:3,(anonymous_27)
FNDA:0,(anonymous_28)
FNDA:0,(anonymous_29)
FNDA:0,(anonymous_30)
FNDA:0,(anonymous_31)
FNDA:17,(anonymous_32)
DA:2,5
DA:3,5
DA:4,5
DA:5,5
DA:6,5
DA:7,5
DA:8,5
DA:9,5
DA:30,5
DA:31,130
DA:44,130
DA:47,5
DA:55,130
DA:56,130
DA:57,130
DA:60,130
DA:61,130
DA:63,130
DA:66,130
DA:67,130
DA:70,130
DA:71,130
DA:72,130
DA:75,130
DA:78,130
DA:79,130
DA:80,130
DA:83,130
DA:86,130
DA:87,130
DA:91,130
DA:92,130
DA:94,130
DA:95,130
DA:97,130
DA:101,130
DA:106,130
DA:107,35
DA:108,5
DA:112,130
DA:113,5
DA:114,5
DA:116,5
DA:117,5
DA:118,0
DA:119,0
DA:122,5
DA:125,91
DA:127,5
DA:128,3
DA:129,3
DA:130,3
DA:133,2
DA:136,2
DA:140,2
DA:141,2
DA:144,2
DA:145,2
DA:147,2
DA:148,7
DA:149,2
DA:150,2
DA:152,5
DA:155,2
DA:158,2
DA:159,2
DA:160,0
DA:161,0
DA:162,0
DA:166,6
DA:172,2
DA:173,2
DA:176,2
DA:177,2
DA:178,2
DA:181,0
DA:182,0
DA:184,5
DA:188,130
DA:189,2
DA:192,2
DA:193,0
DA:195,2
DA:196,0
DA:199,2
DA:200,0
DA:201,2
DA:202,0
DA:203,2
DA:204,0
DA:206,2
DA:211,130
DA:212,13
DA:214,13
DA:215,13
DA:216,13
DA:218,28
DA:219,28
DA:220,28
DA:227,28
DA:232,28
DA:233,14
DA:234,14
DA:235,14
DA:236,2
DA:237,2
DA:238,2
DA:239,12
DA:240,0
DA:241,0
DA:242,12
DA:243,0
DA:244,0
DA:245,0
DA:246,12
DA:247,12
DA:248,12
DA:249,9
DA:251,9
DA:252,6
DA:254,3
DA:257,0
DA:258,0
DA:259,0
DA:260,0
DA:264,28
DA:271,28
DA:274,13
DA:277,11
DA:278,3
DA:279,3
DA:280,2
DA:283,6
DA:284,2
DA:287,2
DA:288,3
DA:291,2
DA:293,2
DA:297,1
DA:302,8
DA:307,11
DA:309,1
DA:310,1
DA:312,12
DA:316,130
DA:318,102
DA:345,13
DA:372,0
DA:376,6
DA:396,0
DA:416,2
DA:446,2
DA:475,2
DA:503,16
DA:523,0
DA:539,0
DA:550,0
DA:572,0
DA:583,0
DA:594,0
DA:621,3
DA:642,0
DA:659,0
DA:670,0
DA:697,0
DA:715,17
DA:742,5
LF:167
LH:134
BRDA:44,0,0,130
BRDA:44,0,1,0
BRDA:97,1,0,35
BRDA:97,1,1,95
BRDA:101,2,0,35
BRDA:101,2,1,95
BRDA:107,3,0,5
BRDA:107,4,0,35
BRDA:107,4,1,20
BRDA:107,4,2,5
BRDA:117,5,0,0
BRDA:127,6,0,3
BRDA:148,7,0,2
BRDA:159,8,0,0
BRDA:159,9,0,2
BRDA:159,9,1,2
BRDA:167,10,0,6
BRDA:167,10,1,0
BRDA:168,11,0,6
BRDA:168,11,1,0
BRDA:176,12,0,2
BRDA:195,13,0,0
BRDA:195,13,1,2
BRDA:199,14,0,0
BRDA:199,14,1,2
BRDA:201,15,0,0
BRDA:201,15,1,2
BRDA:203,16,0,0
BRDA:203,16,1,2
BRDA:212,17,0,0
BRDA:229,18,0,28
BRDA:229,18,1,23
BRDA:232,19,0,14
BRDA:232,19,1,14
BRDA:235,20,0,2
BRDA:235,20,1,12
BRDA:237,21,0,1
BRDA:237,21,1,1
BRDA:239,22,0,0
BRDA:239,22,1,12
BRDA:240,23,0,0
BRDA:242,24,0,0
BRDA:242,24,1,12
BRDA:243,25,0,0
BRDA:244,26,0,0
BRDA:245,27,0,0
BRDA:246,28,0,12
BRDA:246,28,1,0
BRDA:248,29,0,9
BRDA:251,30,0,6
BRDA:251,30,1,3
BRDA:251,31,0,9
BRDA:251,31,1,9
BRDA:257,32,0,0
BRDA:259,33,0,0
BRDA:277,34,0,3
BRDA:277,34,1,8
BRDA:277,35,0,11
BRDA:277,35,1,4
BRDA:279,36,0,2
BRDA:279,36,1,1
BRDA:279,37,0,3
BRDA:279,37,1,3
BRDA:316,38,0,28
BRDA:329,39,0,35
BRDA:329,39,1,67
BRDA:336,40,0,102
BRDA:336,40,1,49
BRDA:352,41,0,102
BRDA:352,41,1,35
BRDA:354,42,0,0
BRDA:354,42,1,35
BRDA:360,43,0,2
BRDA:360,43,1,33
BRDA:492,44,0,35
BRDA:492,44,1,19
BRDA:512,45,0,102
BRDA:512,45,1,2
BRDA:530,46,0,102
BRDA:530,46,1,0
BRDA:563,47,0,102
BRDA:563,47,1,0
BRDA:602,48,0,102
BRDA:602,48,1,16
BRDA:633,49,0,102
BRDA:633,49,1,0
BRDA:708,50,0,2
BRDA:708,50,1,100
BRDA:717,51,0,35
BRDA:717,51,1,67
BRDA:719,52,0,49
BRDA:719,52,1,18
BRDA:729,53,0,102
BRDA:729,53,1,89
BRDA:729,53,2,33
BRDA:734,54,0,13
BRDA:734,54,1,89
BRF:97
BRH:74
end_of_record
TN:
SF:src/components/plant/CareActivityItem.tsx
FN:10,(anonymous_0)
FN:13,(anonymous_1)
FN:30,(anonymous_2)
FN:65,(anonymous_3)
FN:246,(anonymous_4)
FNF:5
FNH:3
FNDA:12,(anonymous_0)
FNDA:12,(anonymous_1)
FNDA:12,(anonymous_2)
FNDA:0,(anonymous_3)
FNDA:0,(anonymous_4)
DA:2,2
DA:4,2
DA:10,2
DA:11,12
DA:13,12
DA:14,12
DA:16,9
DA:18,3
DA:20,0
DA:22,0
DA:24,0
DA:26,0
DA:30,12
DA:31,12
DA:33,12
DA:36,9
DA:37,9
DA:38,0
DA:39,9
DA:40,9
DA:42,9
DA:45,3
DA:48,0
DA:52,0
DA:55,0
DA:58,0
DA:61,0
DA:65,12
DA:66,0
DA:68,0
DA:70,0
DA:120,0
DA:151,0
DA:182,0
DA:217,0
DA:238,0
DA:242,12
DA:246,0
DA:302,2
LF:39
LH:20
BRDA:14,0,0,9
BRDA:14,0,1,3
BRDA:14,0,2,0
BRDA:14,0,3,0
BRDA:14,0,4,0
BRDA:14,0,5,0
BRDA:33,1,0,9
BRDA:33,1,1,3
BRDA:33,1,2,0
BRDA:33,1,3,0
BRDA:33,1,4,0
BRDA:33,1,5,0
BRDA:37,2,0,0
BRDA:37,2,1,9
BRDA:37,3,0,9
BRDA:37,3,1,0
BRDA:39,4,0,9
BRDA:39,5,0,9
BRDA:39,5,1,9
BRDA:45,6,0,3
BRDA:45,6,1,0
BRDA:48,7,0,0
BRDA:48,7,1,0
BRDA:52,8,0,0
BRDA:52,8,1,0
BRDA:58,9,0,0
BRDA:58,9,1,0
BRDA:68,10,0,0
BRDA:68,10,1,0
BRDA:68,10,2,0
BRDA:68,10,3,0
BRDA:68,10,4,0
BRDA:68,10,5,0
BRDA:78,11,0,0
BRDA:78,11,1,0
BRDA:78,12,0,0
BRDA:78,12,1,0
BRDA:80,13,0,0
BRDA:80,13,1,0
BRDA:80,14,0,0
BRDA:80,14,1,0
BRDA:85,15,0,0
BRDA:85,15,1,0
BRDA:94,16,0,0
BRDA:94,16,1,0
BRDA:105,17,0,0
BRDA:105,17,1,0
BRDA:111,18,0,0
BRDA:111,18,1,0
BRDA:127,19,0,0
BRDA:127,19,1,0
BRDA:133,20,0,0
BRDA:133,20,1,0
BRDA:140,21,0,0
BRDA:140,21,1,0
BRDA:158,22,0,0
BRDA:158,22,1,0
BRDA:165,23,0,0
BRDA:165,23,1,0
BRDA:167,24,0,0
BRDA:167,24,1,0
BRDA:167,24,2,0
BRDA:190,25,0,0
BRDA:190,25,1,0
BRDA:200,26,0,0
BRDA:200,26,1,0
BRDA:204,27,0,0
BRDA:204,27,1,0
BRDA:222,28,0,0
BRDA:222,28,1,0
BRDA:226,29,0,0
BRDA:226,29,1,0
BRDA:231,30,0,0
BRDA:231,30,1,0
BRDA:262,31,0,0
BRDA:262,31,1,12
BRDA:280,32,0,12
BRDA:280,32,1,0
BRDA:285,33,0,0
BRDA:285,33,1,0
BRF:80
BRH:12
end_of_record
TN:
SF:src/components/plant/CareHistory.tsx
FN:14,(anonymous_0)
FN:21,(anonymous_1)
FN:32,(anonymous_2)
FN:50,(anonymous_3)
FN:56,(anonymous_4)
FN:62,(anonymous_5)
FN:98,(anonymous_6)
FN:105,(anonymous_7)
FN:116,(anonymous_8)
FN:124,(anonymous_9)
FNF:10
FNH:8
FNDA:11,(anonymous_0)
FNDA:13,(anonymous_1)
FNDA:13,(anonymous_2)
FNDA:99,(anonymous_3)
FNDA:11,(anonymous_4)
FNDA:0,(anonymous_5)
FNDA:14,(anonymous_6)
FNDA:1,(anonymous_7)
FNDA:12,(anonymous_8)
FNDA:0,(anonymous_9)
DA:2,2
DA:3,2
DA:4,2
DA:6,2
DA:7,2
DA:14,2
DA:15,11
DA:17,11
DA:18,11
DA:21,11
DA:22,13
DA:23,3
DA:27,11
DA:32,13
DA:35,11
DA:48,11
DA:51,99
DA:56,11
DA:57,11
DA:58,0
DA:62,11
DA:63,0
DA:64,0
DA:66,0
DA:69,11
DA:99,14
DA:105,1
DA:117,12
DA:124,0
DA:138,2
LF:30
LH:25
BRDA:22,0,0,10
BRDA:27,1,0,0
BRDA:27,1,1,11
BRDA:57,2,0,0
BRDA:57,3,0,11
BRDA:57,3,1,1
BRDA:64,4,0,0
BRDA:81,5,0,6
BRDA:81,5,1,5
BRDA:102,6,0,5
BRDA:102,6,1,9
BRDA:122,7,0,5
BRDA:122,7,1,0
BRDA:125,8,0,0
BRDA:125,8,1,0
BRF:15
BRH:9
end_of_record
TN:
SF:src/components/plant/CatchUpAssistant.tsx
FN:36,(anonymous_0)
FN:59,(anonymous_1)
FN:73,(anonymous_2)
FN:81,(anonymous_3)
FN:90,(anonymous_4)
FN:124,(anonymous_5)
FN:128,(anonymous_6)
FN:140,(anonymous_7)
FN:146,(anonymous_8)
FN:153,(anonymous_9)
FN:154,(anonymous_10)
FN:165,(anonymous_11)
FN:180,(anonymous_12)
FN:195,(anonymous_13)
FN:215,(anonymous_14)
FN:223,(anonymous_15)
FN:235,(anonymous_16)
FN:248,(anonymous_17)
FN:261,(anonymous_18)
FN:305,(anonymous_19)
FN:341,(anonymous_20)
FN:363,(anonymous_21)
FN:379,(anonymous_22)
FN:391,(anonymous_23)
FN:413,(anonymous_24)
FNF:25
FNH:10
FNDA:76,(anonymous_0)
FNDA:43,(anonymous_1)
FNDA:0,(anonymous_2)
FNDA:15,(anonymous_3)
FNDA:18,(anonymous_4)
FNDA:43,(anonymous_5)
FNDA:15,(anonymous_6)
FNDA:0,(anonymous_7)
FNDA:0,(anonymous_8)
FNDA:0,(anonymous_9)
FNDA:0,(anonymous_10)
FNDA:0,(anonymous_11)
FNDA:0,(anonymous_12)
FNDA:0,(anonymous_13)
FNDA:18,(anonymous_14)
FNDA:0,(anonymous_15)
FNDA:0,(anonymous_16)
FNDA:0,(anonymous_17)
FNDA:18,(anonymous_18)
FNDA:18,(anonymous_19)
FNDA:0,(anonymous_20)
FNDA:0,(anonymous_21)
FNDA:0,(anonymous_22)
FNDA:0,(anonymous_23)
FNDA:18,(anonymous_24)
DA:2,2
DA:3,2
DA:4,2
DA:5,2
DA:6,2
DA:7,2
DA:11,2
DA:12,2
DA:13,2
DA:14,2
DA:15,2
DA:16,2
DA:17,2
DA:18,2
DA:36,2
DA:43,76
DA:44,76
DA:47,76
DA:48,76
DA:49,76
DA:52,76
DA:53,76
DA:55,76
DA:56,76
DA:57,76
DA:59,76
DA:60,43
DA:61,43
DA:62,15
DA:63,15
DA:64,15
DA:67,28
DA:68,28
DA:69,28
DA:70,28
DA:71,28
DA:72,0
DA:73,0
DA:74,0
DA:79,28
DA:80,28
DA:81,28
DA:82,28
DA:84,15
DA:90,18
DA:95,0
DA:96,0
DA:97,0
DA:104,28
DA:105,28
DA:108,28
DA:109,0
DA:110,0
DA:114,28
DA:116,0
DA:117,0
DA:119,28
DA:120,28
DA:124,76
DA:125,43
DA:128,76
DA:129,15
DA:130,0
DA:140,76
DA:144,0
DA:146,0
DA:147,0
DA:148,0
DA:150,0
DA:153,0
DA:154,0
DA:155,0
DA:165,76
DA:166,0
DA:167,0
DA:169,0
DA:173,0
DA:174,0
DA:176,0
DA:180,76
DA:181,0
DA:182,0
DA:184,0
DA:188,0
DA:189,0
DA:191,0
DA:195,76
DA:196,0
DA:197,0
DA:198,0
DA:199,0
DA:200,0
DA:201,0
DA:202,0
DA:203,0
DA:204,0
DA:205,0
DA:207,0
DA:208,0
DA:210,0
DA:211,0
DA:215,76
DA:216,18
DA:218,18
DA:220,0
DA:223,0
DA:232,10
DA:235,0
DA:244,8
DA:248,0
DA:257,0
DA:261,76
DA:262,18
DA:263,17
DA:264,9
DA:268,76
DA:269,15
DA:284,61
DA:285,15
DA:300,46
DA:301,34
DA:304,12
DA:305,18
DA:309,12
DA:310,0
DA:313,0
DA:315,0
DA:342,0
DA:365,0
DA:379,0
DA:391,0
DA:400,12
DA:414,18
LF:133
LH:76
BRDA:39,0,0,76
BRDA:61,1,0,15
BRDA:61,2,0,43
BRDA:61,2,1,30
BRDA:71,3,0,0
BRDA:71,3,1,28
BRDA:71,4,0,28
BRDA:71,4,1,0
BRDA:79,5,0,28
BRDA:79,5,1,0
BRDA:79,6,0,28
BRDA:79,6,1,28
BRDA:82,7,0,15
BRDA:92,8,0,18
BRDA:92,8,1,0
BRDA:95,9,0,0
BRDA:95,10,0,0
BRDA:95,10,1,0
BRDA:108,11,0,0
BRDA:109,12,0,0
BRDA:109,12,1,0
BRDA:129,13,0,0
BRDA:129,14,0,15
BRDA:129,14,1,0
BRDA:129,14,2,0
BRDA:147,15,0,0
BRDA:157,16,0,0
BRDA:157,16,1,0
BRDA:157,16,2,0
BRDA:218,17,0,0
BRDA:218,17,1,10
BRDA:218,17,2,8
BRDA:218,17,3,0
BRDA:228,18,0,0
BRDA:228,18,1,0
BRDA:240,19,0,0
BRDA:240,19,1,10
BRDA:253,20,0,0
BRDA:253,20,1,8
BRDA:262,21,0,1
BRDA:263,22,0,8
BRDA:268,23,0,15
BRDA:268,24,0,76
BRDA:268,24,1,61
BRDA:284,25,0,15
BRDA:300,26,0,34
BRDA:309,27,0,0
BRDA:310,28,0,0
BRDA:310,28,1,0
BRDA:313,29,0,0
BRDA:313,29,1,0
BRDA:331,30,0,0
BRDA:331,30,1,0
BRDA:336,31,0,0
BRDA:336,31,1,0
BRDA:354,32,0,0
BRDA:354,32,1,0
BRDA:374,33,0,0
BRDA:374,33,1,0
BRDA:374,33,2,0
BRDA:409,34,0,8
BRDA:409,34,1,4
BRDA:439,35,0,18
BRDA:439,35,1,0
BRDA:454,36,0,12
BRDA:454,36,1,0
BRF:66
BRH:27
end_of_record
TN:
SF:src/components/plant/CustomVarietyForm.tsx
FN:41,CustomVarietyForm
FN:64,onSubmit
FN:279,(anonymous_2)
FNF:3
FNH:0
FNDA:0,CustomVarietyForm
FNDA:0,onSubmit
FNDA:0,(anonymous_2)
DA:2,2
DA:3,2
DA:4,2
DA:5,2
DA:6,2
DA:7,2
DA:8,2
DA:9,2
DA:11,2
DA:41,2
DA:45,0
DA:47,0
DA:54,0
DA:65,0
DA:66,0
DA:68,0
DA:69,0
DA:76,0
DA:82,0
DA:97,0
DA:108,0
DA:109,0
DA:110,0
DA:112,0
DA:113,0
DA:115,0
DA:119,0
DA:280,0
LF:28
LH:10
BRDA:69,0,0,0
BRDA:70,1,0,0
BRDA:70,1,1,0
BRDA:70,1,2,0
BRDA:70,1,3,0
BRDA:70,1,4,0
BRDA:139,2,0,0
BRDA:139,2,1,0
BRDA:283,3,0,0
BRDA:283,3,1,0
BRDA:288,4,0,0
BRDA:288,4,1,0
BRDA:296,5,0,0
BRDA:296,5,1,0
BRDA:392,6,0,0
BRDA:392,6,1,0
BRDA:394,7,0,0
BRDA:394,7,1,0
BRF:18
BRH:0
end_of_record
TN:
SF:src/components/plant/EnhancedSectionSelector.tsx
FN:27,EnhancedSectionSelector
FN:39,(anonymous_1)
FN:47,(anonymous_2)
FN:53,(anonymous_3)
FN:64,(anonymous_4)
FN:71,(anonymous_5)
FN:87,(anonymous_6)
FN:97,(anonymous_7)
FN:107,(anonymous_8)
FN:118,(anonymous_9)
FN:135,(anonymous_10)
FN:152,(anonymous_11)
FN:172,(anonymous_12)
FN:186,(anonymous_13)
FN:205,(anonymous_14)
FNF:15
FNH:0
FNDA:0,EnhancedSectionSelector
FNDA:0,(anonymous_1)
FNDA:0,(anonymous_2)
FNDA:0,(anonymous_3)
FNDA:0,(anonymous_4)
FNDA:0,(anonymous_5)
FNDA:0,(anonymous_6)
FNDA:0,(anonymous_7)
FNDA:0,(anonymous_8)
FNDA:0,(anonymous_9)
FNDA:0,(anonymous_10)
FNDA:0,(anonymous_11)
FNDA:0,(anonymous_12)
FNDA:0,(anonymous_13)
FNDA:0,(anonymous_14)
DA:1,0
DA:2,0
DA:3,0
DA:6,0
DA:7,0
DA:27,0
DA:37,0
DA:39,0
DA:41,0
DA:47,0
DA:48,0
DA:49,0
DA:53,0
DA:54,0
DA:56,0
DA:60,0
DA:64,0
DA:65,0
DA:66,0
DA:67,0
DA:71,0
DA:72,0
DA:73,0
DA:74,0
DA:77,0
DA:84,0
DA:87,0
DA:88,0
DA:90,0
DA:94,0
DA:97,0
DA:98,0
DA:100,0
DA:104,0
DA:107,0
DA:108,0
DA:110,0
DA:114,0
DA:118,0
DA:119,0
DA:121,0
DA:123,0
DA:125,0
DA:127,0
DA:129,0
DA:131,0
DA:135,0
DA:136,0
DA:138,0
DA:140,0
DA:142,0
DA:144,0
DA:146,0
DA:148,0
DA:152,0
DA:153,0
DA:154,0
DA:156,0
DA:159,0
DA:172,0
DA:186,0
DA:205,0
LF:62
LH:0
BRDA:41,0,0,0
BRDA:41,0,1,0
BRDA:41,0,2,0
BRDA:41,0,3,0
BRDA:41,0,4,0
BRDA:48,1,0,0
BRDA:48,2,0,0
BRDA:48,2,1,0
BRDA:54,3,0,0
BRDA:66,4,0,0
BRDA:72,5,0,0
BRDA:72,6,0,0
BRDA:72,6,1,0
BRDA:88,7,0,0
BRDA:98,8,0,0
BRDA:108,9,0,0
BRDA:119,10,0,0
BRDA:121,11,0,0
BRDA:121,11,1,0
BRDA:121,11,2,0
BRDA:121,11,3,0
BRDA:121,11,4,0
BRDA:136,12,0,0
BRDA:138,13,0,0
BRDA:138,13,1,0
BRDA:138,13,2,0
BRDA:138,13,3,0
BRDA:138,13,4,0
BRDA:153,14,0,0
BRDA:179,15,0,0
BRDA:179,15,1,0
BRDA:197,16,0,0
BRDA:197,16,1,0
BRDA:204,17,0,0
BRDA:204,17,1,0
BRDA:215,18,0,0
BRDA:215,18,1,0
BRDA:229,19,0,0
BRDA:229,19,1,0
BRDA:232,20,0,0
BRDA:232,20,1,0
BRF:41
BRH:0
end_of_record
TN:
SF:src/components/plant/NextActivityCard.refactored.tsx
FN:24,NextActivityCard
FN:34,(anonymous_1)
FN:45,(anonymous_2)
FN:106,(anonymous_3)
FN:113,(anonymous_4)
FNF:5
FNH:0
FNDA:0,NextActivityCard
FNDA:0,(anonymous_1)
FNDA:0,(anonymous_2)
FNDA:0,(anonymous_3)
FNDA:0,(anonymous_4)
DA:6,0
DA:7,0
DA:8,0
DA:9,0
DA:10,0
DA:12,0
DA:13,0
DA:24,0
DA:34,0
DA:35,0
DA:37,0
DA:38,0
DA:39,0
DA:41,0
DA:42,0
DA:45,0
DA:46,0
DA:48,0
DA:49,0
DA:50,0
DA:52,0
DA:53,0
DA:54,0
DA:58,0
DA:59,0
DA:70,0
DA:71,0
DA:94,0
DA:95,0
DA:96,0
DA:99,0
DA:106,0
DA:113,0
DA:122,0
LF:34
LH:0
BRDA:26,0,0,0
BRDA:30,1,0,0
BRDA:35,2,0,0
BRDA:41,3,0,0
BRDA:46,4,0,0
BRDA:52,5,0,0
BRDA:53,6,0,0
BRDA:58,7,0,0
BRDA:70,8,0,0
BRDA:99,9,0,0
BRDA:99,9,1,0
BRDA:99,10,0,0
BRDA:99,10,1,0
BRDA:99,10,2,0
BRDA:128,11,0,0
BRDA:128,11,1,0
BRDA:129,12,0,0
BRDA:129,12,1,0
BRDA:130,13,0,0
BRDA:130,13,1,0
BRDA:131,14,0,0
BRDA:131,14,1,0
BRDA:140,15,0,0
BRDA:140,15,1,0
BRDA:141,16,0,0
BRDA:141,16,1,0
BRDA:142,17,0,0
BRDA:142,17,1,0
BRDA:143,18,0,0
BRDA:143,18,1,0
BRDA:145,19,0,0
BRDA:145,19,1,0
BRDA:146,20,0,0
BRDA:146,20,1,0
BRDA:147,21,0,0
BRDA:147,21,1,0
BRDA:148,22,0,0
BRDA:148,22,1,0
BRDA:159,23,0,0
BRDA:159,23,1,0
BRDA:160,24,0,0
BRDA:160,24,1,0
BRDA:161,25,0,0
BRDA:161,25,1,0
BRDA:166,26,0,0
BRDA:166,26,1,0
BRF:46
BRH:0
end_of_record
TN:
SF:src/components/plant/NextActivityCard.tsx
FN:14,(anonymous_0)
FN:23,(anonymous_1)
FN:60,(anonymous_2)
FN:71,(anonymous_3)
FNF:4
FNH:4
FNDA:40,(anonymous_0)
FNDA:23,(anonymous_1)
FNDA:8,(anonymous_2)
FNDA:8,(anonymous_3)
DA:1,2
DA:2,2
DA:3,2
DA:4,2
DA:5,2
DA:6,2
DA:14,2
DA:19,40
DA:23,40
DA:26,23
DA:28,2
DA:34,1
DA:40,18
DA:46,1
DA:52,1
DA:60,40
DA:61,8
DA:62,8
DA:63,5
DA:64,4
DA:65,1
DA:66,3
DA:67,2
DA:68,1
DA:71,40
DA:72,8
DA:73,8
DA:74,8
DA:78,40
DA:79,10
DA:100,30
DA:101,7
DA:128,23
DA:130,23
DA:180,2
LF:35
LH:35
BRDA:17,0,0,37
BRDA:26,1,0,2
BRDA:26,1,1,1
BRDA:26,1,2,18
BRDA:26,1,3,1
BRDA:26,1,4,1
BRDA:62,2,0,3
BRDA:62,3,0,8
BRDA:62,3,1,5
BRDA:63,4,0,1
BRDA:64,5,0,1
BRDA:64,6,0,4
BRDA:64,6,1,3
BRDA:66,7,0,1
BRDA:67,8,0,1
BRDA:72,9,0,8
BRDA:72,10,0,8
BRDA:72,10,1,8
BRDA:78,11,0,10
BRDA:100,12,0,7
BRDA:164,13,0,23
BRDA:164,13,1,17
BRF:22
BRH:22
end_of_record
TN:
SF:src/components/plant/PlantGroupCard.optimized.tsx
FN:22,(anonymous_0)
FN:60,(anonymous_1)
FN:69,(anonymous_2)
FN:73,(anonymous_3)
FN:96,(anonymous_4)
FN:103,(anonymous_5)
FN:104,(anonymous_6)
FN:105,(anonymous_7)
FN:105,(anonymous_8)
FN:110,(anonymous_9)
FN:111,(anonymous_10)
FN:116,(anonymous_11)
FN:117,(anonymous_12)
FN:122,(anonymous_13)
FN:127,(anonymous_14)
FN:135,(anonymous_15)
FN:143,(anonymous_16)
FN:144,(anonymous_17)
FN:148,(anonymous_18)
FN:149,(anonymous_19)
FNF:20
FNH:0
FNDA:0,(anonymous_0)
FNDA:0,(anonymous_1)
FNDA:0,(anonymous_2)
FNDA:0,(anonymous_3)
FNDA:0,(anonymous_4)
FNDA:0,(anonymous_5)
FNDA:0,(anonymous_6)
FNDA:0,(anonymous_7)
FNDA:0,(anonymous_8)
FNDA:0,(anonymous_9)
FNDA:0,(anonymous_10)
FNDA:0,(anonymous_11)
FNDA:0,(anonymous_12)
FNDA:0,(anonymous_13)
FNDA:0,(anonymous_14)
FNDA:0,(anonymous_15)
FNDA:0,(anonymous_16)
FNDA:0,(anonymous_17)
FNDA:0,(anonymous_18)
FNDA:0,(anonymous_19)
DA:2,0
DA:3,0
DA:5,0
DA:6,0
DA:7,0
DA:8,0
DA:9,0
DA:10,0
DA:22,0
DA:33,0
DA:35,0
DA:60,0
DA:69,0
DA:70,0
DA:73,0
DA:74,0
DA:77,0
DA:96,0
DA:97,0
DA:98,0
DA:99,0
DA:100,0
DA:103,0
DA:104,0
DA:105,0
DA:107,0
DA:110,0
DA:111,0
DA:112,0
DA:116,0
DA:117,0
DA:118,0
DA:122,0
DA:123,0
DA:127,0
DA:130,0
DA:131,0
DA:135,0
DA:138,0
DA:139,0
DA:143,0
DA:144,0
DA:145,0
DA:148,0
DA:149,0
DA:150,0
DA:153,0
DA:234,0
DA:235,0
DA:236,0
DA:238,0
LF:51
LH:0
BRDA:33,0,0,0
BRDA:74,1,0,0
BRDA:74,1,1,0
BRDA:112,2,0,0
BRDA:112,2,1,0
BRDA:118,3,0,0
BRDA:118,3,1,0
BRDA:183,4,0,0
BRDA:183,4,1,0
BRDA:190,5,0,0
BRDA:190,5,1,0
BRDA:200,6,0,0
BRDA:200,6,1,0
BRDA:205,7,0,0
BRDA:205,7,1,0
BRDA:205,7,2,0
BRDA:218,8,0,0
BRDA:218,8,1,0
BRF:18
BRH:0
end_of_record
TN:
SF:src/components/plant/PlantGroupCard.tsx
FN:22,(anonymous_0)
FN:30,(anonymous_1)
FN:31,(anonymous_2)
FN:32,(anonymous_3)
FN:32,(anonymous_4)
FN:33,(anonymous_5)
FN:38,(anonymous_6)
FN:39,(anonymous_7)
FN:44,(anonymous_8)
FN:45,(anonymous_9)
FN:50,(anonymous_10)
FN:54,(anonymous_11)
FN:61,(anonymous_12)
FN:74,(anonymous_13)
FN:86,(anonymous_14)
FN:91,(anonymous_15)
FN:96,(anonymous_16)
FN:101,(anonymous_17)
FN:246,(anonymous_18)
FN:253,(anonymous_19)
FN:260,(anonymous_20)
FN:267,(anonymous_21)
FNF:22
FNH:22
FNDA:111,(anonymous_0)
FNDA:69,(anonymous_1)
FNDA:60,(anonymous_2)
FNDA:61,(anonymous_3)
FNDA:91,(anonymous_4)
FNDA:67,(anonymous_5)
FNDA:2,(anonymous_6)
FNDA:2,(anonymous_7)
FNDA:6,(anonymous_8)
FNDA:6,(anonymous_9)
FNDA:2,(anonymous_10)
FNDA:7,(anonymous_11)
FNDA:5,(anonymous_12)
FNDA:3,(anonymous_13)
FNDA:2,(anonymous_14)
FNDA:6,(anonymous_15)
FNDA:7,(anonymous_16)
FNDA:13,(anonymous_17)
FNDA:4,(anonymous_18)
FNDA:2,(anonymous_19)
FNDA:1,(anonymous_20)
FNDA:3,(anonymous_21)
DA:3,4
DA:4,4
DA:6,4
DA:7,4
DA:8,4
DA:9,4
DA:10,4
DA:11,4
DA:22,4
DA:23,111
DA:24,111
DA:25,111
DA:26,111
DA:27,111
DA:30,111
DA:31,111
DA:32,111
DA:33,111
DA:35,109
DA:38,109
DA:39,2
DA:40,2
DA:44,109
DA:45,6
DA:46,6
DA:50,109
DA:51,2
DA:54,109
DA:57,7
DA:58,7
DA:61,109
DA:64,5
DA:66,3
DA:68,2
DA:69,2
DA:70,2
DA:74,109
DA:77,3
DA:78,1
DA:80,2
DA:82,3
DA:86,109
DA:87,2
DA:88,2
DA:91,109
DA:92,6
DA:93,6
DA:96,109
DA:97,7
DA:98,7
DA:101,109
DA:102,13
DA:103,13
DA:107,109
DA:246,4
DA:253,2
DA:260,1
DA:267,3
DA:299,4
LF:59
LH:59
BRDA:40,0,0,1
BRDA:40,0,1,1
BRDA:46,1,0,1
BRDA:46,1,1,5
BRDA:64,2,0,3
BRDA:64,2,1,2
BRDA:77,3,0,1
BRDA:77,3,1,2
BRDA:117,4,0,109
BRDA:117,4,1,62
BRDA:158,5,0,109
BRDA:158,5,1,62
BRDA:168,6,0,109
BRDA:168,6,1,108
BRDA:168,6,2,107
BRDA:172,7,0,109
BRDA:172,7,1,86
BRDA:187,8,0,62
BRDA:187,8,1,47
BRDA:201,9,0,7
BRDA:201,9,1,102
BRDA:203,10,0,60
BRDA:203,10,1,42
BRDA:209,11,0,109
BRDA:209,11,1,7
BRDA:219,12,0,109
BRDA:219,12,1,62
BRDA:236,13,0,16
BRDA:236,13,1,46
BRDA:240,14,0,62
BRDA:240,14,1,16
BRDA:270,15,0,3
BRDA:270,15,1,13
BRDA:275,16,0,16
BRDA:275,16,1,3
BRF:35
BRH:35
end_of_record
TN:
SF:src/components/plant/PlantInfoCard.refactored.tsx
FN:24,PlantInfoCard
FN:35,(anonymous_1)
FN:36,(anonymous_2)
FN:45,(anonymous_3)
FN:120,(anonymous_4)
FN:125,(anonymous_5)
FN:126,(anonymous_6)
FN:127,(anonymous_7)
FN:128,(anonymous_8)
FNF:9
FNH:0
FNDA:0,PlantInfoCard
FNDA:0,(anonymous_1)
FNDA:0,(anonymous_2)
FNDA:0,(anonymous_3)
FNDA:0,(anonymous_4)
FNDA:0,(anonymous_5)
FNDA:0,(anonymous_6)
FNDA:0,(anonymous_7)
FNDA:0,(anonymous_8)
DA:6,0
DA:7,0
DA:8,0
DA:9,0
DA:10,0
DA:12,0
DA:13,0
DA:14,0
DA:24,0
DA:31,0
DA:32,0
DA:35,0
DA:36,0
DA:37,0
DA:38,0
DA:39,0
DA:42,0
DA:45,0
DA:46,0
DA:47,0
DA:50,0
DA:51,0
DA:54,0
DA:56,0
DA:120,0
DA:125,0
DA:126,0
DA:127,0
DA:128,0
LF:29
LH:0
BRDA:27,0,0,0
BRDA:37,1,0,0
BRDA:39,2,0,0
BRDA:39,2,1,0
BRDA:60,3,0,0
BRDA:60,3,1,0
BRDA:86,4,0,0
BRDA:86,4,1,0
BRDA:113,5,0,0
BRDA:113,5,1,0
BRDA:123,6,0,0
BRDA:123,6,1,0
BRF:12
BRH:0
end_of_record
TN:
SF:src/components/plant/PlantInfoCard.tsx
FN:29,(anonymous_0)
FN:59,(anonymous_1)
FN:72,(anonymous_2)
FN:73,(anonymous_3)
FN:91,(anonymous_4)
FN:106,(anonymous_5)
FN:174,(anonymous_6)
FN:179,(anonymous_7)
FN:187,(anonymous_8)
FN:218,(anonymous_9)
FNF:10
FNH:10
FNDA:106,(anonymous_0)
FNDA:53,(anonymous_1)
FNDA:29,(anonymous_2)
FNDA:29,(anonymous_3)
FNDA:2,(anonymous_4)
FNDA:1,(anonymous_5)
FNDA:17,(anonymous_6)
FNDA:16,(anonymous_7)
FNDA:32,(anonymous_8)
FNDA:6,(anonymous_9)
DA:1,2
DA:2,2
DA:3,2
DA:4,2
DA:6,2
DA:7,2
DA:8,2
DA:9,2
DA:10,2
DA:12,2
DA:13,2
DA:29,2
DA:33,106
DA:36,36
DA:39,1
DA:48,1
DA:49,1
DA:50,1
DA:51,1
DA:56,0
DA:59,2
DA:65,53
DA:66,53
DA:67,53
DA:68,53
DA:69,53
DA:70,53
DA:72,53
DA:73,29
DA:74,29
DA:75,28
DA:76,26
DA:79,29
DA:82,53
DA:86,53
DA:91,53
DA:92,2
DA:93,0
DA:94,0
DA:95,0
DA:96,2
DA:97,1
DA:99,1
DA:100,1
DA:101,1
DA:102,1
DA:106,53
DA:107,1
DA:110,53
DA:175,17
DA:176,16
DA:179,16
DA:181,16
DA:182,16
DA:183,16
DA:185,16
DA:187,16
DA:188,32
DA:191,1
DA:219,6
DA:220,6
DA:244,2
LF:62
LH:58
BRDA:33,0,0,70
BRDA:36,1,0,35
BRDA:48,2,0,1
BRDA:48,2,1,0
BRDA:50,3,0,1
BRDA:62,4,0,52
BRDA:63,5,0,45
BRDA:74,6,0,28
BRDA:76,7,0,26
BRDA:76,7,1,1
BRDA:92,8,0,0
BRDA:92,8,1,2
BRDA:96,9,0,1
BRDA:96,9,1,1
BRDA:138,10,0,53
BRDA:138,10,1,52
BRDA:145,11,0,53
BRDA:145,11,1,52
BRDA:152,12,0,53
BRDA:152,12,1,45
BRDA:158,13,0,53
BRDA:158,13,1,19
BRDA:164,14,0,19
BRDA:164,14,1,17
BRDA:170,15,0,53
BRDA:170,15,1,17
BRDA:175,16,0,16
BRDA:182,17,0,16
BRDA:204,18,0,53
BRDA:204,18,1,45
BRDA:224,19,0,5
BRDA:224,19,1,40
BRDA:228,20,0,45
BRDA:228,20,1,5
BRF:34
BRH:32
end_of_record
TN:
SF:src/components/plant/PlantRegistrationForm.tsx
FN:23,(anonymous_0)
FN:56,PlantRegistrationForm
FN:100,(anonymous_2)
FN:105,(anonymous_3)
FN:118,(anonymous_4)
FN:121,(anonymous_5)
FN:125,(anonymous_6)
FN:130,(anonymous_7)
FN:214,(anonymous_8)
FN:247,(anonymous_9)
FN:257,(anonymous_10)
FN:308,(anonymous_11)
FN:313,(anonymous_12)
FN:395,(anonymous_13)
FN:396,(anonymous_14)
FN:397,(anonymous_15)
FN:398,(anonymous_16)
FN:419,(anonymous_17)
FN:447,(anonymous_18)
FN:485,(anonymous_19)
FNF:20
FNH:14
FNDA:153,(anonymous_0)
FNDA:81,PlantRegistrationForm
FNDA:16,(anonymous_2)
FNDA:16,(anonymous_3)
FNDA:463,(anonymous_4)
FNDA:931,(anonymous_5)
FNDA:4,(anonymous_6)
FNDA:4,(anonymous_7)
FNDA:147,(anonymous_8)
FNDA:931,(anonymous_9)
FNDA:0,(anonymous_10)
FNDA:0,(anonymous_11)
FNDA:0,(anonymous_12)
FNDA:5,(anonymous_13)
FNDA:0,(anonymous_14)
FNDA:0,(anonymous_15)
FNDA:0,(anonymous_16)
FNDA:1,(anonymous_17)
FNDA:1,(anonymous_18)
FNDA:4,(anonymous_19)
DA:2,3
DA:3,3
DA:4,3
DA:5,3
DA:6,3
DA:7,3
DA:8,3
DA:9,3
DA:10,3
DA:11,3
DA:12,3
DA:13,3
DA:14,3
DA:15,3
DA:16,3
DA:18,3
DA:21,3
DA:24,153
DA:25,153
DA:26,153
DA:27,153
DA:29,153
DA:56,3
DA:60,81
DA:62,81
DA:63,81
DA:64,81
DA:65,81
DA:66,81
DA:67,81
DA:74,81
DA:83,81
DA:97,81
DA:98,81
DA:100,81
DA:101,16
DA:105,81
DA:106,16
DA:107,16
DA:108,16
DA:109,16
DA:111,0
DA:112,0
DA:114,16
DA:118,463
DA:119,81
DA:121,81
DA:122,931
DA:125,81
DA:126,4
DA:127,4
DA:128,4
DA:130,4
DA:131,4
DA:132,0
DA:136,4
DA:137,3
DA:138,0
DA:141,3
DA:142,3
DA:145,3
DA:153,3
DA:156,3
DA:157,0
DA:160,3
DA:162,3
DA:163,3
DA:164,3
DA:166,3
DA:167,0
DA:168,0
DA:169,0
DA:171,0
DA:176,3
DA:197,3
DA:199,2
DA:200,2
DA:201,2
DA:203,2
DA:205,2
DA:206,2
DA:207,2
DA:209,4
DA:214,81
DA:221,147
DA:223,147
DA:248,931
DA:257,0
DA:305,81
DA:306,0
DA:309,0
DA:310,0
DA:311,0
DA:313,0
DA:318,81
DA:319,32
DA:331,49
DA:395,5
DA:396,0
DA:397,0
DA:398,0
DA:420,1
DA:448,1
DA:486,4
LF:104
LH:86
BRDA:29,0,0,153
BRDA:29,0,1,150
BRDA:122,1,0,0
BRDA:122,1,1,931
BRDA:131,2,0,0
BRDA:137,3,0,0
BRDA:142,4,0,0
BRDA:142,4,1,3
BRDA:145,5,0,3
BRDA:145,5,1,0
BRDA:156,6,0,0
BRDA:166,7,0,0
BRDA:168,8,0,0
BRDA:168,8,1,0
BRDA:186,9,0,0
BRDA:186,9,1,3
BRDA:188,10,0,3
BRDA:188,10,1,3
BRDA:189,11,0,0
BRDA:189,11,1,3
BRDA:189,12,0,0
BRDA:189,12,1,0
BRDA:205,13,0,2
BRDA:205,13,1,0
BRDA:217,14,0,0
BRDA:219,15,0,0
BRDA:229,16,0,147
BRDA:229,16,1,147
BRDA:229,16,2,98
BRDA:232,17,0,49
BRDA:232,17,1,98
BRDA:232,18,0,147
BRDA:232,18,1,49
BRDA:238,19,0,0
BRDA:238,19,1,49
BRDA:243,20,0,0
BRDA:243,20,1,49
BRDA:263,21,0,49
BRDA:263,21,1,49
BRDA:270,22,0,0
BRDA:270,22,1,49
BRDA:273,23,0,0
BRDA:273,23,1,49
BRDA:281,24,0,0
BRDA:281,24,1,0
BRDA:289,25,0,2
BRDA:289,25,1,47
BRDA:293,26,0,147
BRDA:293,26,1,2
BRDA:305,27,0,0
BRDA:318,28,0,32
BRDA:353,29,0,49
BRDA:353,29,1,2
BRDA:393,30,0,49
BRDA:393,30,1,49
BRDA:438,31,0,0
BRDA:438,31,1,49
BRDA:459,32,0,49
BRDA:459,32,1,0
BRDA:464,33,0,49
BRDA:464,33,1,0
BRDA:490,34,0,49
BRDA:490,34,1,0
BRDA:520,35,0,49
BRDA:520,35,1,19
BRDA:533,36,0,49
BRDA:533,36,1,10
BRDA:533,36,2,7
BRDA:538,37,0,0
BRDA:538,37,1,49
BRDA:546,38,0,2
BRDA:546,38,1,47
BRF:72
BRH:44
end_of_record
TN:
SF:src/components/plant/PlantReminderSettings.tsx
FN:22,(anonymous_0)
FN:40,(anonymous_1)
FNF:2
FNH:2
FNDA:18,(anonymous_0)
FNDA:3,(anonymous_1)
DA:2,2
DA:3,2
DA:4,2
DA:5,2
DA:6,2
DA:22,2
DA:27,18
DA:35,18
DA:36,18
DA:40,18
DA:41,3
DA:42,3
DA:43,3
DA:45,3
DA:50,1
DA:55,1
DA:56,1
DA:57,1
DA:59,1
DA:60,1
DA:61,1
DA:63,2
DA:69,18
DA:77,18
DA:107,2
LF:25
LH:25
BRDA:28,0,0,18
BRDA:28,0,1,1
BRDA:29,1,0,18
BRDA:29,1,1,1
BRDA:30,2,0,18
BRDA:30,2,1,1
BRDA:31,3,0,18
BRDA:31,3,1,1
BRDA:32,4,0,18
BRDA:32,4,1,1
BRDA:69,5,0,18
BRDA:69,5,1,9
BRDA:69,5,2,9
BRDA:69,5,3,9
BRDA:69,5,4,9
BRDA:69,6,0,18
BRDA:69,6,1,1
BRDA:71,7,0,9
BRDA:71,7,1,1
BRDA:73,8,0,9
BRDA:73,8,1,1
BRDA:74,9,0,9
BRDA:74,9,1,1
BRDA:75,10,0,9
BRDA:75,10,1,1
BRDA:87,11,0,18
BRDA:87,11,1,9
BRDA:88,12,0,9
BRDA:88,12,1,9
BRDA:91,13,0,3
BRDA:91,13,1,15
BRDA:91,14,0,6
BRDA:91,14,1,9
BRDA:95,15,0,18
BRDA:95,15,1,1
BRDA:100,16,0,18
BRDA:100,16,1,1
BRF:37
BRH:37
end_of_record
TN:
SF:src/components/plant/PlantStageDisplay.tsx
FN:11,(anonymous_0)
FNF:1
FNH:1
FNDA:4,(anonymous_0)
DA:3,1
DA:11,1
DA:16,4
DA:18,4
DA:26,1
LF:5
LH:5
BRDA:13,0,0,3
BRDA:14,1,0,3
BRDA:20,2,0,4
BRDA:20,2,1,1
BRF:4
BRH:4
end_of_record
TN:
SF:src/components/plant/ReminderPreferencesSection.tsx
FN:19,(anonymous_0)
FN:23,(anonymous_1)
FN:76,(anonymous_2)
FN:90,(anonymous_3)
FNF:4
FNH:4
FNDA:36,(anonymous_0)
FNDA:3,(anonymous_1)
FNDA:180,(anonymous_2)
FNDA:3,(anonymous_3)
DA:2,4
DA:3,4
DA:19,4
DA:23,36
DA:24,3
DA:30,36
DA:63,36
DA:77,180
DA:90,3
DA:100,4
LF:10
LH:10
BRF:0
BRH:0
end_of_record
TN:
SF:src/components/plant/SimplifiedLocationSelector.tsx
FN:23,(anonymous_0)
FN:86,SimplifiedLocationSelector
FN:125,(anonymous_2)
FN:129,(anonymous_3)
FN:130,(anonymous_4)
FN:137,(anonymous_5)
FN:142,(anonymous_6)
FN:154,(anonymous_7)
FN:167,(anonymous_8)
FN:175,(anonymous_9)
FN:228,(anonymous_10)
FN:238,(anonymous_11)
FN:271,(anonymous_12)
FN:285,(anonymous_13)
FN:290,(anonymous_14)
FN:295,(anonymous_15)
FN:311,(anonymous_16)
FN:343,(anonymous_17)
FN:355,(anonymous_18)
FN:361,(anonymous_19)
FN:404,(anonymous_20)
FN:429,(anonymous_21)
FN:433,(anonymous_22)
FN:468,(anonymous_23)
FN:536,(anonymous_24)
FN:548,(anonymous_25)
FN:554,(anonymous_26)
FN:597,(anonymous_27)
FN:618,(anonymous_28)
FN:633,(anonymous_29)
FN:648,(anonymous_30)
FN:659,(anonymous_31)
FN:704,(anonymous_32)
FN:715,(anonymous_33)
FN:725,(anonymous_34)
FN:726,(anonymous_35)
FN:736,(anonymous_36)
FNF:37
FNH:0
FNDA:0,(anonymous_0)
FNDA:0,SimplifiedLocationSelector
FNDA:0,(anonymous_2)
FNDA:0,(anonymous_3)
FNDA:0,(anonymous_4)
FNDA:0,(anonymous_5)
FNDA:0,(anonymous_6)
FNDA:0,(anonymous_7)
FNDA:0,(anonymous_8)
FNDA:0,(anonymous_9)
FNDA:0,(anonymous_10)
FNDA:0,(anonymous_11)
FNDA:0,(anonymous_12)
FNDA:0,(anonymous_13)
FNDA:0,(anonymous_14)
FNDA:0,(anonymous_15)
FNDA:0,(anonymous_16)
FNDA:0,(anonymous_17)
FNDA:0,(anonymous_18)
FNDA:0,(anonymous_19)
FNDA:0,(anonymous_20)
FNDA:0,(anonymous_21)
FNDA:0,(anonymous_22)
FNDA:0,(anonymous_23)
FNDA:0,(anonymous_24)
FNDA:0,(anonymous_25)
FNDA:0,(anonymous_26)
FNDA:0,(anonymous_27)
FNDA:0,(anonymous_28)
FNDA:0,(anonymous_29)
FNDA:0,(anonymous_30)
FNDA:0,(anonymous_31)
FNDA:0,(anonymous_32)
FNDA:0,(anonymous_33)
FNDA:0,(anonymous_34)
FNDA:0,(anonymous_35)
FNDA:0,(anonymous_36)
DA:1,0
DA:2,0
DA:3,0
DA:4,0
DA:5,0
DA:6,0
DA:8,0
DA:9,0
DA:10,0
DA:11,0
DA:12,0
DA:13,0
DA:15,0
DA:25,0
DA:27,0
DA:35,0
DA:86,0
DA:96,0
DA:97,0
DA:98,0
DA:99,0
DA:100,0
DA:101,0
DA:102,0
DA:103,0
DA:104,0
DA:105,0
DA:106,0
DA:115,0
DA:122,0
DA:123,0
DA:125,0
DA:128,0
DA:129,0
DA:130,0
DA:137,0
DA:138,0
DA:142,0
DA:143,0
DA:144,0
DA:145,0
DA:146,0
DA:148,0
DA:149,0
DA:150,0
DA:154,0
DA:155,0
DA:156,0
DA:157,0
DA:158,0
DA:160,0
DA:161,0
DA:163,0
DA:167,0
DA:168,0
DA:169,0
DA:171,0
DA:174,0
DA:175,0
DA:178,0
DA:180,0
DA:183,0
DA:184,0
DA:191,0
DA:192,0
DA:200,0
DA:210,0
DA:211,0
DA:214,0
DA:215,0
DA:218,0
DA:219,0
DA:221,0
DA:222,0
DA:224,0
DA:228,0
DA:229,0
DA:231,0
DA:235,0
DA:238,0
DA:239,0
DA:242,0
DA:243,0
DA:246,0
DA:247,0
DA:248,0
DA:251,0
DA:252,0
DA:253,0
DA:255,0
DA:267,0
DA:271,0
DA:272,0
DA:274,0
DA:275,0
DA:276,0
DA:277,0
DA:278,0
DA:280,0
DA:281,0
DA:282,0
DA:283,0
DA:284,0
DA:285,0
DA:286,0
DA:290,0
DA:291,0
DA:295,0
DA:296,0
DA:297,0
DA:298,0
DA:299,0
DA:300,0
DA:301,0
DA:305,0
DA:307,0
DA:311,0
DA:334,0
DA:340,0
DA:343,0
DA:344,0
DA:352,0
DA:355,0
DA:356,0
DA:358,0
DA:361,0
DA:362,0
DA:364,0
DA:366,0
DA:368,0
DA:370,0
DA:372,0
DA:376,0
DA:404,0
DA:430,0
DA:434,0
DA:436,0
DA:437,0
DA:439,0
DA:469,0
DA:536,0
DA:548,0
DA:555,0
DA:597,0
DA:618,0
DA:633,0
DA:648,0
DA:659,0
DA:704,0
DA:715,0
DA:726,0
DA:727,0
DA:728,0
DA:729,0
DA:730,0
DA:731,0
DA:732,0
DA:736,0
DA:737,0
DA:740,0
DA:741,0
DA:742,0
DA:744,0
LF:163
LH:0
BRDA:25,0,0,0
BRDA:27,1,0,0
BRDA:27,1,1,0
BRDA:128,2,0,0
BRDA:128,2,1,0
BRDA:132,3,0,0
BRDA:132,3,1,0
BRDA:144,4,0,0
BRDA:144,4,1,0
BRDA:144,5,0,0
BRDA:144,5,1,0
BRDA:144,5,2,0
BRDA:146,6,0,0
BRDA:149,7,0,0
BRDA:150,8,0,0
BRDA:174,9,0,0
BRDA:174,9,1,0
BRDA:178,10,0,0
BRDA:178,10,1,0
BRDA:183,11,0,0
BRDA:183,11,1,0
BRDA:185,12,0,0
BRDA:185,12,1,0
BRDA:186,13,0,0
BRDA:186,13,1,0
BRDA:191,14,0,0
BRDA:191,14,1,0
BRDA:202,15,0,0
BRDA:202,15,1,0
BRDA:229,16,0,0
BRDA:246,17,0,0
BRDA:272,18,0,0
BRDA:284,19,0,0
BRDA:284,19,1,0
BRDA:286,20,0,0
BRDA:286,20,1,0
BRDA:291,21,0,0
BRDA:291,21,1,0
BRDA:296,22,0,0
BRDA:296,22,1,0
BRDA:296,22,2,0
BRDA:296,22,3,0
BRDA:296,22,4,0
BRDA:314,23,0,0
BRDA:314,23,1,0
BRDA:316,24,0,0
BRDA:316,24,1,0
BRDA:321,25,0,0
BRDA:321,25,1,0
BRDA:325,26,0,0
BRDA:325,26,1,0
BRDA:327,27,0,0
BRDA:327,27,1,0
BRDA:344,28,0,0
BRDA:344,28,1,0
BRDA:356,29,0,0
BRDA:362,30,0,0
BRDA:364,31,0,0
BRDA:364,31,1,0
BRDA:364,31,2,0
BRDA:364,31,3,0
BRDA:406,32,0,0
BRDA:406,32,1,0
BRDA:410,33,0,0
BRDA:410,33,1,0
BRDA:419,34,0,0
BRDA:419,34,1,0
BRDA:421,35,0,0
BRDA:421,35,1,0
BRDA:436,36,0,0
BRDA:436,36,1,0
BRDA:443,37,0,0
BRDA:443,37,1,0
BRDA:455,38,0,0
BRDA:455,38,1,0
BRDA:460,39,0,0
BRDA:460,39,1,0
BRDA:460,39,2,0
BRDA:474,40,0,0
BRDA:474,40,1,0
BRDA:480,41,0,0
BRDA:480,41,1,0
BRDA:487,42,0,0
BRDA:487,42,1,0
BRDA:487,42,2,0
BRDA:490,43,0,0
BRDA:490,43,1,0
BRDA:531,44,0,0
BRDA:531,44,1,0
BRDA:547,45,0,0
BRDA:547,45,1,0
BRDA:552,46,0,0
BRDA:552,46,1,0
BRDA:554,47,0,0
BRDA:554,47,1,0
BRDA:561,48,0,0
BRDA:561,48,1,0
BRDA:576,49,0,0
BRDA:576,49,1,0
BRDA:589,50,0,0
BRDA:589,50,1,0
BRDA:589,50,2,0
BRDA:609,51,0,0
BRDA:609,51,1,0
BRDA:617,52,0,0
BRDA:617,52,1,0
BRDA:636,53,0,0
BRDA:636,53,1,0
BRDA:639,54,0,0
BRDA:639,54,1,0
BRDA:650,55,0,0
BRDA:650,55,1,0
BRDA:661,56,0,0
BRDA:661,56,1,0
BRDA:671,57,0,0
BRDA:671,57,1,0
BRDA:679,58,0,0
BRDA:679,58,1,0
BRDA:704,59,0,0
BRDA:704,59,1,0
BRDA:715,60,0,0
BRDA:715,60,1,0
BRDA:725,61,0,0
BRDA:725,61,1,0
BRDA:727,62,0,0
BRDA:727,62,1,0
BRDA:727,62,2,0
BRDA:727,62,3,0
BRDA:727,62,4,0
BRDA:737,63,0,0
BRDA:737,63,1,0
BRDA:769,64,0,0
BRDA:769,64,1,0
BRF:133
BRH:0
end_of_record
TN:
SF:src/components/plant/SoilMixtureSelector.tsx
FN:135,(anonymous_0)
FN:143,(anonymous_1)
FN:149,(anonymous_2)
FN:152,(anonymous_3)
FN:158,(anonymous_4)
FN:160,(anonymous_5)
FN:164,(anonymous_6)
FN:165,(anonymous_7)
FN:175,(anonymous_8)
FN:197,(anonymous_9)
FN:206,(anonymous_10)
FN:234,(anonymous_11)
FN:254,(anonymous_12)
FN:280,(anonymous_13)
FN:300,(anonymous_14)
FNF:15
FNH:15
FNDA:121,(anonymous_0)
FNDA:54,(anonymous_1)
FNDA:126,(anonymous_2)
FNDA:126,(anonymous_3)
FNDA:328,(anonymous_4)
FNDA:1474,(anonymous_5)
FNDA:4,(anonymous_6)
FNDA:4,(anonymous_7)
FNDA:2,(anonymous_8)
FNDA:324,(anonymous_9)
FNDA:4,(anonymous_10)
FNDA:540,(anonymous_11)
FNDA:8,(anonymous_12)
FNDA:59,(anonymous_13)
FNDA:1,(anonymous_14)
DA:2,3
DA:4,3
DA:5,3
DA:29,3
DA:135,3
DA:140,121
DA:141,121
DA:143,121
DA:144,54
DA:145,33
DA:148,21
DA:149,126
DA:151,21
DA:152,126
DA:155,21
DA:158,121
DA:159,328
DA:160,1474
DA:164,121
DA:165,4
DA:166,4
DA:167,4
DA:170,4
DA:171,4
DA:175,121
DA:176,2
DA:177,2
DA:178,2
DA:182,121
DA:198,324
DA:206,4
DA:234,540
DA:254,8
DA:280,59
DA:301,1
DA:302,1
DA:333,3
LF:37
LH:37
BRDA:144,0,0,33
BRDA:166,1,0,4
BRDA:176,2,0,2
BRDA:193,3,0,54
BRDA:193,3,1,67
BRDA:202,4,0,12
BRDA:202,4,1,312
BRDA:212,5,0,324
BRDA:212,5,1,12
BRDA:216,6,0,324
BRDA:216,6,1,54
BRDA:230,7,0,324
BRDA:230,7,1,324
BRDA:314,8,0,121
BRDA:314,8,1,12
BRDA:314,8,2,12
BRF:16
BRH:16
end_of_record
TN:
SF:src/components/plant/StageUpdateModal.tsx
FN:25,(anonymous_0)
FN:39,(anonymous_1)
FN:85,(anonymous_2)
FNF:3
FNH:2
FNDA:5,(anonymous_0)
FNDA:0,(anonymous_1)
FNDA:5,(anonymous_2)
DA:3,1
DA:4,1
DA:5,1
DA:6,1
DA:14,1
DA:15,1
DA:25,1
DA:32,5
DA:33,5
DA:39,5
DA:40,0
DA:41,0
DA:45,5
DA:86,5
LF:14
LH:12
BRDA:33,0,0,5
BRDA:33,0,1,5
BRDA:33,0,2,5
BRDA:33,0,3,5
BRDA:40,1,0,0
BRDA:51,2,0,5
BRDA:51,2,1,0
BRDA:66,3,0,5
BRDA:66,3,1,5
BRDA:78,4,0,5
BRDA:78,4,1,0
BRDA:102,5,0,5
BRDA:102,5,1,5
BRF:13
BRH:10
end_of_record
TN:
SF:src/components/plant/StructuredPositioning.tsx
FN:24,StructuredPositioning
FN:50,(anonymous_1)
FN:51,(anonymous_2)
FN:58,(anonymous_3)
FN:71,(anonymous_4)
FN:92,(anonymous_5)
FN:104,(anonymous_6)
FN:110,(anonymous_7)
FN:124,(anonymous_8)
FN:128,(anonymous_9)
FN:133,(anonymous_10)
FN:171,(anonymous_11)
FN:195,(anonymous_12)
FN:217,(anonymous_13)
FN:243,(anonymous_14)
FN:294,(anonymous_15)
FN:306,(anonymous_16)
FN:320,(anonymous_17)
FN:390,(anonymous_18)
FN:395,(anonymous_19)
FN:425,(anonymous_20)
FNF:21
FNH:0
FNDA:0,StructuredPositioning
FNDA:0,(anonymous_1)
FNDA:0,(anonymous_2)
FNDA:0,(anonymous_3)
FNDA:0,(anonymous_4)
FNDA:0,(anonymous_5)
FNDA:0,(anonymous_6)
FNDA:0,(anonymous_7)
FNDA:0,(anonymous_8)
FNDA:0,(anonymous_9)
FNDA:0,(anonymous_10)
FNDA:0,(anonymous_11)
FNDA:0,(anonymous_12)
FNDA:0,(anonymous_13)
FNDA:0,(anonymous_14)
FNDA:0,(anonymous_15)
FNDA:0,(anonymous_16)
FNDA:0,(anonymous_17)
FNDA:0,(anonymous_18)
FNDA:0,(anonymous_19)
FNDA:0,(anonymous_20)
DA:1,0
DA:2,0
DA:3,0
DA:4,0
DA:7,0
DA:8,0
DA:9,0
DA:10,0
DA:24,0
DA:35,0
DA:36,0
DA:40,0
DA:44,0
DA:45,0
DA:46,0
DA:49,0
DA:50,0
DA:51,0
DA:58,0
DA:59,0
DA:61,0
DA:62,0
DA:65,0
DA:67,0
DA:71,0
DA:72,0
DA:74,0
DA:75,0
DA:76,0
DA:80,0
DA:82,0
DA:83,0
DA:88,0
DA:92,0
DA:93,0
DA:96,0
DA:97,0
DA:100,0
DA:104,0
DA:105,0
DA:106,0
DA:110,0
DA:111,0
DA:113,0
DA:121,0
DA:124,0
DA:125,0
DA:128,0
DA:129,0
DA:130,0
DA:133,0
DA:134,0
DA:135,0
DA:138,0
DA:139,0
DA:148,0
DA:171,0
DA:196,0
DA:218,0
DA:244,0
DA:294,0
DA:306,0
DA:320,0
DA:391,0
DA:395,0
DA:426,0
LF:66
LH:0
BRDA:49,0,0,0
BRDA:49,0,1,0
BRDA:53,1,0,0
BRDA:53,1,1,0
BRDA:59,2,0,0
BRDA:65,3,0,0
BRDA:65,3,1,0
BRDA:72,4,0,0
BRDA:72,5,0,0
BRDA:72,5,1,0
BRDA:93,6,0,0
BRDA:105,7,0,0
BRDA:105,8,0,0
BRDA:105,8,1,0
BRDA:111,9,0,0
BRDA:114,10,0,0
BRDA:114,10,1,0
BRDA:115,11,0,0
BRDA:115,11,1,0
BRDA:115,11,2,0
BRDA:129,12,0,0
BRDA:134,13,0,0
BRDA:135,14,0,0
BRDA:135,14,1,0
BRDA:138,15,0,0
BRDA:157,16,0,0
BRDA:157,16,1,0
BRDA:173,17,0,0
BRDA:173,17,1,0
BRDA:178,18,0,0
BRDA:178,18,1,0
BRDA:194,19,0,0
BRDA:194,19,1,0
BRDA:198,20,0,0
BRDA:198,20,1,0
BRDA:216,21,0,0
BRDA:216,21,1,0
BRDA:220,22,0,0
BRDA:220,22,1,0
BRDA:224,23,0,0
BRDA:224,23,1,0
BRDA:242,24,0,0
BRDA:242,24,1,0
BRDA:244,25,0,0
BRDA:244,25,1,0
BRDA:254,26,0,0
BRDA:254,26,1,0
BRDA:271,27,0,0
BRDA:271,27,1,0
BRDA:293,28,0,0
BRDA:293,28,1,0
BRDA:305,29,0,0
BRDA:305,29,1,0
BRDA:319,30,0,0
BRDA:319,30,1,0
BRDA:332,31,0,0
BRDA:332,31,1,0
BRDA:359,32,0,0
BRDA:359,32,1,0
BRDA:382,33,0,0
BRDA:382,33,1,0
BRDA:404,34,0,0
BRDA:404,34,1,0
BRDA:415,35,0,0
BRDA:415,35,1,0
BRDA:416,36,0,0
BRDA:416,36,1,0
BRDA:417,37,0,0
BRDA:417,37,1,0
BRDA:434,38,0,0
BRDA:434,38,1,0
BRF:71
BRH:0
end_of_record
TN:
SF:src/components/shared/QuickActionButtons.tsx
FN:96,(anonymous_0)
FN:104,(anonymous_1)
FN:105,(anonymous_2)
FN:120,(anonymous_3)
FN:140,(anonymous_4)
FNF:5
FNH:5
FNDA:15,(anonymous_0)
FNDA:59,(anonymous_1)
FNDA:13,(anonymous_2)
FNDA:59,(anonymous_3)
FNDA:19,(anonymous_4)
DA:2,7
DA:3,7
DA:25,7
DA:94,7
DA:96,7
DA:104,15
DA:105,59
DA:106,13
DA:107,12
DA:109,13
DA:114,15
DA:118,15
DA:121,59
DA:122,59
DA:140,7
DA:141,19
DA:143,19
DA:144,17
DA:145,14
DA:146,9
DA:147,8
DA:148,7
DA:149,6
DA:150,5
DA:151,4
DA:153,3
DA:156,7
LF:27
LH:27
BRDA:98,0,0,8
BRDA:99,1,0,9
BRDA:100,2,0,9
BRDA:101,3,0,9
BRDA:102,4,0,14
BRDA:106,5,0,12
BRDA:114,6,0,14
BRDA:114,6,1,1
BRDA:143,7,0,2
BRDA:144,8,0,3
BRDA:145,9,0,5
BRDA:145,10,0,14
BRDA:145,10,1,11
BRDA:145,10,2,10
BRDA:146,11,0,1
BRDA:147,12,0,1
BRDA:148,13,0,1
BRDA:149,14,0,1
BRDA:150,15,0,1
BRDA:151,16,0,1
BRF:20
BRH:20
end_of_record
TN:
SF:src/components/ui/ActionButtonGroup.tsx
FN:33,(anonymous_0)
FN:42,(anonymous_1)
FN:52,ActionButtonGroup
FN:71,(anonymous_3)
FN:102,PrimaryCancelButtons
FN:151,QuickActionButtons
FN:210,ToggleActionButton
FNF:7
FNH:7
FNDA:17,(anonymous_0)
FNDA:17,(anonymous_1)
FNDA:17,ActionButtonGroup
FNDA:36,(anonymous_3)
FNDA:5,PrimaryCancelButtons
FNDA:4,QuickActionButtons
FNDA:4,ToggleActionButton
DA:6,1
DA:7,1
DA:8,1
DA:33,1
DA:34,17
DA:35,0
DA:36,17
DA:37,0
DA:38,0
DA:42,1
DA:43,17
DA:44,0
DA:45,16
DA:46,1
DA:47,0
DA:48,0
DA:52,1
DA:61,17
DA:63,17
DA:69,17
DA:72,36
DA:102,1
DA:123,5
DA:140,5
DA:151,1
DA:168,4
DA:199,4
DA:210,1
DA:233,4
LF:29
LH:23
BRDA:34,0,0,0
BRDA:34,0,1,17
BRDA:34,0,2,0
BRDA:34,0,3,0
BRDA:43,1,0,0
BRDA:43,1,1,16
BRDA:43,1,2,1
BRDA:43,1,3,0
BRDA:43,1,4,0
BRDA:54,2,0,5
BRDA:55,3,0,12
BRDA:56,4,0,12
BRDA:57,5,0,13
BRDA:59,6,0,12
BRDA:74,7,0,36
BRDA:74,7,1,21
BRDA:75,8,0,36
BRDA:75,8,1,36
BRDA:77,9,0,36
BRDA:77,9,1,31
BRDA:79,10,0,36
BRDA:79,10,1,10
BRDA:80,11,0,36
BRDA:80,11,1,13
BRDA:83,12,0,13
BRDA:83,12,1,23
BRDA:87,13,0,2
BRDA:87,13,1,34
BRDA:91,14,0,34
BRDA:91,14,1,1
BRDA:103,15,0,4
BRDA:104,16,0,4
BRDA:107,17,0,4
BRDA:108,18,0,5
BRDA:109,19,0,5
BRDA:110,20,0,5
BRDA:156,21,0,3
BRDA:157,22,0,4
BRDA:169,23,0,4
BRDA:169,23,1,4
BRDA:176,24,0,4
BRDA:176,24,1,3
BRDA:183,25,0,4
BRDA:183,25,1,3
BRDA:190,26,0,4
BRDA:190,26,1,3
BRDA:217,27,0,4
BRDA:218,28,0,4
BRDA:219,29,0,4
BRDA:235,30,0,2
BRDA:235,30,1,2
BRDA:240,31,0,4
BRDA:240,31,1,2
BRDA:244,32,0,2
BRDA:244,32,1,2
BRDA:244,33,0,2
BRDA:244,33,1,2
BRDA:245,34,0,2
BRDA:245,34,1,2
BRDA:245,35,0,2
BRDA:245,35,1,1
BRF:61
BRH:55
end_of_record
TN:
SF:src/components/ui/ActionCard.tsx
FN:42,(anonymous_0)
FN:55,ActionCard
FN:141,StatusCard
FN:157,LoadingCard
FN:169,(anonymous_4)
FNF:5
FNH:5
FNDA:1,(anonymous_0)
FNDA:13,ActionCard
FNDA:1,StatusCard
FNDA:2,LoadingCard
FNDA:8,(anonymous_4)
DA:6,1
DA:7,1
DA:8,1
DA:9,1
DA:42,1
DA:43,1
DA:45,1
DA:47,0
DA:49,0
DA:51,0
DA:55,1
DA:71,13
DA:73,13
DA:74,3
DA:92,10
DA:141,1
DA:149,1
DA:157,1
DA:162,2
DA:170,8
LF:20
LH:17
BRDA:43,0,0,1
BRDA:43,0,1,0
BRDA:43,0,2,0
BRDA:43,0,3,0
BRDA:69,1,0,12
BRDA:71,2,0,1
BRDA:71,2,1,12
BRDA:73,3,0,3
BRDA:97,4,0,10
BRDA:97,4,1,1
BRDA:98,5,0,10
BRDA:98,5,1,1
BRDA:103,6,0,10
BRDA:103,6,1,9
BRDA:107,7,0,9
BRDA:107,7,1,1
BRDA:117,8,0,9
BRDA:117,8,1,1
BRDA:119,9,0,9
BRDA:119,9,1,2
BRDA:120,10,0,2
BRDA:120,10,1,0
BRDA:125,11,0,9
BRDA:125,11,1,1
BRDA:143,12,0,0
BRDA:158,13,0,1
BRDA:159,14,0,0
BRDA:174,15,0,8
BRDA:174,15,1,2
BRF:29
BRH:23
end_of_record
TN:
SF:src/components/ui/Badge.tsx
FN:11,(anonymous_0)
FNF:1
FNH:1
FNDA:129,(anonymous_0)
DA:1,6
DA:2,6
DA:11,6
DA:19,129
DA:21,129
DA:29,129
DA:35,129
DA:50,6
LF:8
LH:8
BRDA:12,0,0,41
BRDA:13,1,0,129
BRF:2
BRH:2
end_of_record
TN:
SF:src/components/ui/Button.tsx
FN:14,(anonymous_0)
FNF:1
FNH:1
FNDA:1647,(anonymous_0)
DA:2,22
DA:3,22
DA:14,22
DA:25,1647
DA:37,1647
DA:89,1647
DA:96,1647
DA:98,1647
LF:8
LH:8
BRDA:15,0,0,360
BRDA:16,1,0,371
BRDA:19,2,0,1647
BRDA:96,3,0,1647
BRDA:96,3,1,1428
BRDA:109,4,0,1647
BRDA:109,4,1,0
BRDA:115,5,0,1647
BRDA:115,5,1,0
BRDA:116,6,0,1647
BRDA:116,6,1,0
BRDA:118,7,0,1647
BRDA:118,7,1,0
BRF:13
BRH:9
end_of_record
TN:
SF:src/components/ui/Card.tsx
FN:19,Card
FN:33,CardHeader
FN:44,CardContent
FN:56,CardTitle
FNF:4
FNH:4
FNDA:994,Card
FNDA:753,CardHeader
FNDA:994,CardContent
FNDA:750,CardTitle
DA:1,21
DA:2,21
DA:19,21
DA:20,994
DA:33,21
DA:34,753
DA:44,21
DA:49,994
DA:56,21
DA:57,750
LF:10
LH:10
BRF:0
BRH:0
end_of_record
TN:
SF:src/components/ui/DarkModeToggle.tsx
FN:12,(anonymous_0)
FNF:1
FNH:1
FNDA:6,(anonymous_0)
DA:2,1
DA:3,1
DA:4,1
DA:12,1
DA:17,6
DA:19,6
DA:40,6
DA:42,6
LF:8
LH:8
BRDA:13,0,0,0
BRDA:15,1,0,6
BRDA:44,2,0,6
BRDA:44,2,1,0
BRDA:49,3,0,0
BRDA:49,3,1,0
BRDA:64,4,0,0
BRDA:64,4,1,6
BRDA:68,5,0,0
BRDA:68,5,1,6
BRDA:74,6,0,0
BRDA:74,6,1,6
BRDA:77,7,0,0
BRDA:77,7,1,6
BRDA:81,8,0,6
BRDA:81,8,1,0
BRDA:85,9,0,0
BRDA:85,9,1,0
BRF:18
BRH:7
end_of_record
TN:
SF:src/components/ui/Dialog.tsx
FN:13,(anonymous_0)
FN:14,(anonymous_1)
FN:15,(anonymous_2)
FN:25,(anonymous_3)
FN:68,(anonymous_4)
FN:75,(anonymous_5)
FN:89,(anonymous_6)
FN:103,(anonymous_7)
FN:110,(anonymous_8)
FNF:9
FNH:3
FNDA:5,(anonymous_0)
FNDA:5,(anonymous_1)
FNDA:0,(anonymous_2)
FNDA:5,(anonymous_3)
FNDA:0,(anonymous_4)
FNDA:0,(anonymous_5)
FNDA:0,(anonymous_6)
FNDA:0,(anonymous_7)
FNDA:0,(anonymous_8)
DA:3,1
DA:4,1
DA:5,1
DA:13,1
DA:14,5
DA:15,5
DA:16,0
DA:17,0
DA:21,5
DA:22,0
DA:25,5
DA:26,5
DA:30,5
DA:31,5
DA:34,0
DA:68,1
DA:72,0
DA:75,1
DA:79,0
DA:89,1
DA:93,0
DA:103,1
DA:107,0
DA:110,1
DA:114,0
DA:125,1
DA:126,1
DA:127,1
DA:128,1
DA:129,1
DA:130,1
LF:31
LH:22
BRDA:16,0,0,0
BRDA:21,1,0,0
BRDA:30,2,0,5
BRF:3
BRH:1
end_of_record
TN:
SF:src/components/ui/ExpandableCard.tsx
FN:32,ExpandableCard
FN:53,(anonymous_1)
FN:67,(anonymous_2)
FN:120,ExpandableTextCard
FNF:4
FNH:0
FNDA:0,ExpandableCard
FNDA:0,(anonymous_1)
FNDA:0,(anonymous_2)
FNDA:0,ExpandableTextCard
DA:6,0
DA:7,0
DA:8,0
DA:9,0
DA:32,0
DA:47,0
DA:50,0
DA:51,0
DA:53,0
DA:54,0
DA:57,0
DA:61,0
DA:64,0
DA:68,0
DA:69,0
DA:85,0
DA:120,0
DA:130,0
DA:132,0
LF:19
LH:0
BRDA:35,0,0,0
BRDA:40,1,0,0
BRDA:41,2,0,0
BRDA:42,3,0,0
BRDA:43,4,0,0
BRDA:50,5,0,0
BRDA:50,5,1,0
BRDA:51,6,0,0
BRDA:51,6,1,0
BRDA:57,7,0,0
BRDA:57,7,1,0
BRDA:58,8,0,0
BRDA:58,8,1,0
BRDA:59,9,0,0
BRDA:59,9,1,0
BRDA:61,10,0,0
BRDA:61,10,1,0
BRDA:72,11,0,0
BRDA:72,11,1,0
BRDA:74,12,0,0
BRDA:74,12,1,0
BRDA:77,13,0,0
BRDA:77,13,1,0
BRDA:102,14,0,0
BRDA:102,14,1,0
BRDA:106,15,0,0
BRDA:106,15,1,0
BRDA:109,16,0,0
BRDA:109,16,1,0
BRDA:123,17,0,0
BRDA:130,18,0,0
BRDA:130,18,1,0
BRDA:135,19,0,0
BRDA:135,19,1,0
BRDA:140,20,0,0
BRDA:140,20,1,0
BRDA:141,21,0,0
BRDA:141,21,1,0
BRDA:144,22,0,0
BRDA:144,22,1,0
BRF:40
BRH:0
end_of_record
TN:
SF:src/components/ui/GenericCard.tsx
FN:33,(anonymous_0)
FN:67,(anonymous_1)
FN:117,(anonymous_2)
FN:135,(anonymous_3)
FNF:4
FNH:0
FNDA:0,(anonymous_0)
FNDA:0,(anonymous_1)
FNDA:0,(anonymous_2)
FNDA:0,(anonymous_3)
DA:2,0
DA:3,0
DA:4,0
DA:5,0
DA:33,0
DA:47,0
DA:49,0
DA:50,0
DA:59,0
DA:60,0
DA:68,0
DA:85,0
DA:118,0
DA:135,0
DA:136,0
DA:138,0
DA:140,0
DA:142,0
DA:144,0
DA:146,0
LF:20
LH:0
BRDA:37,0,0,0
BRDA:38,1,0,0
BRDA:39,2,0,0
BRDA:40,3,0,0
BRDA:41,4,0,0
BRDA:43,5,0,0
BRDA:47,6,0,0
BRDA:47,6,1,0
BRDA:49,7,0,0
BRDA:59,8,0,0
BRDA:65,9,0,0
BRDA:65,9,1,0
BRDA:70,10,0,0
BRDA:70,10,1,0
BRDA:75,11,0,0
BRDA:75,11,1,0
BRDA:87,12,0,0
BRDA:87,12,1,0
BRDA:87,12,2,0
BRDA:87,12,3,0
BRDA:87,12,4,0
BRDA:91,13,0,0
BRDA:91,13,1,0
BRDA:93,14,0,0
BRDA:93,14,1,0
BRDA:96,15,0,0
BRDA:96,15,1,0
BRDA:103,16,0,0
BRDA:103,16,1,0
BRDA:112,17,0,0
BRDA:112,17,1,0
BRDA:112,18,0,0
BRDA:112,18,1,0
BRDA:115,19,0,0
BRDA:115,19,1,0
BRDA:120,20,0,0
BRDA:120,20,1,0
BRDA:125,21,0,0
BRDA:125,21,1,0
BRDA:136,22,0,0
BRDA:136,22,1,0
BRDA:136,22,2,0
BRDA:136,22,3,0
BRDA:136,22,4,0
BRF:44
BRH:0
end_of_record
TN:
SF:src/components/ui/Input.tsx
FN:9,(anonymous_0)
FNF:1
FNH:1
FNDA:285,(anonymous_0)
DA:2,8
DA:3,8
DA:9,8
DA:14,285
LF:4
LH:4
BRDA:11,0,0,122
BRF:1
BRH:1
end_of_record
TN:
SF:src/components/ui/LoadingSpinner.tsx
FN:10,(anonymous_0)
FNF:1
FNH:1
FNDA:51,(anonymous_0)
DA:2,8
DA:3,8
DA:10,8
DA:14,51
DA:20,51
LF:5
LH:5
BRDA:11,0,0,34
BRF:1
BRH:1
end_of_record
TN:
SF:src/components/ui/LocationToggle.tsx
FN:12,(anonymous_0)
FN:25,(anonymous_1)
FN:41,(anonymous_2)
FNF:3
FNH:0
FNDA:0,(anonymous_0)
FNDA:0,(anonymous_1)
FNDA:0,(anonymous_2)
DA:2,0
DA:3,0
DA:12,0
DA:18,0
DA:25,0
DA:41,0
LF:6
LH:0
BRDA:15,0,0,0
BRDA:28,1,0,0
BRDA:28,1,1,0
BRDA:31,2,0,0
BRDA:31,2,1,0
BRDA:44,3,0,0
BRDA:44,3,1,0
BRDA:47,4,0,0
BRDA:47,4,1,0
BRF:9
BRH:0
end_of_record
TN:
SF:src/components/ui/ModalOverlay.tsx
FN:44,(anonymous_0)
FN:55,ModalOverlay
FN:76,(anonymous_2)
FN:79,(anonymous_3)
FN:86,(anonymous_4)
FN:90,(anonymous_5)
FN:99,(anonymous_6)
FN:106,(anonymous_7)
FN:130,(anonymous_8)
FN:189,ConfirmationModal
FN:247,FormModal
FNF:11
FNH:0
FNDA:0,(anonymous_0)
FNDA:0,ModalOverlay
FNDA:0,(anonymous_2)
FNDA:0,(anonymous_3)
FNDA:0,(anonymous_4)
FNDA:0,(anonymous_5)
FNDA:0,(anonymous_6)
FNDA:0,(anonymous_7)
FNDA:0,(anonymous_8)
FNDA:0,ConfirmationModal
FNDA:0,FormModal
DA:6,0
DA:7,0
DA:8,0
DA:9,0
DA:44,0
DA:45,0
DA:46,0
DA:47,0
DA:48,0
DA:49,0
DA:50,0
DA:51,0
DA:55,0
DA:76,0
DA:77,0
DA:79,0
DA:80,0
DA:81,0
DA:85,0
DA:86,0
DA:90,0
DA:91,0
DA:93,0
DA:94,0
DA:96,0
DA:99,0
DA:100,0
DA:104,0
DA:106,0
DA:107,0
DA:108,0
DA:112,0
DA:130,0
DA:189,0
DA:211,0
DA:232,0
DA:247,0
DA:271,0
DA:291,0
LF:39
LH:0
BRDA:45,0,0,0
BRDA:45,0,1,0
BRDA:45,0,2,0
BRDA:45,0,3,0
BRDA:45,0,4,0
BRDA:45,0,5,0
BRDA:61,1,0,0
BRDA:65,2,0,0
BRDA:66,3,0,0
BRDA:67,4,0,0
BRDA:68,5,0,0
BRDA:69,6,0,0
BRDA:77,7,0,0
BRDA:77,8,0,0
BRDA:77,8,1,0
BRDA:80,9,0,0
BRDA:91,10,0,0
BRDA:93,11,0,0
BRDA:93,11,1,0
BRDA:104,12,0,0
BRDA:107,13,0,0
BRDA:107,14,0,0
BRDA:107,14,1,0
BRDA:133,15,0,0
BRDA:133,15,1,0
BRDA:133,15,2,0
BRDA:133,15,3,0
BRDA:133,15,4,0
BRDA:139,16,0,0
BRDA:139,16,1,0
BRDA:141,17,0,0
BRDA:141,17,1,0
BRDA:146,18,0,0
BRDA:146,18,1,0
BRDA:157,19,0,0
BRDA:157,19,1,0
BRDA:178,20,0,0
BRDA:178,20,1,0
BRDA:193,21,0,0
BRDA:195,22,0,0
BRDA:196,23,0,0
BRDA:197,24,0,0
BRDA:198,25,0,0
BRDA:224,26,0,0
BRDA:224,26,1,0
BRDA:253,27,0,0
BRDA:254,28,0,0
BRDA:255,29,0,0
BRDA:256,30,0,0
BRDA:257,31,0,0
BRDA:281,32,0,0
BRDA:281,32,1,0
BRDA:283,33,0,0
BRDA:283,33,1,0
BRF:54
BRH:0
end_of_record
TN:
SF:src/components/ui/OfflineIndicator.tsx
FN:4,(anonymous_0)
FN:7,(anonymous_1)
FN:8,handleOnline
FN:12,handleOffline
FN:19,(anonymous_4)
FNF:5
FNH:3
FNDA:6,(anonymous_0)
FNDA:6,(anonymous_1)
FNDA:0,handleOnline
FNDA:0,handleOffline
FNDA:6,(anonymous_4)
DA:2,1
DA:4,1
DA:5,6
DA:7,6
DA:9,0
DA:13,0
DA:16,6
DA:17,6
DA:19,6
DA:20,6
DA:21,6
DA:25,6
DA:27,0
LF:13
LH:10
BRDA:25,0,0,6
BRF:1
BRH:1
end_of_record
TN:
SF:src/components/ui/PriorityBadge.tsx
FN:81,PriorityBadge
FN:123,getPriorityColors
FN:128,getStatusColors
FN:134,getPriorityBorderColor
FN:143,getStatusBorderColor
FN:156,HighPriorityBadge
FN:160,MediumPriorityBadge
FN:164,LowPriorityBadge
FN:169,OverdueBadge
FN:173,DueTodayBadge
FN:177,CompletedBadge
FNF:11
FNH:0
FNDA:0,PriorityBadge
FNDA:0,getPriorityColors
FNDA:0,getStatusColors
FNDA:0,getPriorityBorderColor
FNDA:0,getStatusBorderColor
FNDA:0,HighPriorityBadge
FNDA:0,MediumPriorityBadge
FNDA:0,LowPriorityBadge
FNDA:0,OverdueBadge
FNDA:0,DueTodayBadge
FNDA:0,CompletedBadge
DA:6,0
DA:7,0
DA:8,0
DA:19,0
DA:37,0
DA:81,0
DA:92,0
DA:97,0
DA:99,0
DA:123,0
DA:124,0
DA:125,0
DA:128,0
DA:129,0
DA:130,0
DA:134,0
DA:135,0
DA:136,0
DA:137,0
DA:138,0
DA:139,0
DA:143,0
DA:144,0
DA:145,0
DA:146,0
DA:147,0
DA:148,0
DA:149,0
DA:150,0
DA:151,0
DA:156,0
DA:157,0
DA:160,0
DA:161,0
DA:164,0
DA:165,0
DA:169,0
DA:170,0
DA:173,0
DA:174,0
DA:177,0
DA:178,0
LF:42
LH:0
BRDA:87,0,0,0
BRDA:88,1,0,0
BRDA:92,2,0,0
BRDA:92,2,1,0
BRDA:92,2,2,0
BRDA:92,2,3,0
BRDA:93,3,0,0
BRDA:93,3,1,0
BRDA:94,4,0,0
BRDA:94,4,1,0
BRDA:97,5,0,0
BRDA:97,5,1,0
BRDA:104,6,0,0
BRDA:104,6,1,0
BRDA:105,7,0,0
BRDA:105,7,1,0
BRDA:109,8,0,0
BRDA:109,8,1,0
BRDA:113,9,0,0
BRDA:113,9,1,0
BRDA:135,10,0,0
BRDA:135,10,1,0
BRDA:135,10,2,0
BRDA:135,10,3,0
BRDA:144,11,0,0
BRDA:144,11,1,0
BRDA:144,11,2,0
BRDA:144,11,3,0
BRDA:144,11,4,0
BRDA:144,11,5,0
BRDA:144,11,6,0
BRF:31
BRH:0
end_of_record
TN:
SF:src/components/ui/StatusBadge.tsx
FN:10,(anonymous_0)
FNF:1
FNH:1
FNDA:108,(anonymous_0)
DA:2,4
DA:3,4
DA:10,4
DA:14,108
DA:16,108
DA:21,108
DA:28,108
DA:35,108
LF:8
LH:8
BRDA:12,0,0,0
BRF:1
BRH:0
end_of_record
TN:
SF:src/components/ui/Switch.tsx
FN:20,(anonymous_0)
FN:88,(anonymous_1)
FNF:2
FNH:2
FNDA:180,(anonymous_0)
FNDA:3,(anonymous_1)
DA:2,4
DA:3,4
DA:20,4
DA:34,180
DA:58,180
DA:60,180
DA:88,3
LF:7
LH:7
BRDA:23,0,0,180
BRDA:28,1,0,180
BRDA:63,2,0,180
BRDA:63,2,1,180
BRDA:63,2,2,0
BRDA:68,3,0,0
BRDA:68,3,1,0
BRDA:71,4,0,0
BRDA:71,4,1,0
BRDA:74,5,0,0
BRDA:74,5,1,0
BRDA:75,6,0,0
BRDA:75,6,1,0
BRDA:92,7,0,116
BRDA:92,7,1,64
BRDA:95,8,0,180
BRDA:95,8,1,0
BRDA:102,9,0,116
BRDA:102,9,1,64
BRDA:108,10,0,180
BRDA:108,10,1,180
BRDA:108,10,2,0
BRDA:113,11,0,0
BRDA:113,11,1,0
BRDA:116,12,0,0
BRDA:116,12,1,0
BRDA:119,13,0,0
BRDA:119,13,1,0
BRDA:120,14,0,0
BRDA:120,14,1,0
BRF:30
BRH:11
end_of_record
TN:
SF:src/components/ui/ToggleSection.tsx
FN:46,ToggleSection
FN:69,(anonymous_1)
FN:79,(anonymous_2)
FN:158,ShowHideSection
FN:199,EnableDisableSection
FNF:5
FNH:0
FNDA:0,ToggleSection
FNDA:0,(anonymous_1)
FNDA:0,(anonymous_2)
FNDA:0,ShowHideSection
FNDA:0,EnableDisableSection
DA:6,0
DA:7,0
DA:8,0
DA:46,0
DA:69,0
DA:70,0
DA:71,0
DA:72,0
DA:73,0
DA:74,0
DA:75,0
DA:79,0
DA:80,0
DA:81,0
DA:82,0
DA:83,0
DA:87,0
DA:88,0
DA:90,0
DA:158,0
DA:174,0
DA:199,0
DA:213,0
LF:23
LH:0
BRDA:52,0,0,0
BRDA:58,1,0,0
BRDA:59,2,0,0
BRDA:60,3,0,0
BRDA:61,4,0,0
BRDA:65,5,0,0
BRDA:66,6,0,0
BRDA:70,7,0,0
BRDA:70,7,1,0
BRDA:70,7,2,0
BRDA:70,7,3,0
BRDA:70,7,4,0
BRDA:80,8,0,0
BRDA:80,8,1,0
BRDA:80,8,2,0
BRDA:87,9,0,0
BRDA:87,9,1,0
BRDA:87,10,0,0
BRDA:87,10,1,0
BRDA:88,11,0,0
BRDA:88,11,1,0
BRDA:88,12,0,0
BRDA:88,12,1,0
BRDA:96,13,0,0
BRDA:96,13,1,0
BRDA:100,14,0,0
BRDA:100,14,1,0
BRDA:102,15,0,0
BRDA:102,15,1,0
BRDA:110,16,0,0
BRDA:110,16,1,0
BRDA:113,17,0,0
BRDA:113,17,1,0
BRDA:123,18,0,0
BRDA:123,18,1,0
BRDA:126,19,0,0
BRDA:126,19,1,0
BRDA:129,20,0,0
BRDA:129,20,1,0
BRDA:130,21,0,0
BRDA:130,21,1,0
BRDA:134,22,0,0
BRDA:134,22,1,0
BRDA:138,23,0,0
BRDA:138,23,1,0
BRDA:148,24,0,0
BRDA:148,24,1,0
BRDA:161,25,0,0
BRDA:162,26,0,0
BRDA:163,27,0,0
BRDA:189,28,0,0
BRDA:189,28,1,0
BRDA:189,28,2,0
BRDA:202,29,0,0
BRDA:204,30,0,0
BRDA:205,31,0,0
BRDA:222,32,0,0
BRDA:222,32,1,0
BRF:58
BRH:0
end_of_record
TN:
SF:src/config/constants.ts
FN:62,(anonymous_0)
FN:68,(anonymous_1)
FN:74,(anonymous_2)
FNF:3
FNH:0
FNDA:0,(anonymous_0)
FNDA:0,(anonymous_1)
FNDA:0,(anonymous_2)
DA:2,0
DA:61,0
DA:63,0
DA:64,0
DA:65,0
DA:69,0
DA:70,0
DA:71,0
DA:75,0
LF:9
LH:0
BRDA:62,0,0,0
BRDA:68,1,0,0
BRDA:75,2,0,0
BRDA:75,2,1,0
BRF:4
BRH:0
end_of_record
TN:
SF:src/data/index.ts
FN:186,(anonymous_0)
FN:38,(anonymous_1)
FN:51,(anonymous_2)
FN:64,(anonymous_3)
FN:78,(anonymous_4)
FN:147,(anonymous_5)
FN:152,(anonymous_6)
FN:153,(anonymous_7)
FN:156,(anonymous_8)
FN:161,(anonymous_9)
FN:165,(anonymous_10)
FN:168,(anonymous_11)
FN:171,(anonymous_12)
FN:172,(anonymous_13)
FN:175,(anonymous_14)
FN:177,(anonymous_15)
FNF:16
FNH:9
FNDA:0,(anonymous_0)
FNDA:200,(anonymous_1)
FNDA:220,(anonymous_2)
FNDA:140,(anonymous_3)
FNDA:380,(anonymous_4)
FNDA:380,(anonymous_5)
FNDA:380,(anonymous_6)
FNDA:380,(anonymous_7)
FNDA:0,(anonymous_8)
FNDA:0,(anonymous_9)
FNDA:0,(anonymous_10)
FNDA:0,(anonymous_11)
FNDA:0,(anonymous_12)
FNDA:0,(anonymous_13)
FNDA:78,(anonymous_14)
FNDA:1482,(anonymous_15)
DA:2,20
DA:12,20
DA:15,20
DA:38,20
DA:41,200
DA:42,200
DA:43,780
DA:44,780
DA:45,740
DA:48,200
DA:51,20
DA:54,220
DA:55,220
DA:56,680
DA:57,680
DA:58,640
DA:61,220
DA:64,20
DA:67,140
DA:68,140
DA:69,600
DA:70,600
DA:71,560
DA:74,140
DA:78,20
DA:81,380
DA:83,380
DA:108,380
DA:109,380
DA:128,380
DA:129,380
DA:131,380
DA:147,20
DA:148,380
DA:152,380
DA:153,380
DA:156,20
DA:157,0
DA:158,0
DA:161,0
DA:165,20
DA:166,0
DA:168,20
DA:169,0
DA:171,20
DA:172,0
DA:175,20
DA:176,78
DA:177,1482
DA:186,20
LF:50
LH:44
BRDA:44,0,0,740
BRDA:44,1,0,780
BRDA:44,1,1,740
BRDA:57,2,0,640
BRDA:57,3,0,680
BRDA:57,3,1,640
BRDA:70,4,0,560
BRDA:70,5,0,600
BRDA:70,5,1,560
BRDA:85,6,0,380
BRDA:85,6,1,60
BRDA:85,6,2,40
BRDA:85,6,3,20
BRDA:89,7,0,380
BRDA:89,7,1,60
BRDA:89,7,2,40
BRDA:91,8,0,380
BRDA:91,8,1,40
BRDA:91,8,2,20
BRDA:91,8,3,0
BRDA:96,9,0,380
BRDA:96,9,1,100
BRDA:96,9,2,80
BRDA:96,9,3,60
BRDA:96,9,4,40
BRDA:96,9,5,20
BRDA:96,9,6,20
BRDA:96,9,7,20
BRDA:104,10,0,380
BRDA:104,10,1,340
BRDA:108,11,0,380
BRDA:110,12,0,200
BRDA:110,12,1,180
BRDA:113,13,0,220
BRDA:113,13,1,160
BRDA:116,14,0,140
BRDA:116,14,1,240
BRDA:159,15,0,0
BRDA:159,15,1,0
BRDA:159,15,2,0
BRF:40
BRH:36
end_of_record
TN:
SF:src/data/seedVarieties.ts
FNF:0
FNH:0
DA:42,32
LF:1
LH:1
BRF:0
BRH:0
end_of_record
TN:
SF:src/data/visualCues.ts
FNF:0
FNH:0
DA:10,1
LF:1
LH:1
BRF:0
BRH:0
end_of_record
TN:
SF:src/db/seedData.ts
FN:6,(anonymous_0)
FN:10,(anonymous_1)
FNF:2
FNH:2
FNDA:75,(anonymous_0)
FNDA:87,(anonymous_1)
DA:2,8
DA:3,8
DA:5,8
DA:6,8
DA:7,75
DA:10,8
DA:11,87
DA:12,9
DA:15,78
DA:16,78
DA:17,78
DA:18,0
DA:19,0
DA:20,0
DA:23,78
DA:26,78
DA:28,78
DA:30,70
DA:31,70
DA:33,0
DA:34,0
DA:37,0
DA:39,0
DA:40,0
DA:41,0
LF:25
LH:16
BRDA:11,0,0,9
BRDA:17,1,0,0
BRDA:33,2,0,0
BRDA:33,2,1,0
BRDA:33,3,0,0
BRDA:33,3,1,0
BRF:6
BRH:1
end_of_record
TN:
SF:src/examples/serviceUsage.example.tsx
FN:17,(anonymous_0)
FN:23,(anonymous_1)
FN:46,(anonymous_2)
FN:71,(anonymous_3)
FN:105,(anonymous_4)
FN:115,(anonymous_5)
FN:133,(anonymous_6)
FN:137,(anonymous_7)
FN:151,(anonymous_8)
FN:189,(anonymous_9)
FN:199,(anonymous_10)
FNF:11
FNH:0
FNDA:0,(anonymous_0)
FNDA:0,(anonymous_1)
FNDA:0,(anonymous_2)
FNDA:0,(anonymous_3)
FNDA:0,(anonymous_4)
FNDA:0,(anonymous_5)
FNDA:0,(anonymous_6)
FNDA:0,(anonymous_7)
FNDA:0,(anonymous_8)
FNDA:0,(anonymous_9)
FNDA:0,(anonymous_10)
DA:3,0
DA:4,0
DA:6,0
DA:17,0
DA:18,0
DA:19,0
DA:20,0
DA:23,0
DA:24,0
DA:25,0
DA:27,0
DA:29,0
DA:32,0
DA:34,0
DA:35,0
DA:37,0
DA:38,0
DA:39,0
DA:41,0
DA:46,0
DA:47,0
DA:48,0
DA:50,0
DA:51,0
DA:60,0
DA:63,0
DA:65,0
DA:66,0
DA:71,0
DA:72,0
DA:75,0
DA:76,0
DA:79,0
DA:106,0
DA:115,0
DA:133,0
DA:134,0
DA:135,0
DA:137,0
DA:138,0
DA:139,0
DA:140,0
DA:141,0
DA:142,0
DA:144,0
DA:145,0
DA:147,0
DA:151,0
DA:157,0
DA:158,0
DA:159,0
DA:169,0
DA:171,0
DA:172,0
DA:176,0
DA:188,0
DA:190,0
DA:191,0
DA:192,0
DA:194,0
DA:195,0
DA:200,0
DA:201,0
DA:202,0
DA:204,0
DA:205,0
LF:66
LH:0
BRDA:37,0,0,0
BRDA:37,0,1,0
BRDA:75,1,0,0
BRDA:75,2,0,0
BRDA:75,2,1,0
BRDA:83,3,0,0
BRDA:83,3,1,0
BRDA:95,4,0,0
BRDA:95,4,1,0
BRDA:101,5,0,0
BRDA:101,5,1,0
BRDA:155,6,0,0
BRF:12
BRH:0
end_of_record
TN:
SF:src/hooks/useAppInitialization.ts
FN:5,useAppInitialization
FN:6,(anonymous_1)
FN:7,(anonymous_2)
FNF:3
FNH:0
FNDA:0,useAppInitialization
FNDA:0,(anonymous_1)
FNDA:0,(anonymous_2)
DA:2,0
DA:3,0
DA:5,0
DA:6,0
DA:7,0
DA:8,0
DA:9,0
DA:10,0
DA:11,0
DA:13,0
DA:17,0
LF:11
LH:0
BRF:0
BRH:0
end_of_record
TN:
SF:src/hooks/useCatchUpData.ts
FN:25,(anonymous_0)
FN:37,(anonymous_1)
FN:50,(anonymous_2)
FN:57,(anonymous_3)
FN:86,(anonymous_4)
FN:91,(anonymous_5)
FNF:6
FNH:0
FNDA:0,(anonymous_0)
FNDA:0,(anonymous_1)
FNDA:0,(anonymous_2)
FNDA:0,(anonymous_3)
FNDA:0,(anonymous_4)
FNDA:0,(anonymous_5)
DA:2,0
DA:3,0
DA:4,0
DA:5,0
DA:25,0
DA:30,0
DA:31,0
DA:32,0
DA:34,0
DA:35,0
DA:37,0
DA:38,0
DA:39,0
DA:40,0
DA:43,0
DA:44,0
DA:46,0
DA:47,0
DA:49,0
DA:50,0
DA:51,0
DA:56,0
DA:57,0
DA:58,0
DA:59,0
DA:67,0
DA:68,0
DA:75,0
DA:78,0
DA:79,0
DA:80,0
DA:82,0
DA:86,0
DA:87,0
DA:90,0
DA:91,0
DA:93,0
LF:37
LH:0
BRDA:25,0,0,0
BRDA:28,1,0,0
BRDA:38,2,0,0
BRDA:38,3,0,0
BRDA:38,3,1,0
BRDA:38,3,2,0
BRDA:49,4,0,0
BRDA:49,4,1,0
BRDA:49,5,0,0
BRDA:49,5,1,0
BRDA:56,6,0,0
BRDA:56,6,1,0
BRDA:56,7,0,0
BRDA:56,7,1,0
BRDA:58,8,0,0
BRDA:67,9,0,0
BRDA:67,10,0,0
BRDA:67,10,1,0
BRDA:78,11,0,0
BRDA:78,11,1,0
BRF:20
BRH:0
end_of_record
TN:
SF:src/hooks/useCatchUpSummary.ts
FN:15,(anonymous_0)
FN:24,(anonymous_1)
FN:66,(anonymous_2)
FNF:3
FNH:3
FNDA:11,(anonymous_0)
FNDA:4,(anonymous_1)
FNDA:4,(anonymous_2)
DA:2,1
DA:3,1
DA:4,1
DA:5,1
DA:15,1
DA:16,11
DA:17,11
DA:18,11
DA:19,11
DA:21,11
DA:22,11
DA:24,11
DA:25,4
DA:26,2
DA:27,2
DA:28,2
DA:29,2
DA:32,2
DA:33,2
DA:35,2
DA:36,2
DA:37,2
DA:39,2
DA:41,2
DA:48,2
DA:49,0
DA:50,0
DA:54,2
DA:55,2
DA:57,0
DA:58,0
DA:62,2
DA:66,11
DA:67,4
DA:70,11
LF:35
LH:31
BRDA:25,0,0,2
BRDA:25,1,0,4
BRDA:25,1,1,4
BRDA:25,1,2,4
BRDA:48,2,0,0
BRDA:59,3,0,0
BRDA:59,3,1,0
BRF:7
BRH:4
end_of_record
TN:
SF:src/hooks/useDarkMode.ts
FN:4,(anonymous_0)
FN:5,(anonymous_1)
FN:16,(anonymous_2)
FN:29,(anonymous_3)
FN:31,(anonymous_4)
FN:40,(anonymous_5)
FN:43,(anonymous_6)
FNF:7
FNH:5
FNDA:6,(anonymous_0)
FNDA:6,(anonymous_1)
FNDA:6,(anonymous_2)
FNDA:6,(anonymous_3)
FNDA:0,(anonymous_4)
FNDA:6,(anonymous_5)
FNDA:0,(anonymous_6)
DA:2,1
DA:4,1
DA:5,6
DA:7,6
DA:8,6
DA:9,5
DA:13,1
DA:16,6
DA:18,6
DA:19,0
DA:21,6
DA:25,6
DA:29,6
DA:30,6
DA:31,6
DA:33,0
DA:34,0
DA:35,0
DA:39,6
DA:40,6
DA:43,6
LF:21
LH:17
BRDA:8,0,0,5
BRDA:18,1,0,0
BRDA:18,1,1,6
BRDA:34,2,0,0
BRF:4
BRH:2
end_of_record
TN:
SF:src/hooks/useDynamicStage.ts
FN:7,useDynamicStage
FN:11,(anonymous_1)
FNF:2
FNH:2
FNDA:45,useDynamicStage
FNDA:22,(anonymous_1)
DA:2,6
DA:5,6
DA:7,6
DA:9,45
DA:11,45
DA:12,22
DA:13,4
DA:14,4
DA:17,18
DA:21,18
DA:24,45
LF:11
LH:11
BRDA:12,0,0,4
BRF:1
BRH:1
end_of_record
TN:
SF:src/hooks/useFirebaseAuth.ts
FN:6,useFirebaseAuth
FN:11,(anonymous_1)
FN:12,(anonymous_2)
FN:20,(anonymous_3)
FN:33,(anonymous_4)
FN:50,(anonymous_5)
FN:60,(anonymous_6)
FNF:7
FNH:3
FNDA:170,useFirebaseAuth
FNDA:35,(anonymous_1)
FNDA:35,(anonymous_2)
FNDA:0,(anonymous_3)
FNDA:0,(anonymous_4)
FNDA:0,(anonymous_5)
FNDA:0,(anonymous_6)
DA:2,17
DA:4,17
DA:6,17
DA:7,170
DA:8,170
DA:9,170
DA:11,170
DA:12,35
DA:13,35
DA:14,35
DA:17,35
DA:20,170
DA:21,0
DA:22,0
DA:23,0
DA:24,0
DA:26,0
DA:27,0
DA:29,0
DA:33,170
DA:38,0
DA:39,0
DA:40,0
DA:41,0
DA:43,0
DA:44,0
DA:46,0
DA:50,170
DA:51,0
DA:52,0
DA:53,0
DA:55,0
DA:56,0
DA:60,170
DA:61,0
DA:62,0
DA:63,0
DA:65,0
DA:66,0
DA:70,170
LF:40
LH:16
BRDA:26,0,0,0
BRDA:26,0,1,0
BRDA:43,1,0,0
BRDA:43,1,1,0
BRDA:55,2,0,0
BRDA:55,2,1,0
BRDA:65,3,0,0
BRDA:65,3,1,0
BRF:8
BRH:0
end_of_record
TN:
SF:src/hooks/useFirebaseCareActivities.refactored.ts
FN:24,useFirebaseCareActivities
FN:28,(anonymous_1)
FN:33,(anonymous_2)
FN:35,(anonymous_3)
FN:35,(anonymous_4)
FN:38,(anonymous_5)
FN:66,(anonymous_6)
FN:72,(anonymous_7)
FNF:8
FNH:0
FNDA:0,useFirebaseCareActivities
FNDA:0,(anonymous_1)
FNDA:0,(anonymous_2)
FNDA:0,(anonymous_3)
FNDA:0,(anonymous_4)
FNDA:0,(anonymous_5)
FNDA:0,(anonymous_6)
FNDA:0,(anonymous_7)
DA:6,0
DA:8,0
DA:9,0
DA:10,0
DA:11,0
DA:24,0
DA:25,0
DA:28,0
DA:29,0
DA:33,0
DA:34,0
DA:35,0
DA:38,0
DA:39,0
DA:48,0
DA:55,0
DA:66,0
DA:67,0
DA:68,0
DA:71,0
DA:72,0
DA:76,0
LF:22
LH:0
BRDA:29,0,0,0
BRDA:29,0,1,0
BRDA:34,1,0,0
BRDA:67,2,0,0
BRF:4
BRH:0
end_of_record
TN:
SF:src/hooks/useFirebaseCareActivities.ts
FN:10,useFirebaseCareActivities
FN:15,(anonymous_1)
FN:19,(anonymous_2)
FN:30,(anonymous_3)
[...]
DA:70,0
DA:72,0
DA:79,0
DA:80,0
DA:81,0
DA:88,0
DA:95,0
DA:96,0
DA:103,0
DA:104,0
DA:109,0
DA:110,0
DA:112,0
DA:113,0
DA:115,0
DA:116,0
DA:118,0
DA:119,0
DA:121,0
DA:122,0
DA:125,0
DA:126,0
LF:53
LH:0
BRDA:19,0,0,0
BRDA:59,1,0,0
BRDA:69,2,0,0
BRDA:125,3,0,0
BRF:4
BRH:0
end_of_record
TN:
SF:src/services/smartDefaultsService.ts
FN:56,(anonymous_0)
FN:81,(anonymous_1)
FN:98,(anonymous_2)
FN:136,(anonymous_3)
FN:254,(anonymous_5)
FN:271,(anonymous_6)
FN:293,(anonymous_7)
FN:351,(anonymous_8)
FN:363,(anonymous_9)
FNF:9
FNH:4
FNDA:9,(anonymous_0)
FNDA:7,(anonymous_1)
FNDA:7,(anonymous_2)
FNDA:6,(anonymous_3)
FNDA:0,(anonymous_5)
FNDA:0,(anonymous_6)
FNDA:0,(anonymous_7)
FNDA:0,(anonymous_8)
FNDA:0,(anonymous_9)
DA:3,1
DA:10,1
DA:11,1
DA:12,1
DA:55,1
DA:59,9
DA:60,9
DA:61,8
DA:63,7
DA:68,7
DA:69,7
DA:71,7
DA:76,1
DA:77,1
DA:85,7
DA:89,7
DA:102,7
DA:107,7
DA:108,1
DA:125,6
DA:129,6
DA:130,5
DA:133,1
DA:143,6
DA:191,6
DA:194,6
DA:196,6
DA:197,5
DA:211,1
DA:219,0
DA:220,0
DA:221,0
DA:223,0
DA:228,0
DA:230,0
DA:237,0
DA:239,0
DA:246,0
DA:249,0
DA:250,0
DA:258,0
DA:259,0
DA:263,0
DA:264,0
DA:269,0
DA:270,0
DA:272,0
DA:276,0
DA:277,0
DA:289,0
DA:299,0
DA:300,0
DA:306,0
DA:318,0
DA:319,0
DA:320,0
DA:322,0
DA:323,0
DA:333,0
DA:334,0
DA:345,0
DA:348,0
DA:355,0
DA:357,0
DA:362,0
DA:363,0
DA:364,0
DA:365,0
DA:379,0
LF:69
LH:29
BRDA:61,0,0,1
BRDA:107,1,0,1
BRDA:107,2,0,7
BRDA:107,2,1,1
BRDA:112,3,0,1
BRDA:112,3,1,0
BRDA:113,4,0,1
BRDA:113,4,1,0
BRDA:115,5,0,1
BRDA:115,5,1,0
BRDA:129,6,0,5
BRDA:191,7,0,3
BRDA:191,7,1,3
BRDA:196,8,0,5
BRDA:217,9,0,0
BRDA:221,10,0,0
BRDA:228,11,0,0
BRDA:228,11,1,0
BRDA:228,11,2,0
BRDA:228,11,3,0
BRDA:263,12,0,0
BRDA:263,13,0,0
BRDA:263,13,1,0
BRDA:269,14,0,0
BRDA:269,15,0,0
BRDA:269,15,1,0
BRDA:272,16,0,0
BRDA:272,16,1,0
BRDA:276,17,0,0
BRDA:297,18,0,0
BRDA:312,19,0,0
BRDA:312,19,1,0
BRDA:318,20,0,0
BRDA:322,21,0,0
BRDA:322,22,0,0
BRDA:322,22,1,0
BRDA:333,23,0,0
BRDA:348,24,0,0
BRDA:348,24,1,0
BRDA:362,25,0,0
BRDA:362,26,0,0
BRDA:362,26,1,0
BRDA:364,27,0,0
BRDA:364,27,1,0
BRDA:372,28,0,0
BRDA:372,28,1,0
BRF:46
BRH:11
end_of_record
TN:
SF:src/services/successionPlanningService.ts
FN:16,(anonymous_0)
FN:24,(anonymous_1)
FN:65,(anonymous_2)
FN:96,(anonymous_3)
FN:116,(anonymous_4)
FN:151,(anonymous_5)
FN:173,(anonymous_6)
FN:200,(anonymous_7)
FN:202,(anonymous_8)
FN:210,(anonymous_9)
FNF:10
FNH:10
FNDA:4,(anonymous_0)
FNDA:2,(anonymous_1)
FNDA:3,(anonymous_2)
FNDA:218,(anonymous_3)
FNDA:2,(anonymous_4)
FNDA:3,(anonymous_5)
FNDA:4,(anonymous_6)
FNDA:5,(anonymous_7)
FNDA:5,(anonymous_8)
FNDA:3,(anonymous_9)
DA:1,1
DA:12,1
DA:17,4
DA:18,4
DA:19,1
DA:23,3
DA:24,3
DA:25,2
DA:29,3
DA:32,3
DA:33,3
DA:35,3
DA:36,2
DA:37,2
DA:38,2
DA:39,2
DA:40,2
DA:45,3
DA:48,3
DA:54,3
DA:70,3
DA:71,3
DA:74,3
DA:75,54
DA:76,216
DA:84,216
DA:85,200
DA:90,3
DA:101,218
DA:103,146
DA:104,146
DA:106,146
DA:107,17
DA:110,201
DA:123,2
DA:124,2
DA:126,2
DA:127,6
DA:128,6
DA:131,6
DA:132,6
DA:133,1
DA:136,5
DA:145,2
DA:155,3
DA:161,3
DA:163,3
DA:178,4
DA:185,4
DA:193,4
DA:194,4
DA:201,5
DA:202,5
DA:203,5
DA:215,3
DA:216,3
DA:218,3
DA:219,3
DA:221,2
DA:222,2
DA:223,1
DA:227,3
DA:234,1
LF:63
LH:63
BRDA:18,0,0,1
BRDA:37,1,0,2
BRDA:37,2,0,2
BRDA:37,2,1,2
BRDA:38,3,0,2
BRDA:38,3,1,0
BRDA:84,4,0,200
BRDA:106,5,0,17
BRDA:106,6,0,146
BRDA:106,6,1,17
BRDA:132,7,0,1
BRDA:152,8,0,1
BRDA:219,9,0,1
BRDA:219,10,0,3
BRDA:219,10,1,1
BRDA:222,11,0,1
BRDA:222,12,0,2
BRDA:222,12,1,2
BRDA:223,13,0,1
BRDA:223,13,1,1
BRF:20
BRH:19
end_of_record
TN:
SF:src/services/firebase/authService.ts
FN:14,(anonymous_0)
FN:19,(anonymous_1)
FN:33,(anonymous_2)
FN:37,(anonymous_3)
FN:41,(anonymous_4)
FN:45,(anonymous_5)
FNF:6
FNH:1
FNDA:0,(anonymous_0)
FNDA:0,(anonymous_1)
FNDA:0,(anonymous_2)
FNDA:0,(anonymous_3)
FNDA:9,(anonymous_4)
FNDA:0,(anonymous_5)
DA:2,17
DA:11,17
DA:13,17
DA:15,0
DA:16,0
DA:24,0
DA:26,0
DA:27,0
DA:30,0
DA:34,0
DA:38,0
DA:42,9
DA:46,0
LF:13
LH:4
BRDA:26,0,0,0
BRF:1
BRH:0
end_of_record
TN:
SF:src/services/firebase/careActivityService.ts
FN:23,(anonymous_0)
FN:45,(anonymous_1)
FN:59,(anonymous_2)
FN:60,(anonymous_3)
FN:68,(anonymous_4)
FN:80,(anonymous_5)
FN:81,(anonymous_6)
FN:90,(anonymous_7)
FN:110,(anonymous_8)
FNF:9
FNH:9
FNDA:5,(anonymous_0)
FNDA:8,(anonymous_1)
FNDA:4,(anonymous_2)
FNDA:2,(anonymous_3)
FNDA:4,(anonymous_4)
FNDA:1,(anonymous_5)
FNDA:2,(anonymous_6)
FNDA:9,(anonymous_7)
FNDA:2,(anonymous_8)
DA:2,10
DA:12,10
DA:13,10
DA:20,10
DA:21,10
DA:27,5
DA:34,5
DA:38,5
DA:42,4
DA:51,8
DA:59,8
DA:60,4
DA:61,2
DA:62,2
DA:64,4
DA:73,4
DA:80,4
DA:81,1
DA:82,2
DA:83,2
DA:85,1
DA:95,9
DA:96,9
DA:97,9
DA:99,9
DA:107,9
DA:108,8
DA:110,8
DA:111,2
DA:112,2
DA:117,4
DA:119,5
DA:120,5
LF:33
LH:33
BRDA:49,0,0,6
BRDA:71,1,0,2
BRDA:93,2,0,3
BRF:3
BRH:3
end_of_record
TN:
SF:src/services/firebase/config.mock.ts
FNF:0
FNH:0
DA:1,0
DA:2,0
DA:3,0
LF:3
LH:0
BRF:0
BRH:0
end_of_record
TN:
SF:src/services/firebase/config.prod.ts
FNF:0
FNH:0
DA:2,0
DA:3,0
DA:4,0
DA:5,0
DA:7,0
DA:17,0
DA:20,0
DA:21,0
DA:22,0
LF:9
LH:0
BRF:0
BRH:0
end_of_record
TN:
SF:src/services/firebase/config.ts
FNF:0
FNH:0
DA:2,0
DA:3,0
DA:4,0
DA:5,0
DA:7,0
DA:16,0
DA:18,0
DA:19,0
DA:20,0
LF:9
LH:0
BRF:0
BRH:0
end_of_record
TN:
SF:src/services/firebase/plantService.ts
FN:26,(anonymous_0)
FN:42,(anonymous_1)
FN:47,(anonymous_2)
FN:58,(anonymous_3)
FN:82,(anonymous_4)
FN:86,(anonymous_5)
FN:99,(anonymous_6)
FN:109,(anonymous_7)
FN:113,(anonymous_8)
FN:117,(anonymous_9)
FN:134,(anonymous_10)
FN:143,(anonymous_11)
FNF:12
FNH:12
FNDA:1,(anonymous_0)
FNDA:1,(anonymous_1)
FNDA:1,(anonymous_2)
FNDA:4,(anonymous_3)
FNDA:1,(anonymous_4)
FNDA:1,(anonymous_5)
FNDA:1,(anonymous_6)
FNDA:4,(anonymous_7)
FNDA:4,(anonymous_8)
FNDA:3,(anonymous_9)
FNDA:1,(anonymous_10)
FNDA:2,(anonymous_11)
DA:2,12
DA:14,12
DA:15,12
DA:21,12
DA:23,12
DA:24,12
DA:30,1
DA:31,1
DA:39,1
DA:44,1
DA:48,1
DA:51,1
DA:52,1
DA:55,1
DA:63,4
DA:66,4
DA:68,1
DA:71,3
DA:78,4
DA:80,4
DA:83,1
DA:85,1
DA:86,1
DA:87,1
DA:88,1
DA:97,1
DA:100,1
DA:101,1
DA:105,4
DA:113,4
DA:114,4
DA:115,4
DA:118,3
DA:119,2
DA:122,2
DA:123,1
DA:124,1
DA:125,1
DA:128,1
DA:130,1
DA:132,2
DA:135,1
DA:136,1
DA:137,1
DA:147,2
DA:154,2
DA:155,2
DA:156,1
LF:48
LH:48
BRDA:34,0,0,1
BRDA:34,0,1,0
BRDA:61,1,0,3
BRDA:66,2,0,1
BRDA:66,2,1,3
BRDA:118,3,0,2
BRDA:118,3,1,1
BRDA:122,4,0,1
BRF:8
BRH:7
end_of_record
TN:
SF:src/services/firebase/scheduledTaskService.ts
FN:45,(anonymous_0)
FN:66,(anonymous_1)
FN:70,(anonymous_2)
FN:76,(anonymous_3)
FN:87,(anonymous_4)
FN:125,(anonymous_6)
FN:126,(anonymous_7)
FN:144,(anonymous_8)
FN:151,(anonymous_9)
FN:169,(anonymous_10)
FN:188,(anonymous_11)
FN:208,(anonymous_12)
FN:233,(anonymous_13)
FNF:13
FNH:0
FNDA:0,(anonymous_0)
FNDA:0,(anonymous_1)
FNDA:0,(anonymous_2)
FNDA:0,(anonymous_3)
FNDA:0,(anonymous_4)
FNDA:0,(anonymous_6)
FNDA:0,(anonymous_7)
FNDA:0,(anonymous_8)
FNDA:0,(anonymous_9)
FNDA:0,(anonymous_10)
FNDA:0,(anonymous_11)
FNDA:0,(anonymous_12)
FNDA:0,(anonymous_13)
DA:2,2
DA:15,2
DA:42,2
DA:43,2
DA:49,0
DA:62,0
DA:63,0
DA:70,0
DA:71,0
DA:73,0
DA:77,0
DA:78,0
DA:84,0
DA:85,0
DA:87,0
DA:88,0
DA:89,0
DA:104,0
DA:106,0
DA:107,0
DA:116,0
DA:123,0
DA:126,0
DA:127,0
DA:128,0
DA:142,0
DA:146,0
DA:147,0
DA:155,0
DA:156,0
DA:163,0
DA:164,0
DA:165,0
DA:168,0
DA:169,0
DA:170,0
DA:173,0
DA:174,0
DA:178,0
DA:184,0
DA:192,0
DA:193,0
DA:194,0
DA:196,0
DA:205,0
DA:206,0
DA:208,0
DA:209,0
DA:210,0
DA:225,0
DA:227,0
DA:228,0
DA:237,0
DA:238,0
DA:239,0
DA:244,0
DA:245,0
LF:57
LH:4
BRDA:164,0,0,0
BRDA:190,1,0,0
BRF:2
BRH:0
end_of_record
TN:
SF:src/types/consolidated.ts
FN:728,isValidStageForCategory
FN:741,(anonymous_1)
FN:745,(anonymous_2)
FN:749,(anonymous_3)
FN:770,(anonymous_4)
FN:790,(anonymous_5)
FN:803,(anonymous_6)
FNF:7
FNH:0
FNDA:0,isValidStageForCategory
FNDA:0,(anonymous_1)
FNDA:0,(anonymous_2)
FNDA:0,(anonymous_3)
FNDA:0,(anonymous_4)
FNDA:0,(anonymous_5)
FNDA:0,(anonymous_6)
DA:8,22
DA:665,22
DA:728,22
DA:732,0
DA:741,22
DA:742,0
DA:745,22
DA:746,0
DA:749,22
DA:752,0
DA:770,22
DA:772,0
DA:790,22
DA:793,0
DA:803,22
DA:805,0
LF:16
LH:9
BRDA:756,0,0,0
BRDA:756,0,1,0
BRF:2
BRH:0
end_of_record
TN:
SF:src/types/database.ts
FN:26,(anonymous_0)
FN:79,(anonymous_1)
FN:100,(anonymous_2)
FN:102,(anonymous_3)
FN:105,(anonymous_4)
FN:109,(anonymous_5)
FN:120,(anonymous_6)
FN:127,(anonymous_7)
FN:165,(anonymous_8)
FN:169,(anonymous_9)
FN:182,(anonymous_10)
FN:187,(anonymous_11)
FN:193,(anonymous_12)
FN:200,(anonymous_13)
FN:221,(anonymous_14)
FN:228,(anonymous_15)
FN:235,(anonymous_16)
FN:243,(anonymous_17)
FN:249,(anonymous_18)
FN:270,(anonymous_19)
FN:272,(anonymous_20)
FN:275,(anonymous_21)
FN:279,(anonymous_22)
FN:290,(anonymous_23)
FNF:24
FNH:17
FNDA:38,(anonymous_0)
FNDA:34,(anonymous_1)
FNDA:21,(anonymous_2)
FNDA:22,(anonymous_3)
FNDA:30,(anonymous_4)
FNDA:2,(anonymous_5)
FNDA:1,(anonymous_6)
FNDA:1,(anonymous_7)
FNDA:42,(anonymous_8)
FNDA:17,(anonymous_9)
FNDA:1002,(anonymous_10)
FNDA:2,(anonymous_11)
FNDA:34,(anonymous_12)
FNDA:13,(anonymous_13)
FNDA:44,(anonymous_14)
FNDA:19,(anonymous_15)
FNDA:13,(anonymous_16)
FNDA:0,(anonymous_17)
FNDA:0,(anonymous_18)
FNDA:0,(anonymous_19)
FNDA:0,(anonymous_20)
FNDA:0,(anonymous_21)
FNDA:0,(anonymous_22)
FNDA:0,(anonymous_23)
DA:1,38
DA:2,38
DA:13,38
DA:14,38
DA:18,38
DA:19,38
DA:20,38
DA:21,38
DA:22,38
DA:23,38
DA:24,38
DA:27,38
DA:29,38
DA:41,38
DA:52,38
DA:63,38
DA:75,38
DA:78,38
DA:82,34
DA:83,34
DA:84,34
DA:91,34
DA:92,34
DA:93,34
DA:95,0
DA:96,0
DA:101,21
DA:102,22
DA:106,30
DA:113,2
DA:117,2
DA:121,1
DA:122,1
DA:126,38
DA:133,1
DA:134,1
DA:139,1
DA:140,1
DA:143,1
DA:146,0
DA:147,0
DA:148,0
DA:156,0
DA:157,0
DA:158,0
DA:160,0
DA:161,0
DA:166,42
DA:170,17
DA:171,17
DA:173,17
DA:175,323
DA:176,323
DA:177,323
DA:181,17
DA:182,1002
DA:184,17
DA:190,2
DA:194,34
DA:195,34
DA:199,38
DA:203,13
DA:204,13
DA:205,13
DA:212,13
DA:213,13
DA:214,13
DA:216,0
DA:217,0
DA:225,44
DA:228,19
DA:232,44
DA:236,13
DA:244,0
DA:248,38
DA:252,0
DA:253,0
DA:254,0
DA:261,0
DA:262,0
DA:263,0
DA:265,0
DA:266,0
DA:271,0
DA:272,0
DA:276,0
DA:283,0
DA:287,0
DA:291,0
DA:292,0
LF:90
LH:62
BRDA:139,0,0,1
BRDA:175,1,0,323
BRDA:175,1,1,0
BRDA:176,2,0,323
BRDA:232,3,0,13
BRDA:232,3,1,31
BRDA:243,4,0,0
BRF:7
BRH:5
end_of_record
TN:
SF:src/types/index.ts
FN:5,(anonymous_4)
FN:5,(anonymous_5)
FN:5,(anonymous_6)
FN:5,(anonymous_7)
FN:5,(anonymous_8)
FNF:5
FNH:3
FNDA:22,(anonymous_4)
FNDA:40,(anonymous_5)
FNDA:0,(anonymous_6)
FNDA:0,(anonymous_7)
FNDA:18,(anonymous_8)
DA:2,22
DA:5,62
LF:2
LH:2
BRF:0
BRH:0
end_of_record
TN:
SF:src/utils/cn.ts
FN:4,cn
FN:8,generateUUID
FN:9,(anonymous_2)
FNF:3
FNH:3
FNDA:8154,cn
FNDA:1677,generateUUID
FNDA:51987,(anonymous_2)
DA:1,53
DA:2,53
DA:4,53
DA:5,8154
DA:8,53
DA:9,1677
DA:10,51987
DA:11,51987
DA:12,51987
LF:9
LH:9
BRDA:11,0,0,50310
BRDA:11,0,1,1677
BRF:2
BRH:2
end_of_record
TN:
SF:src/utils/dateUtils.ts
FN:4,formatDate
FN:12,getDaysSincePlanting
FN:18,formatDateTime
FN:27,formatTime
FN:34,formatDueIn
FN:51,calculatePriority
FN:60,ensureDateObject
FNF:7
FNH:6
FNDA:7,formatDate
FNDA:11,getDaysSincePlanting
FNDA:12,formatDateTime
FNDA:0,formatTime
FNDA:42,formatDueIn
FNDA:42,calculatePriority
FNDA:13,ensureDateObject
DA:2,7
DA:4,7
DA:5,7
DA:12,7
DA:13,11
DA:14,11
DA:15,11
DA:18,7
DA:19,12
DA:27,7
DA:28,0
DA:34,7
DA:35,42
DA:36,42
DA:38,42
DA:39,5
DA:42,37
DA:43,35
DA:44,2
DA:45,2
DA:47,0
DA:51,7
DA:54,42
DA:55,37
DA:56,2
DA:57,0
DA:60,7
DA:61,13
LF:28
LH:25
BRDA:38,0,0,5
BRDA:38,0,1,37
BRDA:40,1,0,4
BRDA:40,1,1,1
BRDA:42,2,0,35
BRDA:42,2,1,2
BRDA:44,3,0,2
BRDA:44,3,1,0
BRDA:54,4,0,5
BRDA:55,5,0,35
BRDA:56,6,0,2
BRDA:61,7,0,0
BRDA:61,7,1,13
BRF:13
BRH:11
end_of_record
TN:
SF:src/utils/errorHandler.ts
FN:28,(anonymous_0)
FN:45,(anonymous_1)
FN:66,(anonymous_2)
FN:83,(anonymous_3)
FN:102,(anonymous_4)
FN:119,(anonymous_5)
FN:147,withErrorHandling
FN:148,(anonymous_7)
FN:151,(anonymous_8)
FN:154,(anonymous_9)
FNF:10
FNH:0
FNDA:0,(anonymous_0)
FNDA:0,(anonymous_1)
FNDA:0,(anonymous_2)
FNDA:0,(anonymous_3)
FNDA:0,(anonymous_4)
FNDA:0,(anonymous_5)
FNDA:0,withErrorHandling
FNDA:0,(anonymous_7)
FNDA:0,(anonymous_8)
FNDA:0,(anonymous_9)
DA:6,0
DA:24,0
DA:32,0
DA:33,0
DA:34,0
DA:36,0
DA:37,0
DA:38,0
DA:50,0
DA:51,0
DA:53,0
DA:54,0
DA:59,0
DA:70,0
DA:71,0
DA:72,0
DA:74,0
DA:75,0
DA:76,0
DA:84,0
DA:85,0
DA:88,0
DA:89,0
DA:92,0
DA:93,0
DA:96,0
DA:108,0
DA:120,0
DA:123,0
DA:132,0
DA:133,0
DA:134,0
DA:135,0
DA:139,0
DA:140,0
DA:147,0
DA:148,0
DA:149,0
DA:151,0
DA:152,0
DA:153,0
DA:154,0
LF:42
LH:0
BRDA:84,0,0,0
BRDA:88,1,0,0
BRDA:92,2,0,0
BRDA:92,3,0,0
BRDA:92,3,1,0
BRDA:92,3,2,0
BRDA:133,4,0,0
BRDA:155,5,0,0
BRDA:155,5,1,0
BRF:9
BRH:0
end_of_record
TN:
SF:src/utils/fertilizationUtils.ts
FN:4,(anonymous_0)
FN:19,(anonymous_1)
FN:34,(anonymous_2)
FN:49,(anonymous_3)
FNF:4
FNH:4
FNDA:16,(anonymous_0)
FNDA:30,(anonymous_1)
FNDA:16,(anonymous_2)
FNDA:20,(anonymous_3)
DA:4,3
DA:5,16
DA:7,3
DA:9,2
DA:11,2
DA:13,2
DA:15,7
DA:19,3
DA:20,30
DA:22,14
DA:24,3
DA:26,2
DA:28,2
DA:30,9
DA:34,3
DA:35,16
DA:37,2
DA:39,2
DA:41,3
DA:43,2
DA:45,7
DA:49,3
DA:50,20
LF:23
LH:23
BRDA:5,0,0,3
BRDA:5,0,1,2
BRDA:5,0,2,2
BRDA:5,0,3,2
BRDA:5,0,4,7
BRDA:20,1,0,14
BRDA:20,1,1,3
BRDA:20,1,2,2
BRDA:20,1,3,2
BRDA:20,1,4,9
BRDA:35,2,0,2
BRDA:35,2,1,2
BRDA:35,2,2,3
BRDA:35,2,3,2
BRDA:35,2,4,7
BRF:15
BRH:15
end_of_record
TN:
SF:src/utils/growthStage.ts
FN:23,calculateStageFromSeedVarieties
FN:28,(anonymous_1)
FN:70,calculateCurrentStageWithVariety
FN:94,(anonymous_3)
FN:139,calculateCurrentStage
FN:165,getNextStage
FN:184,getStageProgress
FN:224,estimateStageTransition
FN:252,formatStageProgress
FNF:9
FNH:8
FNDA:14,calculateStageFromSeedVarieties
FNDA:237,(anonymous_1)
FNDA:37,calculateCurrentStageWithVariety
FNDA:187,(anonymous_3)
FNDA:34,calculateCurrentStage
FNDA:14,getNextStage
FNDA:4,getStageProgress
FNDA:3,estimateStageTransition
FNDA:0,formatStageProgress
DA:3,15
DA:5,15
DA:7,15
DA:23,15
DA:28,237
DA:30,14
DA:31,9
DA:32,9
DA:35,5
DA:39,5
DA:41,5
DA:44,5
DA:45,17
DA:46,4
DA:48,13
DA:52,1
DA:53,0
DA:54,0
DA:55,0
DA:59,1
DA:70,15
DA:76,37
DA:77,1
DA:78,1
DA:81,36
DA:82,36
DA:84,36
DA:87,36
DA:92,36
DA:94,187
DA:97,36
DA:100,36
DA:101,86
DA:103,86
DA:110,86
DA:111,32
DA:115,32
DA:117,54
DA:121,4
DA:122,3
DA:123,3
DA:124,2
DA:128,2
DA:139,15
DA:144,34
DA:146,34
DA:147,33
DA:148,26
DA:149,6
DA:150,20
DA:154,5
DA:155,15
DA:157,11
DA:165,15
DA:166,14
DA:175,14
DA:177,14
DA:178,3
DA:181,11
DA:184,15
DA:189,4
DA:190,4
DA:196,4
DA:197,4
DA:199,4
DA:201,1
DA:202,1
DA:203,1
DA:205,1
DA:206,1
DA:207,1
DA:209,0
DA:211,0
DA:212,0
DA:216,1
DA:220,3
DA:221,3
DA:224,15
DA:229,3
DA:231,3
DA:233,3
DA:234,3
DA:236,0
DA:237,0
DA:239,0
DA:241,0
DA:245,0
DA:246,0
DA:249,3
DA:252,15
DA:253,0
LF:91
LH:78
BRDA:26,0,0,14
BRDA:30,1,0,9
BRDA:39,2,0,0
BRDA:45,3,0,4
BRDA:52,4,0,0
BRDA:53,5,0,0
BRDA:53,5,1,0
BRDA:54,6,0,0
BRDA:73,7,0,28
BRDA:74,8,0,37
BRDA:76,9,0,1
BRDA:76,10,0,37
BRDA:76,10,1,36
BRDA:82,11,0,0
BRDA:101,12,0,0
BRDA:110,13,0,32
BRDA:121,14,0,3
BRDA:122,15,0,3
BRDA:122,15,1,0
BRDA:123,16,0,2
BRDA:142,17,0,0
BRDA:146,18,0,1
BRDA:147,19,0,7
BRDA:148,20,0,6
BRDA:150,21,0,5
BRDA:155,22,0,4
BRDA:177,23,0,3
BRDA:177,24,0,14
BRDA:177,24,1,12
BRDA:187,25,0,0
BRDA:199,26,0,1
BRDA:199,26,1,1
BRDA:199,26,2,0
BRDA:199,26,3,0
BRDA:199,26,4,0
BRDA:199,26,5,1
BRDA:231,27,0,3
BRDA:231,27,1,0
BRDA:231,27,2,0
BRDA:231,27,3,0
BRDA:231,27,4,0
BRDA:231,27,5,0
BRF:42
BRH:24
end_of_record
TN:
SF:src/utils/logger.ts
FN:6,(anonymous_0)
FN:20,(anonymous_1)
FN:29,(anonymous_2)
FN:38,(anonymous_3)
FN:47,(anonymous_4)
FN:54,(anonymous_5)
FN:63,(anonymous_6)
FN:72,(anonymous_7)
FNF:8
FNH:5
FNDA:48,(anonymous_0)
FNDA:0,(anonymous_1)
FNDA:0,(anonymous_2)
FNDA:11,(anonymous_3)
FNDA:5,(anonymous_4)
FNDA:154,(anonymous_5)
FNDA:0,(anonymous_6)
FNDA:74,(anonymous_7)
DA:6,48
DA:7,48
DA:8,48
DA:9,48
DA:10,48
DA:13,48
DA:14,48
DA:15,48
DA:21,0
DA:22,0
DA:30,0
DA:31,0
DA:39,11
DA:40,0
DA:48,5
DA:55,154
DA:56,0
DA:64,0
DA:65,0
DA:73,74
DA:74,0
LF:21
LH:12
BRDA:6,0,0,48
BRDA:6,0,1,48
BRDA:21,1,0,0
BRDA:21,2,0,0
BRDA:21,2,1,0
BRDA:30,3,0,0
BRDA:39,4,0,0
BRDA:55,5,0,0
BRDA:55,6,0,154
BRDA:55,6,1,0
BRDA:64,7,0,0
BRDA:64,8,0,0
BRDA:64,8,1,0
BRDA:73,9,0,0
BRDA:73,10,0,74
BRDA:73,10,1,0
BRF:16
BRH:4
end_of_record
TN:
SF:src/utils/plantDisplay.ts
FN:8,getPlantDisplayName
FNF:1
FNH:1
FNDA:61,getPlantDisplayName
DA:8,6
DA:10,61
DA:11,51
DA:15,10
DA:16,7
DA:19,3
LF:6
LH:6
BRDA:10,0,0,51
BRDA:15,1,0,7
BRF:2
BRH:2
end_of_record
TN:
SF:src/utils/plantGrouping.ts
FN:22,(anonymous_0)
FN:24,(anonymous_1)
FN:30,(anonymous_2)
FN:35,(anonymous_3)
FN:49,(anonymous_4)
FN:63,(anonymous_5)
FN:80,(anonymous_6)
FN:86,(anonymous_7)
FNF:8
FNH:8
FNDA:23,(anonymous_0)
FNDA:38,(anonymous_1)
FNDA:23,(anonymous_2)
FNDA:23,(anonymous_3)
FNDA:35,(anonymous_4)
FNDA:24,(anonymous_5)
FNDA:16,(anonymous_6)
FNDA:9,(anonymous_7)
DA:5,3
DA:6,3
DA:7,3
DA:22,3
DA:23,23
DA:24,38
DA:30,3
DA:31,23
DA:32,23
DA:35,3
DA:39,23
DA:40,23
DA:41,4
DA:42,4
DA:43,4
DA:47,19
DA:49,19
DA:51,35
DA:55,35
DA:56,24
DA:58,35
DA:61,19
DA:63,19
DA:64,24
DA:67,24
DA:69,24
DA:80,16
DA:86,19
DA:89,19
DA:90,19
DA:92,19
LF:31
LH:31
BRDA:32,0,0,23
BRDA:32,0,1,4
BRDA:40,1,0,4
BRDA:42,2,0,4
BRDA:53,3,0,35
BRDA:53,3,1,8
BRDA:55,4,0,24
BRDA:64,5,0,0
BRDA:80,6,0,16
BRDA:80,6,1,4
BRDA:80,7,0,14
BRDA:80,7,1,0
BRDA:82,8,0,24
BRDA:82,8,1,24
BRF:14
BRH:12
end_of_record
TN:
SF:src/utils/plantStage.ts
FN:6,getPlantCurrentStage
FN:21,(anonymous_1)
FNF:2
FNH:0
FNDA:0,getPlantCurrentStage
FNDA:0,(anonymous_1)
DA:2,0
DA:3,0
DA:6,0
DA:14,0
DA:15,0
DA:17,0
DA:19,0
DA:20,0
DA:21,0
DA:24,0
DA:25,0
DA:31,0
DA:32,0
DA:35,0
DA:37,0
DA:38,0
LF:16
LH:0
BRDA:17,0,0,0
BRDA:24,1,0,0
BRF:2
BRH:0
end_of_record
TN:
SF:src/utils/wateringResolver.ts
FN:67,(anonymous_0)
FN:114,(anonymous_1)
FN:140,(anonymous_2)
FNF:3
FNH:0
FNDA:0,(anonymous_0)
FNDA:0,(anonymous_1)
FNDA:0,(anonymous_2)
DA:2,0
DA:16,0
DA:18,0
DA:72,0
DA:73,0
DA:83,0
DA:87,0
DA:88,0
DA:92,0
DA:93,0
DA:94,0
DA:95,0
DA:105,0
DA:118,0
DA:119,0
DA:120,0
DA:124,0
DA:125,0
DA:127,0
DA:128,0
DA:137,0
DA:145,0
DA:148,0
DA:149,0
DA:150,0
DA:151,0
DA:157,0
DA:164,0
DA:165,0
DA:166,0
DA:177,0
LF:31
LH:0
BRDA:72,0,0,0
BRDA:87,1,0,0
BRDA:93,2,0,0
BRDA:93,3,0,0
BRDA:93,3,1,0
BRDA:119,4,0,0
BRDA:127,5,0,0
BRDA:148,6,0,0
BRDA:165,7,0,0
BRF:9
BRH:0
end_of_record
TN:
SF:src/utils/testing/serviceMockHelpers.ts
FN:10,(anonymous_0)
FN:31,(anonymous_1)
FN:55,(anonymous_2)
FN:71,(anonymous_3)
FN:75,(anonymous_4)
FN:80,(anonymous_5)
FN:97,(anonymous_6)
FN:109,(anonymous_7)
FN:119,(anonymous_8)
FN:129,(anonymous_9)
FN:136,(anonymous_10)
FN:154,(anonymous_11)
FN:158,(anonymous_12)
FN:170,(anonymous_13)
FN:176,(anonymous_14)
FN:179,(anonymous_15)
FN:183,(anonymous_16)
FN:188,(anonymous_17)
FN:203,(anonymous_18)
FN:208,(anonymous_19)
FNF:20
FNH:0
FNDA:0,(anonymous_0)
FNDA:0,(anonymous_1)
FNDA:0,(anonymous_2)
FNDA:0,(anonymous_3)
FNDA:0,(anonymous_4)
FNDA:0,(anonymous_5)
FNDA:0,(anonymous_6)
FNDA:0,(anonymous_7)
FNDA:0,(anonymous_8)
FNDA:0,(anonymous_9)
FNDA:0,(anonymous_10)
FNDA:0,(anonymous_11)
FNDA:0,(anonymous_12)
FNDA:0,(anonymous_13)
FNDA:0,(anonymous_14)
FNDA:0,(anonymous_15)
FNDA:0,(anonymous_16)
FNDA:0,(anonymous_17)
FNDA:0,(anonymous_18)
FNDA:0,(anonymous_19)
DA:3,0
DA:5,0
DA:6,0
DA:7,0
DA:10,0
DA:31,0
DA:55,0
DA:71,0
DA:72,0
DA:76,0
DA:77,0
DA:82,0
DA:83,0
DA:84,0
DA:85,0
DA:88,0
DA:89,0
DA:92,0
DA:93,0
DA:94,0
DA:99,0
DA:100,0
DA:101,0
DA:102,0
DA:105,0
DA:106,0
DA:110,0
DA:111,0
DA:113,0
DA:114,0
DA:115,0
DA:120,0
DA:121,0
DA:122,0
DA:123,0
DA:124,0
DA:130,0
DA:131,0
DA:132,0
DA:137,0
DA:139,0
DA:141,0
DA:142,0
DA:144,0
DA:145,0
DA:148,0
DA:149,0
DA:155,0
DA:158,0
DA:159,0
DA:160,0
DA:161,0
DA:162,0
DA:166,0
DA:171,0
DA:176,0
DA:177,0
DA:180,0
DA:184,0
DA:193,0
DA:194,0
DA:195,0
DA:197,0
DA:199,0
DA:204,0
DA:209,0
DA:210,0
DA:211,0
DA:213,0
DA:222,0
LF:70
LH:0
BRDA:10,0,0,0
BRDA:31,1,0,0
BRDA:55,2,0,0
BRDA:113,3,0,0
BRDA:113,4,0,0
BRDA:113,4,1,0
BRDA:120,5,0,0
BRDA:120,5,1,0
BRDA:120,5,2,0
BRDA:120,5,3,0
BRDA:131,6,0,0
BRDA:136,7,0,0
BRDA:139,8,0,0
BRDA:139,8,1,0
BRDA:139,8,2,0
BRDA:161,9,0,0
BRDA:189,10,0,0
BRDA:190,11,0,0
BRDA:191,12,0,0
BRDA:214,13,0,0
BRDA:214,13,1,0
BRDA:215,14,0,0
BRDA:215,14,1,0
BRDA:216,15,0,0
BRDA:216,15,1,0
BRF:25
BRH:0
end_of_record
